        -:    0:Source:C:/Users/aleks/CLionProjects/sem3_l1_ppois/Tests/Binary_tree_test.cpp
        -:    0:Graph:C:\Users\aleks\CLionProjects\sem3_l1_ppois\cmake-build-debug\Tests\CMakeFiles\Tests.dir\Binary_tree_test.cpp.gcno
        -:    0:Data:C:\Users\aleks\CLionProjects\sem3_l1_ppois\cmake-build-debug\Tests\CMakeFiles\Tests.dir\Binary_tree_test.cpp.gcda
        -:    0:Runs:1
        -:    1:#include <gtest/gtest.h>
        -:    2:#include <string>
        -:    3:#include <map>
        -:    4:#include "Binary_tree.h"
        -:    5:
        -:    6:using namespace std;
        -:    7:
        -:    8:class BinaryTreeTest : public ::testing::Test {
        -:    9:protected:
function _ZN14BinaryTreeTest5SetUpEv called 0 returned 0% blocks executed 0%
    #####:   10:    void SetUp() override {
        -:   11:
    #####:   12:        tree1.insert_helper(5, "five");
    %%%%%:   12-block  0
    %%%%%:   12-block  1
call    0 never executed
branch  1 never executed (fallthrough)
branch  2 never executed (throw)
    %%%%%:   12-block  2
call    3 never executed
branch  4 never executed (fallthrough)
branch  5 never executed (throw)
    %%%%%:   12-block  3
call    6 never executed
    $$$$$:   12-block  4
    $$$$$:   12-block  5
call    7 never executed
    $$$$$:   12-block  6
    $$$$$:   12-block  7
call    8 never executed
    #####:   13:        tree1.insert_helper(3, "three");
    %%%%%:   13-block  0
call    0 never executed
branch  1 never executed (fallthrough)
branch  2 never executed (throw)
    %%%%%:   13-block  1
call    3 never executed
branch  4 never executed (fallthrough)
branch  5 never executed (throw)
    %%%%%:   13-block  2
call    6 never executed
    $$$$$:   13-block  3
    $$$$$:   13-block  4
call    7 never executed
    $$$$$:   13-block  5
    $$$$$:   13-block  6
call    8 never executed
    #####:   14:        tree1.insert_helper(7, "seven");
    %%%%%:   14-block  0
call    0 never executed
branch  1 never executed (fallthrough)
branch  2 never executed (throw)
    %%%%%:   14-block  1
call    3 never executed
branch  4 never executed (fallthrough)
branch  5 never executed (throw)
    %%%%%:   14-block  2
call    6 never executed
    $$$$$:   14-block  3
    $$$$$:   14-block  4
call    7 never executed
    $$$$$:   14-block  5
    $$$$$:   14-block  6
call    8 never executed
        -:   15:
    #####:   16:        tree2.insert_helper(10, "ten");
    %%%%%:   16-block  0
call    0 never executed
branch  1 never executed (fallthrough)
branch  2 never executed (throw)
    %%%%%:   16-block  1
call    3 never executed
branch  4 never executed (fallthrough)
branch  5 never executed (throw)
    %%%%%:   16-block  2
call    6 never executed
    $$$$$:   16-block  3
    $$$$$:   16-block  4
call    7 never executed
    $$$$$:   16-block  5
    $$$$$:   16-block  6
call    8 never executed
    #####:   17:        tree2.insert_helper(5, "five");
    %%%%%:   17-block  0
call    0 never executed
branch  1 never executed (fallthrough)
branch  2 never executed (throw)
    %%%%%:   17-block  1
call    3 never executed
branch  4 never executed (fallthrough)
branch  5 never executed (throw)
    %%%%%:   17-block  2
call    6 never executed
    $$$$$:   17-block  3
    $$$$$:   17-block  4
call    7 never executed
    $$$$$:   17-block  5
    $$$$$:   17-block  6
call    8 never executed
    #####:   18:        tree2.insert_helper(15, "fifteen");
    %%%%%:   18-block  0
call    0 never executed
branch  1 never executed (fallthrough)
branch  2 never executed (throw)
    %%%%%:   18-block  1
call    3 never executed
branch  4 never executed (fallthrough)
branch  5 never executed (throw)
    %%%%%:   18-block  2
call    6 never executed
    $$$$$:   18-block  3
    $$$$$:   18-block  4
call    7 never executed
    $$$$$:   18-block  5
    #####:   19:    }
        -:   20:
function _ZN14BinaryTreeTest8TearDownEv called 0 returned 0% blocks executed 0%
    #####:   21:    void TearDown() override {
        -:   22:        // Очистка после тестов
    #####:   23:    }
        -:   24:
        -:   25:    binary_tree<int, string> empty_tree;
        -:   26:    binary_tree<int, string> tree1;
        -:   27:    binary_tree<int, string> tree2;
        -:   28:};
        -:   29:
    #####:   30:TEST_F(BinaryTreeTest, DefaultConstructor) {
    #####:   31:    EXPECT_TRUE(empty_tree.empty_tree());
    #####:   32:    EXPECT_EQ(empty_tree.get_size(), 0);
    #####:   33:    EXPECT_EQ(empty_tree.get_tree_root(), nullptr);
    #####:   34:}
------------------
_ZN38BinaryTreeTest_DefaultConstructor_TestC1Ev:
function _ZN38BinaryTreeTest_DefaultConstructor_TestC1Ev called 0 returned 0% blocks executed 0%
    #####:   30:TEST_F(BinaryTreeTest, DefaultConstructor) {
    %%%%%:   30-block  0
call    0 never executed
------------------
_ZN38BinaryTreeTest_DefaultConstructor_TestD0Ev:
function _ZN38BinaryTreeTest_DefaultConstructor_TestD0Ev called 0 returned 0% blocks executed 0%
    #####:   30:TEST_F(BinaryTreeTest, DefaultConstructor) {
    %%%%%:   30-block  0
call    0 never executed
call    1 never executed
------------------
_ZN38BinaryTreeTest_DefaultConstructor_TestD1Ev:
function _ZN38BinaryTreeTest_DefaultConstructor_TestD1Ev called 0 returned 0% blocks executed 0%
    #####:   30:TEST_F(BinaryTreeTest, DefaultConstructor) {
    %%%%%:   30-block  0
call    0 never executed
------------------
_ZN38BinaryTreeTest_DefaultConstructor_Test8TestBodyEv:
function _ZN38BinaryTreeTest_DefaultConstructor_Test8TestBodyEv called 0 returned 0% blocks executed 0%
    #####:   30:TEST_F(BinaryTreeTest, DefaultConstructor) {
    #####:   31:    EXPECT_TRUE(empty_tree.empty_tree());
    %%%%%:   31-block  0
call    0 never executed
branch  1 never executed (fallthrough)
branch  2 never executed (throw)
    %%%%%:   31-block  1
call    3 never executed
call    4 never executed
branch  5 never executed (fallthrough)
branch  6 never executed
    %%%%%:   31-block  2
call    7 never executed
branch  8 never executed (fallthrough)
branch  9 never executed (throw)
    %%%%%:   31-block  3
call   10 never executed
branch 11 never executed (fallthrough)
branch 12 never executed (throw)
    %%%%%:   31-block  4
call   13 never executed
call   14 never executed
branch 15 never executed (fallthrough)
branch 16 never executed (throw)
    %%%%%:   31-block  5
call   17 never executed
branch 18 never executed (fallthrough)
branch 19 never executed (throw)
    %%%%%:   31-block  6
call   20 never executed
call   21 never executed
call   22 never executed
    %%%%%:   31-block  7
call   23 never executed
    $$$$$:   31-block  8
    $$$$$:   31-block  9
call   24 never executed
    $$$$$:   31-block 10
call   25 never executed
    $$$$$:   31-block 11
    $$$$$:   31-block 12
    $$$$$:   31-block 13
call   26 never executed
    $$$$$:   31-block 14
    $$$$$:   31-block 15
call   27 never executed
    #####:   32:    EXPECT_EQ(empty_tree.get_size(), 0);
call    0 never executed
branch  1 never executed (fallthrough)
branch  2 never executed (throw)
    %%%%%:   32-block  0
call    3 never executed
branch  4 never executed (fallthrough)
branch  5 never executed (throw)
    %%%%%:   32-block  1
call    6 never executed
branch  7 never executed (fallthrough)
branch  8 never executed
    %%%%%:   32-block  2
call    9 never executed
branch 10 never executed (fallthrough)
branch 11 never executed (throw)
    %%%%%:   32-block  3
call   12 never executed
call   13 never executed
branch 14 never executed (fallthrough)
branch 15 never executed (throw)
    %%%%%:   32-block  4
call   16 never executed
branch 17 never executed (fallthrough)
branch 18 never executed (throw)
    %%%%%:   32-block  5
call   19 never executed
call   20 never executed
    %%%%%:   32-block  6
call   21 never executed
    $$$$$:   32-block  7
    $$$$$:   32-block  8
    $$$$$:   32-block  9
call   22 never executed
    $$$$$:   32-block 10
    $$$$$:   32-block 11
call   23 never executed
    $$$$$:   32-block 12
    $$$$$:   32-block 13
call   24 never executed
    #####:   33:    EXPECT_EQ(empty_tree.get_tree_root(), nullptr);
call    0 never executed
call    1 never executed
branch  2 never executed (fallthrough)
branch  3 never executed (throw)
    %%%%%:   33-block  0
call    4 never executed
branch  5 never executed (fallthrough)
branch  6 never executed
    %%%%%:   33-block  1
call    7 never executed
branch  8 never executed (fallthrough)
branch  9 never executed (throw)
    %%%%%:   33-block  2
call   10 never executed
call   11 never executed
branch 12 never executed (fallthrough)
branch 13 never executed (throw)
    %%%%%:   33-block  3
call   14 never executed
branch 15 never executed (fallthrough)
branch 16 never executed (throw)
    %%%%%:   33-block  4
call   17 never executed
call   18 never executed
    %%%%%:   33-block  5
call   19 never executed
    $$$$$:   33-block  6
    $$$$$:   33-block  7
    $$$$$:   33-block  8
call   20 never executed
    $$$$$:   33-block  9
    $$$$$:   33-block 10
call   21 never executed
    $$$$$:   33-block 11
    $$$$$:   33-block 12
call   22 never executed
    #####:   34:}
------------------
        -:   35:
    #####:   36:TEST_F(BinaryTreeTest, CopyConstructor) {
    #####:   37:    binary_tree<int, string> copied_tree(tree1);
        -:   38:
    #####:   39:    EXPECT_FALSE(copied_tree.empty_tree());
    #####:   40:    EXPECT_EQ(copied_tree.get_size(), tree1.get_size());
    #####:   41:    EXPECT_TRUE(copied_tree == tree1);
    #####:   42:}
------------------
_ZN35BinaryTreeTest_CopyConstructor_TestC1Ev:
function _ZN35BinaryTreeTest_CopyConstructor_TestC1Ev called 0 returned 0% blocks executed 0%
    #####:   36:TEST_F(BinaryTreeTest, CopyConstructor) {
    %%%%%:   36-block  0
call    0 never executed
------------------
_ZN35BinaryTreeTest_CopyConstructor_TestD0Ev:
function _ZN35BinaryTreeTest_CopyConstructor_TestD0Ev called 0 returned 0% blocks executed 0%
    #####:   36:TEST_F(BinaryTreeTest, CopyConstructor) {
    %%%%%:   36-block  0
call    0 never executed
call    1 never executed
------------------
_ZN35BinaryTreeTest_CopyConstructor_TestD1Ev:
function _ZN35BinaryTreeTest_CopyConstructor_TestD1Ev called 0 returned 0% blocks executed 0%
    #####:   36:TEST_F(BinaryTreeTest, CopyConstructor) {
    %%%%%:   36-block  0
call    0 never executed
------------------
_ZN35BinaryTreeTest_CopyConstructor_Test8TestBodyEv:
function _ZN35BinaryTreeTest_CopyConstructor_Test8TestBodyEv called 0 returned 0% blocks executed 0%
    #####:   36:TEST_F(BinaryTreeTest, CopyConstructor) {
    #####:   37:    binary_tree<int, string> copied_tree(tree1);
    %%%%%:   37-block  0
call    0 never executed
branch  1 never executed (fallthrough)
branch  2 never executed (throw)
        -:   38:
    #####:   39:    EXPECT_FALSE(copied_tree.empty_tree());
    %%%%%:   39-block  0
call    0 never executed
branch  1 never executed (fallthrough)
branch  2 never executed (throw)
    %%%%%:   39-block  1
call    3 never executed
call    4 never executed
branch  5 never executed (fallthrough)
branch  6 never executed
    %%%%%:   39-block  2
call    7 never executed
branch  8 never executed (fallthrough)
branch  9 never executed (throw)
    %%%%%:   39-block  3
call   10 never executed
branch 11 never executed (fallthrough)
branch 12 never executed (throw)
    %%%%%:   39-block  4
call   13 never executed
call   14 never executed
branch 15 never executed (fallthrough)
branch 16 never executed (throw)
    %%%%%:   39-block  5
call   17 never executed
branch 18 never executed (fallthrough)
branch 19 never executed (throw)
    %%%%%:   39-block  6
call   20 never executed
call   21 never executed
call   22 never executed
    %%%%%:   39-block  7
call   23 never executed
    $$$$$:   39-block  8
    $$$$$:   39-block  9
call   24 never executed
    $$$$$:   39-block 10
call   25 never executed
    $$$$$:   39-block 11
    $$$$$:   39-block 12
    $$$$$:   39-block 13
call   26 never executed
    $$$$$:   39-block 14
    $$$$$:   39-block 15
call   27 never executed
    #####:   40:    EXPECT_EQ(copied_tree.get_size(), tree1.get_size());
call    0 never executed
branch  1 never executed (fallthrough)
branch  2 never executed (throw)
    %%%%%:   40-block  0
call    3 never executed
branch  4 never executed (fallthrough)
branch  5 never executed (throw)
    %%%%%:   40-block  1
call    6 never executed
branch  7 never executed (fallthrough)
branch  8 never executed (throw)
    %%%%%:   40-block  2
call    9 never executed
branch 10 never executed (fallthrough)
branch 11 never executed
    %%%%%:   40-block  3
call   12 never executed
branch 13 never executed (fallthrough)
branch 14 never executed (throw)
    %%%%%:   40-block  4
call   15 never executed
call   16 never executed
branch 17 never executed (fallthrough)
branch 18 never executed (throw)
    %%%%%:   40-block  5
call   19 never executed
branch 20 never executed (fallthrough)
branch 21 never executed (throw)
    %%%%%:   40-block  6
call   22 never executed
call   23 never executed
    %%%%%:   40-block  7
call   24 never executed
    $$$$$:   40-block  8
    $$$$$:   40-block  9
    $$$$$:   40-block 10
call   25 never executed
    $$$$$:   40-block 11
    $$$$$:   40-block 12
call   26 never executed
    $$$$$:   40-block 13
    $$$$$:   40-block 14
call   27 never executed
    #####:   41:    EXPECT_TRUE(copied_tree == tree1);
call    0 never executed
branch  1 never executed (fallthrough)
branch  2 never executed (throw)
    %%%%%:   41-block  0
call    3 never executed
call    4 never executed
branch  5 never executed (fallthrough)
branch  6 never executed
    %%%%%:   41-block  1
call    7 never executed
branch  8 never executed (fallthrough)
branch  9 never executed (throw)
    %%%%%:   41-block  2
call   10 never executed
branch 11 never executed (fallthrough)
branch 12 never executed (throw)
    %%%%%:   41-block  3
call   13 never executed
call   14 never executed
branch 15 never executed (fallthrough)
branch 16 never executed (throw)
    %%%%%:   41-block  4
call   17 never executed
branch 18 never executed (fallthrough)
branch 19 never executed (throw)
    %%%%%:   41-block  5
call   20 never executed
call   21 never executed
call   22 never executed
    %%%%%:   41-block  6
call   23 never executed
    $$$$$:   41-block  7
    $$$$$:   41-block  8
call   24 never executed
    $$$$$:   41-block  9
call   25 never executed
    $$$$$:   41-block 10
    $$$$$:   41-block 11
    $$$$$:   41-block 12
call   26 never executed
    $$$$$:   41-block 13
    $$$$$:   41-block 14
call   27 never executed
    #####:   42:}
call    0 never executed
    $$$$$:   42-block  0
call    1 never executed
------------------
        -:   43:
    #####:   44:TEST_F(BinaryTreeTest, CopyConstructorEmpty) {
    #####:   45:    binary_tree<int, string> copied_tree(empty_tree);
        -:   46:
    #####:   47:    EXPECT_TRUE(copied_tree.empty_tree());
    #####:   48:    EXPECT_EQ(copied_tree.get_size(), 0);
    #####:   49:}
------------------
_ZN40BinaryTreeTest_CopyConstructorEmpty_TestC1Ev:
function _ZN40BinaryTreeTest_CopyConstructorEmpty_TestC1Ev called 0 returned 0% blocks executed 0%
    #####:   44:TEST_F(BinaryTreeTest, CopyConstructorEmpty) {
    %%%%%:   44-block  0
call    0 never executed
------------------
_ZN40BinaryTreeTest_CopyConstructorEmpty_TestD0Ev:
function _ZN40BinaryTreeTest_CopyConstructorEmpty_TestD0Ev called 0 returned 0% blocks executed 0%
    #####:   44:TEST_F(BinaryTreeTest, CopyConstructorEmpty) {
    %%%%%:   44-block  0
call    0 never executed
call    1 never executed
------------------
_ZN40BinaryTreeTest_CopyConstructorEmpty_TestD1Ev:
function _ZN40BinaryTreeTest_CopyConstructorEmpty_TestD1Ev called 0 returned 0% blocks executed 0%
    #####:   44:TEST_F(BinaryTreeTest, CopyConstructorEmpty) {
    %%%%%:   44-block  0
call    0 never executed
------------------
_ZN40BinaryTreeTest_CopyConstructorEmpty_Test8TestBodyEv:
function _ZN40BinaryTreeTest_CopyConstructorEmpty_Test8TestBodyEv called 0 returned 0% blocks executed 0%
    #####:   44:TEST_F(BinaryTreeTest, CopyConstructorEmpty) {
    #####:   45:    binary_tree<int, string> copied_tree(empty_tree);
    %%%%%:   45-block  0
call    0 never executed
branch  1 never executed (fallthrough)
branch  2 never executed (throw)
        -:   46:
    #####:   47:    EXPECT_TRUE(copied_tree.empty_tree());
    %%%%%:   47-block  0
call    0 never executed
branch  1 never executed (fallthrough)
branch  2 never executed (throw)
    %%%%%:   47-block  1
call    3 never executed
call    4 never executed
branch  5 never executed (fallthrough)
branch  6 never executed
    %%%%%:   47-block  2
call    7 never executed
branch  8 never executed (fallthrough)
branch  9 never executed (throw)
    %%%%%:   47-block  3
call   10 never executed
branch 11 never executed (fallthrough)
branch 12 never executed (throw)
    %%%%%:   47-block  4
call   13 never executed
call   14 never executed
branch 15 never executed (fallthrough)
branch 16 never executed (throw)
    %%%%%:   47-block  5
call   17 never executed
branch 18 never executed (fallthrough)
branch 19 never executed (throw)
    %%%%%:   47-block  6
call   20 never executed
call   21 never executed
call   22 never executed
    %%%%%:   47-block  7
call   23 never executed
    $$$$$:   47-block  8
    $$$$$:   47-block  9
call   24 never executed
    $$$$$:   47-block 10
call   25 never executed
    $$$$$:   47-block 11
    $$$$$:   47-block 12
    $$$$$:   47-block 13
call   26 never executed
    $$$$$:   47-block 14
    $$$$$:   47-block 15
call   27 never executed
    #####:   48:    EXPECT_EQ(copied_tree.get_size(), 0);
call    0 never executed
branch  1 never executed (fallthrough)
branch  2 never executed (throw)
    %%%%%:   48-block  0
call    3 never executed
branch  4 never executed (fallthrough)
branch  5 never executed (throw)
    %%%%%:   48-block  1
call    6 never executed
branch  7 never executed (fallthrough)
branch  8 never executed
    %%%%%:   48-block  2
call    9 never executed
branch 10 never executed (fallthrough)
branch 11 never executed (throw)
    %%%%%:   48-block  3
call   12 never executed
call   13 never executed
branch 14 never executed (fallthrough)
branch 15 never executed (throw)
    %%%%%:   48-block  4
call   16 never executed
branch 17 never executed (fallthrough)
branch 18 never executed (throw)
    %%%%%:   48-block  5
call   19 never executed
call   20 never executed
    %%%%%:   48-block  6
call   21 never executed
    $$$$$:   48-block  7
    $$$$$:   48-block  8
    $$$$$:   48-block  9
call   22 never executed
    $$$$$:   48-block 10
    $$$$$:   48-block 11
call   23 never executed
    $$$$$:   48-block 12
    $$$$$:   48-block 13
call   24 never executed
    #####:   49:}
call    0 never executed
    $$$$$:   49-block  0
call    1 never executed
------------------
        -:   50:
    #####:   51:TEST_F(BinaryTreeTest, AssignmentOperator) {
    #####:   52:    binary_tree<int, string> assigned_tree;
    #####:   53:    assigned_tree = tree1;
        -:   54:
    #####:   55:    EXPECT_FALSE(assigned_tree.empty_tree());
    #####:   56:    EXPECT_EQ(assigned_tree.get_size(), tree1.get_size());
    #####:   57:    EXPECT_TRUE(assigned_tree == tree1);
    #####:   58:}
------------------
_ZN38BinaryTreeTest_AssignmentOperator_TestC1Ev:
function _ZN38BinaryTreeTest_AssignmentOperator_TestC1Ev called 0 returned 0% blocks executed 0%
    #####:   51:TEST_F(BinaryTreeTest, AssignmentOperator) {
    %%%%%:   51-block  0
call    0 never executed
------------------
_ZN38BinaryTreeTest_AssignmentOperator_TestD0Ev:
function _ZN38BinaryTreeTest_AssignmentOperator_TestD0Ev called 0 returned 0% blocks executed 0%
    #####:   51:TEST_F(BinaryTreeTest, AssignmentOperator) {
    %%%%%:   51-block  0
call    0 never executed
call    1 never executed
------------------
_ZN38BinaryTreeTest_AssignmentOperator_TestD1Ev:
function _ZN38BinaryTreeTest_AssignmentOperator_TestD1Ev called 0 returned 0% blocks executed 0%
    #####:   51:TEST_F(BinaryTreeTest, AssignmentOperator) {
    %%%%%:   51-block  0
call    0 never executed
------------------
_ZN38BinaryTreeTest_AssignmentOperator_Test8TestBodyEv:
function _ZN38BinaryTreeTest_AssignmentOperator_Test8TestBodyEv called 0 returned 0% blocks executed 0%
    #####:   51:TEST_F(BinaryTreeTest, AssignmentOperator) {
    #####:   52:    binary_tree<int, string> assigned_tree;
    %%%%%:   52-block  0
call    0 never executed
    #####:   53:    assigned_tree = tree1;
call    0 never executed
branch  1 never executed (fallthrough)
branch  2 never executed (throw)
        -:   54:
    #####:   55:    EXPECT_FALSE(assigned_tree.empty_tree());
    %%%%%:   55-block  0
call    0 never executed
branch  1 never executed (fallthrough)
branch  2 never executed (throw)
    %%%%%:   55-block  1
call    3 never executed
call    4 never executed
branch  5 never executed (fallthrough)
branch  6 never executed
    %%%%%:   55-block  2
call    7 never executed
branch  8 never executed (fallthrough)
branch  9 never executed (throw)
    %%%%%:   55-block  3
call   10 never executed
branch 11 never executed (fallthrough)
branch 12 never executed (throw)
    %%%%%:   55-block  4
call   13 never executed
call   14 never executed
branch 15 never executed (fallthrough)
branch 16 never executed (throw)
    %%%%%:   55-block  5
call   17 never executed
branch 18 never executed (fallthrough)
branch 19 never executed (throw)
    %%%%%:   55-block  6
call   20 never executed
call   21 never executed
call   22 never executed
    %%%%%:   55-block  7
call   23 never executed
    $$$$$:   55-block  8
    $$$$$:   55-block  9
call   24 never executed
    $$$$$:   55-block 10
call   25 never executed
    $$$$$:   55-block 11
    $$$$$:   55-block 12
    $$$$$:   55-block 13
call   26 never executed
    $$$$$:   55-block 14
    $$$$$:   55-block 15
call   27 never executed
    #####:   56:    EXPECT_EQ(assigned_tree.get_size(), tree1.get_size());
call    0 never executed
branch  1 never executed (fallthrough)
branch  2 never executed (throw)
    %%%%%:   56-block  0
call    3 never executed
branch  4 never executed (fallthrough)
branch  5 never executed (throw)
    %%%%%:   56-block  1
call    6 never executed
branch  7 never executed (fallthrough)
branch  8 never executed (throw)
    %%%%%:   56-block  2
call    9 never executed
branch 10 never executed (fallthrough)
branch 11 never executed
    %%%%%:   56-block  3
call   12 never executed
branch 13 never executed (fallthrough)
branch 14 never executed (throw)
    %%%%%:   56-block  4
call   15 never executed
call   16 never executed
branch 17 never executed (fallthrough)
branch 18 never executed (throw)
    %%%%%:   56-block  5
call   19 never executed
branch 20 never executed (fallthrough)
branch 21 never executed (throw)
    %%%%%:   56-block  6
call   22 never executed
call   23 never executed
    %%%%%:   56-block  7
call   24 never executed
    $$$$$:   56-block  8
    $$$$$:   56-block  9
    $$$$$:   56-block 10
call   25 never executed
    $$$$$:   56-block 11
    $$$$$:   56-block 12
call   26 never executed
    $$$$$:   56-block 13
    $$$$$:   56-block 14
call   27 never executed
    #####:   57:    EXPECT_TRUE(assigned_tree == tree1);
call    0 never executed
branch  1 never executed (fallthrough)
branch  2 never executed (throw)
    %%%%%:   57-block  0
call    3 never executed
call    4 never executed
branch  5 never executed (fallthrough)
branch  6 never executed
    %%%%%:   57-block  1
call    7 never executed
branch  8 never executed (fallthrough)
branch  9 never executed (throw)
    %%%%%:   57-block  2
call   10 never executed
branch 11 never executed (fallthrough)
branch 12 never executed (throw)
    %%%%%:   57-block  3
call   13 never executed
call   14 never executed
branch 15 never executed (fallthrough)
branch 16 never executed (throw)
    %%%%%:   57-block  4
call   17 never executed
branch 18 never executed (fallthrough)
branch 19 never executed (throw)
    %%%%%:   57-block  5
call   20 never executed
call   21 never executed
call   22 never executed
    %%%%%:   57-block  6
call   23 never executed
    $$$$$:   57-block  7
    $$$$$:   57-block  8
call   24 never executed
    $$$$$:   57-block  9
call   25 never executed
    $$$$$:   57-block 10
    $$$$$:   57-block 11
    $$$$$:   57-block 12
call   26 never executed
    $$$$$:   57-block 13
    $$$$$:   57-block 14
call   27 never executed
    #####:   58:}
call    0 never executed
    $$$$$:   58-block  0
call    1 never executed
------------------
        -:   59:
    #####:   60:TEST_F(BinaryTreeTest, SelfAssignment) {
    #####:   61:    tree1 = tree1;
        -:   62:
    #####:   63:    EXPECT_FALSE(tree1.empty_tree());
    #####:   64:    EXPECT_EQ(tree1.get_size(), 3);
    #####:   65:}
------------------
_ZN34BinaryTreeTest_SelfAssignment_TestC1Ev:
function _ZN34BinaryTreeTest_SelfAssignment_TestC1Ev called 0 returned 0% blocks executed 0%
    #####:   60:TEST_F(BinaryTreeTest, SelfAssignment) {
    %%%%%:   60-block  0
call    0 never executed
------------------
_ZN34BinaryTreeTest_SelfAssignment_TestD0Ev:
function _ZN34BinaryTreeTest_SelfAssignment_TestD0Ev called 0 returned 0% blocks executed 0%
    #####:   60:TEST_F(BinaryTreeTest, SelfAssignment) {
    %%%%%:   60-block  0
call    0 never executed
call    1 never executed
------------------
_ZN34BinaryTreeTest_SelfAssignment_TestD1Ev:
function _ZN34BinaryTreeTest_SelfAssignment_TestD1Ev called 0 returned 0% blocks executed 0%
    #####:   60:TEST_F(BinaryTreeTest, SelfAssignment) {
    %%%%%:   60-block  0
call    0 never executed
------------------
_ZN34BinaryTreeTest_SelfAssignment_Test8TestBodyEv:
function _ZN34BinaryTreeTest_SelfAssignment_Test8TestBodyEv called 0 returned 0% blocks executed 0%
    #####:   60:TEST_F(BinaryTreeTest, SelfAssignment) {
    #####:   61:    tree1 = tree1;
    %%%%%:   61-block  0
call    0 never executed
        -:   62:
    #####:   63:    EXPECT_FALSE(tree1.empty_tree());
call    0 never executed
branch  1 never executed (fallthrough)
branch  2 never executed (throw)
    %%%%%:   63-block  0
call    3 never executed
call    4 never executed
branch  5 never executed (fallthrough)
branch  6 never executed
    %%%%%:   63-block  1
call    7 never executed
branch  8 never executed (fallthrough)
branch  9 never executed (throw)
    %%%%%:   63-block  2
call   10 never executed
branch 11 never executed (fallthrough)
branch 12 never executed (throw)
    %%%%%:   63-block  3
call   13 never executed
call   14 never executed
branch 15 never executed (fallthrough)
branch 16 never executed (throw)
    %%%%%:   63-block  4
call   17 never executed
branch 18 never executed (fallthrough)
branch 19 never executed (throw)
    %%%%%:   63-block  5
call   20 never executed
call   21 never executed
call   22 never executed
    %%%%%:   63-block  6
call   23 never executed
    $$$$$:   63-block  7
    $$$$$:   63-block  8
call   24 never executed
    $$$$$:   63-block  9
call   25 never executed
    $$$$$:   63-block 10
    $$$$$:   63-block 11
    $$$$$:   63-block 12
call   26 never executed
    $$$$$:   63-block 13
    $$$$$:   63-block 14
call   27 never executed
    #####:   64:    EXPECT_EQ(tree1.get_size(), 3);
call    0 never executed
branch  1 never executed (fallthrough)
branch  2 never executed (throw)
    %%%%%:   64-block  0
call    3 never executed
branch  4 never executed (fallthrough)
branch  5 never executed (throw)
    %%%%%:   64-block  1
call    6 never executed
branch  7 never executed (fallthrough)
branch  8 never executed
    %%%%%:   64-block  2
call    9 never executed
branch 10 never executed (fallthrough)
branch 11 never executed (throw)
    %%%%%:   64-block  3
call   12 never executed
call   13 never executed
branch 14 never executed (fallthrough)
branch 15 never executed (throw)
    %%%%%:   64-block  4
call   16 never executed
branch 17 never executed (fallthrough)
branch 18 never executed (throw)
    %%%%%:   64-block  5
call   19 never executed
call   20 never executed
    %%%%%:   64-block  6
call   21 never executed
    $$$$$:   64-block  7
    $$$$$:   64-block  8
    $$$$$:   64-block  9
call   22 never executed
    $$$$$:   64-block 10
    $$$$$:   64-block 11
call   23 never executed
    $$$$$:   64-block 12
    $$$$$:   64-block 13
call   24 never executed
    #####:   65:}
------------------
        -:   66:
    #####:   67:TEST_F(BinaryTreeTest, AssignmentOperatorEmpty) {
    #####:   68:    binary_tree<int, string> assigned_tree;
    #####:   69:    assigned_tree = empty_tree;
        -:   70:
    #####:   71:    EXPECT_TRUE(assigned_tree.empty_tree());
    #####:   72:    EXPECT_EQ(assigned_tree.get_size(), 0);
    #####:   73:}
------------------
_ZN43BinaryTreeTest_AssignmentOperatorEmpty_TestC1Ev:
function _ZN43BinaryTreeTest_AssignmentOperatorEmpty_TestC1Ev called 0 returned 0% blocks executed 0%
    #####:   67:TEST_F(BinaryTreeTest, AssignmentOperatorEmpty) {
    %%%%%:   67-block  0
call    0 never executed
------------------
_ZN43BinaryTreeTest_AssignmentOperatorEmpty_TestD0Ev:
function _ZN43BinaryTreeTest_AssignmentOperatorEmpty_TestD0Ev called 0 returned 0% blocks executed 0%
    #####:   67:TEST_F(BinaryTreeTest, AssignmentOperatorEmpty) {
    %%%%%:   67-block  0
call    0 never executed
call    1 never executed
------------------
_ZN43BinaryTreeTest_AssignmentOperatorEmpty_TestD1Ev:
function _ZN43BinaryTreeTest_AssignmentOperatorEmpty_TestD1Ev called 0 returned 0% blocks executed 0%
    #####:   67:TEST_F(BinaryTreeTest, AssignmentOperatorEmpty) {
    %%%%%:   67-block  0
call    0 never executed
------------------
_ZN43BinaryTreeTest_AssignmentOperatorEmpty_Test8TestBodyEv:
function _ZN43BinaryTreeTest_AssignmentOperatorEmpty_Test8TestBodyEv called 0 returned 0% blocks executed 0%
    #####:   67:TEST_F(BinaryTreeTest, AssignmentOperatorEmpty) {
    #####:   68:    binary_tree<int, string> assigned_tree;
    %%%%%:   68-block  0
call    0 never executed
    #####:   69:    assigned_tree = empty_tree;
call    0 never executed
branch  1 never executed (fallthrough)
branch  2 never executed (throw)
        -:   70:
    #####:   71:    EXPECT_TRUE(assigned_tree.empty_tree());
    %%%%%:   71-block  0
call    0 never executed
branch  1 never executed (fallthrough)
branch  2 never executed (throw)
    %%%%%:   71-block  1
call    3 never executed
call    4 never executed
branch  5 never executed (fallthrough)
branch  6 never executed
    %%%%%:   71-block  2
call    7 never executed
branch  8 never executed (fallthrough)
branch  9 never executed (throw)
    %%%%%:   71-block  3
call   10 never executed
branch 11 never executed (fallthrough)
branch 12 never executed (throw)
    %%%%%:   71-block  4
call   13 never executed
call   14 never executed
branch 15 never executed (fallthrough)
branch 16 never executed (throw)
    %%%%%:   71-block  5
call   17 never executed
branch 18 never executed (fallthrough)
branch 19 never executed (throw)
    %%%%%:   71-block  6
call   20 never executed
call   21 never executed
call   22 never executed
    %%%%%:   71-block  7
call   23 never executed
    $$$$$:   71-block  8
    $$$$$:   71-block  9
call   24 never executed
    $$$$$:   71-block 10
call   25 never executed
    $$$$$:   71-block 11
    $$$$$:   71-block 12
    $$$$$:   71-block 13
call   26 never executed
    $$$$$:   71-block 14
    $$$$$:   71-block 15
call   27 never executed
    #####:   72:    EXPECT_EQ(assigned_tree.get_size(), 0);
call    0 never executed
branch  1 never executed (fallthrough)
branch  2 never executed (throw)
    %%%%%:   72-block  0
call    3 never executed
branch  4 never executed (fallthrough)
branch  5 never executed (throw)
    %%%%%:   72-block  1
call    6 never executed
branch  7 never executed (fallthrough)
branch  8 never executed
    %%%%%:   72-block  2
call    9 never executed
branch 10 never executed (fallthrough)
branch 11 never executed (throw)
    %%%%%:   72-block  3
call   12 never executed
call   13 never executed
branch 14 never executed (fallthrough)
branch 15 never executed (throw)
    %%%%%:   72-block  4
call   16 never executed
branch 17 never executed (fallthrough)
branch 18 never executed (throw)
    %%%%%:   72-block  5
call   19 never executed
call   20 never executed
    %%%%%:   72-block  6
call   21 never executed
    $$$$$:   72-block  7
    $$$$$:   72-block  8
    $$$$$:   72-block  9
call   22 never executed
    $$$$$:   72-block 10
    $$$$$:   72-block 11
call   23 never executed
    $$$$$:   72-block 12
    $$$$$:   72-block 13
call   24 never executed
    #####:   73:}
call    0 never executed
    $$$$$:   73-block  0
call    1 never executed
------------------
        -:   74:
    #####:   75:TEST_F(BinaryTreeTest, InsertNewElement) {
    #####:   76:    EXPECT_TRUE(empty_tree.insert_helper(1, "one"));
    #####:   77:    EXPECT_FALSE(empty_tree.empty_tree());
    #####:   78:    EXPECT_EQ(empty_tree.get_size(), 1);
    #####:   79:    EXPECT_TRUE(empty_tree.contains_node(1));
    #####:   80:}
------------------
_ZN36BinaryTreeTest_InsertNewElement_TestC1Ev:
function _ZN36BinaryTreeTest_InsertNewElement_TestC1Ev called 0 returned 0% blocks executed 0%
    #####:   75:TEST_F(BinaryTreeTest, InsertNewElement) {
    %%%%%:   75-block  0
call    0 never executed
------------------
_ZN36BinaryTreeTest_InsertNewElement_TestD0Ev:
function _ZN36BinaryTreeTest_InsertNewElement_TestD0Ev called 0 returned 0% blocks executed 0%
    #####:   75:TEST_F(BinaryTreeTest, InsertNewElement) {
    %%%%%:   75-block  0
call    0 never executed
call    1 never executed
------------------
_ZN36BinaryTreeTest_InsertNewElement_TestD1Ev:
function _ZN36BinaryTreeTest_InsertNewElement_TestD1Ev called 0 returned 0% blocks executed 0%
    #####:   75:TEST_F(BinaryTreeTest, InsertNewElement) {
    %%%%%:   75-block  0
call    0 never executed
------------------
_ZN36BinaryTreeTest_InsertNewElement_Test8TestBodyEv:
function _ZN36BinaryTreeTest_InsertNewElement_Test8TestBodyEv called 0 returned 0% blocks executed 0%
    #####:   75:TEST_F(BinaryTreeTest, InsertNewElement) {
    #####:   76:    EXPECT_TRUE(empty_tree.insert_helper(1, "one"));
    %%%%%:   76-block  0
    %%%%%:   76-block  1
call    0 never executed
branch  1 never executed (fallthrough)
branch  2 never executed (throw)
    %%%%%:   76-block  2
call    3 never executed
branch  4 never executed (fallthrough)
branch  5 never executed (throw)
    %%%%%:   76-block  3
call    6 never executed
call    7 never executed
call    8 never executed
branch  9 never executed (fallthrough)
branch 10 never executed
    %%%%%:   76-block  4
call   11 never executed
branch 12 never executed (fallthrough)
branch 13 never executed (throw)
    %%%%%:   76-block  5
call   14 never executed
branch 15 never executed (fallthrough)
branch 16 never executed (throw)
    %%%%%:   76-block  6
call   17 never executed
call   18 never executed
branch 19 never executed (fallthrough)
branch 20 never executed (throw)
    %%%%%:   76-block  7
call   21 never executed
branch 22 never executed (fallthrough)
branch 23 never executed (throw)
    %%%%%:   76-block  8
call   24 never executed
call   25 never executed
call   26 never executed
    %%%%%:   76-block  9
call   27 never executed
    $$$$$:   76-block 10
    $$$$$:   76-block 11
call   28 never executed
    $$$$$:   76-block 12
    $$$$$:   76-block 13
    $$$$$:   76-block 14
    $$$$$:   76-block 15
call   29 never executed
    $$$$$:   76-block 16
call   30 never executed
    $$$$$:   76-block 17
    $$$$$:   76-block 18
    $$$$$:   76-block 19
call   31 never executed
    $$$$$:   76-block 20
    $$$$$:   76-block 21
call   32 never executed
    #####:   77:    EXPECT_FALSE(empty_tree.empty_tree());
call    0 never executed
branch  1 never executed (fallthrough)
branch  2 never executed (throw)
    %%%%%:   77-block  0
call    3 never executed
call    4 never executed
branch  5 never executed (fallthrough)
branch  6 never executed
    %%%%%:   77-block  1
call    7 never executed
branch  8 never executed (fallthrough)
branch  9 never executed (throw)
    %%%%%:   77-block  2
call   10 never executed
branch 11 never executed (fallthrough)
branch 12 never executed (throw)
    %%%%%:   77-block  3
call   13 never executed
call   14 never executed
branch 15 never executed (fallthrough)
branch 16 never executed (throw)
    %%%%%:   77-block  4
call   17 never executed
branch 18 never executed (fallthrough)
branch 19 never executed (throw)
    %%%%%:   77-block  5
call   20 never executed
call   21 never executed
call   22 never executed
    %%%%%:   77-block  6
call   23 never executed
    $$$$$:   77-block  7
    $$$$$:   77-block  8
call   24 never executed
    $$$$$:   77-block  9
call   25 never executed
    $$$$$:   77-block 10
    $$$$$:   77-block 11
    $$$$$:   77-block 12
call   26 never executed
    $$$$$:   77-block 13
    $$$$$:   77-block 14
call   27 never executed
    #####:   78:    EXPECT_EQ(empty_tree.get_size(), 1);
call    0 never executed
branch  1 never executed (fallthrough)
branch  2 never executed (throw)
    %%%%%:   78-block  0
call    3 never executed
branch  4 never executed (fallthrough)
branch  5 never executed (throw)
    %%%%%:   78-block  1
call    6 never executed
branch  7 never executed (fallthrough)
branch  8 never executed
    %%%%%:   78-block  2
call    9 never executed
branch 10 never executed (fallthrough)
branch 11 never executed (throw)
    %%%%%:   78-block  3
call   12 never executed
call   13 never executed
branch 14 never executed (fallthrough)
branch 15 never executed (throw)
    %%%%%:   78-block  4
call   16 never executed
branch 17 never executed (fallthrough)
branch 18 never executed (throw)
    %%%%%:   78-block  5
call   19 never executed
call   20 never executed
    %%%%%:   78-block  6
call   21 never executed
    $$$$$:   78-block  7
    $$$$$:   78-block  8
    $$$$$:   78-block  9
call   22 never executed
    $$$$$:   78-block 10
    $$$$$:   78-block 11
call   23 never executed
    $$$$$:   78-block 12
    $$$$$:   78-block 13
call   24 never executed
    #####:   79:    EXPECT_TRUE(empty_tree.contains_node(1));
call    0 never executed
branch  1 never executed (fallthrough)
branch  2 never executed (throw)
    %%%%%:   79-block  0
call    3 never executed
call    4 never executed
branch  5 never executed (fallthrough)
branch  6 never executed
    %%%%%:   79-block  1
call    7 never executed
branch  8 never executed (fallthrough)
branch  9 never executed (throw)
    %%%%%:   79-block  2
call   10 never executed
branch 11 never executed (fallthrough)
branch 12 never executed (throw)
    %%%%%:   79-block  3
call   13 never executed
call   14 never executed
branch 15 never executed (fallthrough)
branch 16 never executed (throw)
    %%%%%:   79-block  4
call   17 never executed
branch 18 never executed (fallthrough)
branch 19 never executed (throw)
    %%%%%:   79-block  5
call   20 never executed
call   21 never executed
call   22 never executed
    %%%%%:   79-block  6
call   23 never executed
    $$$$$:   79-block  7
    $$$$$:   79-block  8
    $$$$$:   79-block  9
call   24 never executed
    $$$$$:   79-block 10
call   25 never executed
    $$$$$:   79-block 11
    $$$$$:   79-block 12
    $$$$$:   79-block 13
call   26 never executed
    $$$$$:   79-block 14
    $$$$$:   79-block 15
call   27 never executed
    #####:   80:}
------------------
        -:   81:
    #####:   82:TEST_F(BinaryTreeTest, InsertDuplicateElement) {
    #####:   83:    EXPECT_TRUE(tree1.insert_helper(10, "ten"));
    #####:   84:    EXPECT_FALSE(tree1.insert_helper(10, "ten_duplicate")); // Дубликат не должен вставиться
    #####:   85:    EXPECT_EQ(tree1.get_size(), 4); // Размер должен остаться 4 (3 исходных + 1 новый)
    #####:   86:}
------------------
_ZN42BinaryTreeTest_InsertDuplicateElement_TestC1Ev:
function _ZN42BinaryTreeTest_InsertDuplicateElement_TestC1Ev called 0 returned 0% blocks executed 0%
    #####:   82:TEST_F(BinaryTreeTest, InsertDuplicateElement) {
    %%%%%:   82-block  0
call    0 never executed
------------------
_ZN42BinaryTreeTest_InsertDuplicateElement_TestD0Ev:
function _ZN42BinaryTreeTest_InsertDuplicateElement_TestD0Ev called 0 returned 0% blocks executed 0%
    #####:   82:TEST_F(BinaryTreeTest, InsertDuplicateElement) {
    %%%%%:   82-block  0
call    0 never executed
call    1 never executed
------------------
_ZN42BinaryTreeTest_InsertDuplicateElement_TestD1Ev:
function _ZN42BinaryTreeTest_InsertDuplicateElement_TestD1Ev called 0 returned 0% blocks executed 0%
    #####:   82:TEST_F(BinaryTreeTest, InsertDuplicateElement) {
    %%%%%:   82-block  0
call    0 never executed
------------------
_ZN42BinaryTreeTest_InsertDuplicateElement_Test8TestBodyEv:
function _ZN42BinaryTreeTest_InsertDuplicateElement_Test8TestBodyEv called 0 returned 0% blocks executed 0%
    #####:   82:TEST_F(BinaryTreeTest, InsertDuplicateElement) {
    #####:   83:    EXPECT_TRUE(tree1.insert_helper(10, "ten"));
    %%%%%:   83-block  0
    %%%%%:   83-block  1
call    0 never executed
branch  1 never executed (fallthrough)
branch  2 never executed (throw)
    %%%%%:   83-block  2
call    3 never executed
branch  4 never executed (fallthrough)
branch  5 never executed (throw)
    %%%%%:   83-block  3
call    6 never executed
call    7 never executed
call    8 never executed
branch  9 never executed (fallthrough)
branch 10 never executed
    %%%%%:   83-block  4
call   11 never executed
branch 12 never executed (fallthrough)
branch 13 never executed (throw)
    %%%%%:   83-block  5
call   14 never executed
branch 15 never executed (fallthrough)
branch 16 never executed (throw)
    %%%%%:   83-block  6
call   17 never executed
call   18 never executed
branch 19 never executed (fallthrough)
branch 20 never executed (throw)
    %%%%%:   83-block  7
call   21 never executed
branch 22 never executed (fallthrough)
branch 23 never executed (throw)
    %%%%%:   83-block  8
call   24 never executed
call   25 never executed
call   26 never executed
    %%%%%:   83-block  9
call   27 never executed
    $$$$$:   83-block 10
    $$$$$:   83-block 11
call   28 never executed
    $$$$$:   83-block 12
    $$$$$:   83-block 13
    $$$$$:   83-block 14
    $$$$$:   83-block 15
call   29 never executed
    $$$$$:   83-block 16
call   30 never executed
    $$$$$:   83-block 17
    $$$$$:   83-block 18
    $$$$$:   83-block 19
call   31 never executed
    $$$$$:   83-block 20
    $$$$$:   83-block 21
call   32 never executed
    #####:   84:    EXPECT_FALSE(tree1.insert_helper(10, "ten_duplicate")); // Дубликат не должен вставиться
    %%%%%:   84-block  0
call    0 never executed
branch  1 never executed (fallthrough)
branch  2 never executed (throw)
    %%%%%:   84-block  1
call    3 never executed
branch  4 never executed (fallthrough)
branch  5 never executed (throw)
    %%%%%:   84-block  2
call    6 never executed
call    7 never executed
call    8 never executed
branch  9 never executed (fallthrough)
branch 10 never executed
    %%%%%:   84-block  3
call   11 never executed
branch 12 never executed (fallthrough)
branch 13 never executed (throw)
    %%%%%:   84-block  4
call   14 never executed
branch 15 never executed (fallthrough)
branch 16 never executed (throw)
    %%%%%:   84-block  5
call   17 never executed
call   18 never executed
branch 19 never executed (fallthrough)
branch 20 never executed (throw)
    %%%%%:   84-block  6
call   21 never executed
branch 22 never executed (fallthrough)
branch 23 never executed (throw)
    %%%%%:   84-block  7
call   24 never executed
call   25 never executed
call   26 never executed
    %%%%%:   84-block  8
call   27 never executed
    $$$$$:   84-block  9
    $$$$$:   84-block 10
call   28 never executed
    $$$$$:   84-block 11
    $$$$$:   84-block 12
    $$$$$:   84-block 13
    $$$$$:   84-block 14
call   29 never executed
    $$$$$:   84-block 15
call   30 never executed
    $$$$$:   84-block 16
    $$$$$:   84-block 17
    $$$$$:   84-block 18
call   31 never executed
    $$$$$:   84-block 19
    $$$$$:   84-block 20
call   32 never executed
    #####:   85:    EXPECT_EQ(tree1.get_size(), 4); // Размер должен остаться 4 (3 исходных + 1 новый)
call    0 never executed
branch  1 never executed (fallthrough)
branch  2 never executed (throw)
    %%%%%:   85-block  0
call    3 never executed
branch  4 never executed (fallthrough)
branch  5 never executed (throw)
    %%%%%:   85-block  1
call    6 never executed
branch  7 never executed (fallthrough)
branch  8 never executed
    %%%%%:   85-block  2
call    9 never executed
branch 10 never executed (fallthrough)
branch 11 never executed (throw)
    %%%%%:   85-block  3
call   12 never executed
call   13 never executed
branch 14 never executed (fallthrough)
branch 15 never executed (throw)
    %%%%%:   85-block  4
call   16 never executed
branch 17 never executed (fallthrough)
branch 18 never executed (throw)
    %%%%%:   85-block  5
call   19 never executed
call   20 never executed
    %%%%%:   85-block  6
call   21 never executed
    $$$$$:   85-block  7
    $$$$$:   85-block  8
    $$$$$:   85-block  9
call   22 never executed
    $$$$$:   85-block 10
    $$$$$:   85-block 11
call   23 never executed
    $$$$$:   85-block 12
    $$$$$:   85-block 13
call   24 never executed
    #####:   86:}
------------------
        -:   87:
    #####:   88:TEST_F(BinaryTreeTest, InsertMultipleElements) {
    #####:   89:    binary_tree<int, string> tree;
        -:   90:
    #####:   91:    EXPECT_TRUE(tree.insert_helper(50, "fifty"));
    #####:   92:    EXPECT_TRUE(tree.insert_helper(25, "twenty_five"));
    #####:   93:    EXPECT_TRUE(tree.insert_helper(75, "seventy_five"));
    #####:   94:    EXPECT_TRUE(tree.insert_helper(10, "ten"));
    #####:   95:    EXPECT_TRUE(tree.insert_helper(30, "thirty"));
        -:   96:
    #####:   97:    EXPECT_EQ(tree.get_size(), 5);
    #####:   98:    EXPECT_TRUE(tree.contains_node(50));
    #####:   99:    EXPECT_TRUE(tree.contains_node(25));
    #####:  100:    EXPECT_TRUE(tree.contains_node(75));
    #####:  101:    EXPECT_TRUE(tree.contains_node(10));
    #####:  102:    EXPECT_TRUE(tree.contains_node(30));
    #####:  103:}
------------------
_ZN42BinaryTreeTest_InsertMultipleElements_TestC1Ev:
function _ZN42BinaryTreeTest_InsertMultipleElements_TestC1Ev called 0 returned 0% blocks executed 0%
    #####:   88:TEST_F(BinaryTreeTest, InsertMultipleElements) {
    %%%%%:   88-block  0
call    0 never executed
------------------
_ZN42BinaryTreeTest_InsertMultipleElements_TestD0Ev:
function _ZN42BinaryTreeTest_InsertMultipleElements_TestD0Ev called 0 returned 0% blocks executed 0%
    #####:   88:TEST_F(BinaryTreeTest, InsertMultipleElements) {
    %%%%%:   88-block  0
call    0 never executed
call    1 never executed
------------------
_ZN42BinaryTreeTest_InsertMultipleElements_TestD1Ev:
function _ZN42BinaryTreeTest_InsertMultipleElements_TestD1Ev called 0 returned 0% blocks executed 0%
    #####:   88:TEST_F(BinaryTreeTest, InsertMultipleElements) {
    %%%%%:   88-block  0
call    0 never executed
------------------
_ZN42BinaryTreeTest_InsertMultipleElements_Test8TestBodyEv:
function _ZN42BinaryTreeTest_InsertMultipleElements_Test8TestBodyEv called 0 returned 0% blocks executed 0%
    #####:   88:TEST_F(BinaryTreeTest, InsertMultipleElements) {
    #####:   89:    binary_tree<int, string> tree;
    %%%%%:   89-block  0
call    0 never executed
        -:   90:
    #####:   91:    EXPECT_TRUE(tree.insert_helper(50, "fifty"));
    %%%%%:   91-block  0
call    0 never executed
branch  1 never executed (fallthrough)
branch  2 never executed (throw)
    %%%%%:   91-block  1
call    3 never executed
branch  4 never executed (fallthrough)
branch  5 never executed (throw)
    %%%%%:   91-block  2
call    6 never executed
call    7 never executed
call    8 never executed
branch  9 never executed (fallthrough)
branch 10 never executed
    %%%%%:   91-block  3
call   11 never executed
branch 12 never executed (fallthrough)
branch 13 never executed (throw)
    %%%%%:   91-block  4
call   14 never executed
branch 15 never executed (fallthrough)
branch 16 never executed (throw)
    %%%%%:   91-block  5
call   17 never executed
call   18 never executed
branch 19 never executed (fallthrough)
branch 20 never executed (throw)
    %%%%%:   91-block  6
call   21 never executed
branch 22 never executed (fallthrough)
branch 23 never executed (throw)
    %%%%%:   91-block  7
call   24 never executed
call   25 never executed
call   26 never executed
    %%%%%:   91-block  8
call   27 never executed
    $$$$$:   91-block  9
    $$$$$:   91-block 10
call   28 never executed
    $$$$$:   91-block 11
    $$$$$:   91-block 12
    $$$$$:   91-block 13
    $$$$$:   91-block 14
call   29 never executed
    $$$$$:   91-block 15
call   30 never executed
    $$$$$:   91-block 16
    $$$$$:   91-block 17
    $$$$$:   91-block 18
call   31 never executed
    $$$$$:   91-block 19
    $$$$$:   91-block 20
call   32 never executed
    #####:   92:    EXPECT_TRUE(tree.insert_helper(25, "twenty_five"));
    %%%%%:   92-block  0
call    0 never executed
branch  1 never executed (fallthrough)
branch  2 never executed (throw)
    %%%%%:   92-block  1
call    3 never executed
branch  4 never executed (fallthrough)
branch  5 never executed (throw)
    %%%%%:   92-block  2
call    6 never executed
call    7 never executed
call    8 never executed
branch  9 never executed (fallthrough)
branch 10 never executed
    %%%%%:   92-block  3
call   11 never executed
branch 12 never executed (fallthrough)
branch 13 never executed (throw)
    %%%%%:   92-block  4
call   14 never executed
branch 15 never executed (fallthrough)
branch 16 never executed (throw)
    %%%%%:   92-block  5
call   17 never executed
call   18 never executed
branch 19 never executed (fallthrough)
branch 20 never executed (throw)
    %%%%%:   92-block  6
call   21 never executed
branch 22 never executed (fallthrough)
branch 23 never executed (throw)
    %%%%%:   92-block  7
call   24 never executed
call   25 never executed
call   26 never executed
    %%%%%:   92-block  8
call   27 never executed
    $$$$$:   92-block  9
    $$$$$:   92-block 10
call   28 never executed
    $$$$$:   92-block 11
    $$$$$:   92-block 12
    $$$$$:   92-block 13
    $$$$$:   92-block 14
call   29 never executed
    $$$$$:   92-block 15
call   30 never executed
    $$$$$:   92-block 16
    $$$$$:   92-block 17
    $$$$$:   92-block 18
call   31 never executed
    $$$$$:   92-block 19
    $$$$$:   92-block 20
call   32 never executed
    #####:   93:    EXPECT_TRUE(tree.insert_helper(75, "seventy_five"));
    %%%%%:   93-block  0
call    0 never executed
branch  1 never executed (fallthrough)
branch  2 never executed (throw)
    %%%%%:   93-block  1
call    3 never executed
branch  4 never executed (fallthrough)
branch  5 never executed (throw)
    %%%%%:   93-block  2
call    6 never executed
call    7 never executed
call    8 never executed
branch  9 never executed (fallthrough)
branch 10 never executed
    %%%%%:   93-block  3
call   11 never executed
branch 12 never executed (fallthrough)
branch 13 never executed (throw)
    %%%%%:   93-block  4
call   14 never executed
branch 15 never executed (fallthrough)
branch 16 never executed (throw)
    %%%%%:   93-block  5
call   17 never executed
call   18 never executed
branch 19 never executed (fallthrough)
branch 20 never executed (throw)
    %%%%%:   93-block  6
call   21 never executed
branch 22 never executed (fallthrough)
branch 23 never executed (throw)
    %%%%%:   93-block  7
call   24 never executed
call   25 never executed
call   26 never executed
    %%%%%:   93-block  8
call   27 never executed
    $$$$$:   93-block  9
    $$$$$:   93-block 10
call   28 never executed
    $$$$$:   93-block 11
    $$$$$:   93-block 12
    $$$$$:   93-block 13
    $$$$$:   93-block 14
call   29 never executed
    $$$$$:   93-block 15
call   30 never executed
    $$$$$:   93-block 16
    $$$$$:   93-block 17
    $$$$$:   93-block 18
call   31 never executed
    $$$$$:   93-block 19
    $$$$$:   93-block 20
call   32 never executed
    #####:   94:    EXPECT_TRUE(tree.insert_helper(10, "ten"));
    %%%%%:   94-block  0
call    0 never executed
branch  1 never executed (fallthrough)
branch  2 never executed (throw)
    %%%%%:   94-block  1
call    3 never executed
branch  4 never executed (fallthrough)
branch  5 never executed (throw)
    %%%%%:   94-block  2
call    6 never executed
call    7 never executed
call    8 never executed
branch  9 never executed (fallthrough)
branch 10 never executed
    %%%%%:   94-block  3
call   11 never executed
branch 12 never executed (fallthrough)
branch 13 never executed (throw)
    %%%%%:   94-block  4
call   14 never executed
branch 15 never executed (fallthrough)
branch 16 never executed (throw)
    %%%%%:   94-block  5
call   17 never executed
call   18 never executed
branch 19 never executed (fallthrough)
branch 20 never executed (throw)
    %%%%%:   94-block  6
call   21 never executed
branch 22 never executed (fallthrough)
branch 23 never executed (throw)
    %%%%%:   94-block  7
call   24 never executed
call   25 never executed
call   26 never executed
    %%%%%:   94-block  8
call   27 never executed
    $$$$$:   94-block  9
    $$$$$:   94-block 10
call   28 never executed
    $$$$$:   94-block 11
    $$$$$:   94-block 12
    $$$$$:   94-block 13
    $$$$$:   94-block 14
call   29 never executed
    $$$$$:   94-block 15
call   30 never executed
    $$$$$:   94-block 16
    $$$$$:   94-block 17
    $$$$$:   94-block 18
call   31 never executed
    $$$$$:   94-block 19
    $$$$$:   94-block 20
call   32 never executed
    #####:   95:    EXPECT_TRUE(tree.insert_helper(30, "thirty"));
    %%%%%:   95-block  0
call    0 never executed
branch  1 never executed (fallthrough)
branch  2 never executed (throw)
    %%%%%:   95-block  1
call    3 never executed
branch  4 never executed (fallthrough)
branch  5 never executed (throw)
    %%%%%:   95-block  2
call    6 never executed
call    7 never executed
call    8 never executed
branch  9 never executed (fallthrough)
branch 10 never executed
    %%%%%:   95-block  3
call   11 never executed
branch 12 never executed (fallthrough)
branch 13 never executed (throw)
    %%%%%:   95-block  4
call   14 never executed
branch 15 never executed (fallthrough)
branch 16 never executed (throw)
    %%%%%:   95-block  5
call   17 never executed
call   18 never executed
branch 19 never executed (fallthrough)
branch 20 never executed (throw)
    %%%%%:   95-block  6
call   21 never executed
branch 22 never executed (fallthrough)
branch 23 never executed (throw)
    %%%%%:   95-block  7
call   24 never executed
call   25 never executed
call   26 never executed
    %%%%%:   95-block  8
call   27 never executed
    $$$$$:   95-block  9
    $$$$$:   95-block 10
call   28 never executed
    $$$$$:   95-block 11
    $$$$$:   95-block 12
    $$$$$:   95-block 13
    $$$$$:   95-block 14
call   29 never executed
    $$$$$:   95-block 15
call   30 never executed
    $$$$$:   95-block 16
    $$$$$:   95-block 17
    $$$$$:   95-block 18
call   31 never executed
    $$$$$:   95-block 19
    $$$$$:   95-block 20
call   32 never executed
        -:   96:
    #####:   97:    EXPECT_EQ(tree.get_size(), 5);
call    0 never executed
branch  1 never executed (fallthrough)
branch  2 never executed (throw)
    %%%%%:   97-block  0
call    3 never executed
branch  4 never executed (fallthrough)
branch  5 never executed (throw)
    %%%%%:   97-block  1
call    6 never executed
branch  7 never executed (fallthrough)
branch  8 never executed
    %%%%%:   97-block  2
call    9 never executed
branch 10 never executed (fallthrough)
branch 11 never executed (throw)
    %%%%%:   97-block  3
call   12 never executed
call   13 never executed
branch 14 never executed (fallthrough)
branch 15 never executed (throw)
    %%%%%:   97-block  4
call   16 never executed
branch 17 never executed (fallthrough)
branch 18 never executed (throw)
    %%%%%:   97-block  5
call   19 never executed
call   20 never executed
    %%%%%:   97-block  6
call   21 never executed
    $$$$$:   97-block  7
    $$$$$:   97-block  8
    $$$$$:   97-block  9
call   22 never executed
    $$$$$:   97-block 10
    $$$$$:   97-block 11
call   23 never executed
    $$$$$:   97-block 12
    $$$$$:   97-block 13
call   24 never executed
    #####:   98:    EXPECT_TRUE(tree.contains_node(50));
call    0 never executed
branch  1 never executed (fallthrough)
branch  2 never executed (throw)
    %%%%%:   98-block  0
call    3 never executed
call    4 never executed
branch  5 never executed (fallthrough)
branch  6 never executed
    %%%%%:   98-block  1
call    7 never executed
branch  8 never executed (fallthrough)
branch  9 never executed (throw)
    %%%%%:   98-block  2
call   10 never executed
branch 11 never executed (fallthrough)
branch 12 never executed (throw)
    %%%%%:   98-block  3
call   13 never executed
call   14 never executed
branch 15 never executed (fallthrough)
branch 16 never executed (throw)
    %%%%%:   98-block  4
call   17 never executed
branch 18 never executed (fallthrough)
branch 19 never executed (throw)
    %%%%%:   98-block  5
call   20 never executed
call   21 never executed
call   22 never executed
    %%%%%:   98-block  6
call   23 never executed
    $$$$$:   98-block  7
    $$$$$:   98-block  8
    $$$$$:   98-block  9
call   24 never executed
    $$$$$:   98-block 10
call   25 never executed
    $$$$$:   98-block 11
    $$$$$:   98-block 12
    $$$$$:   98-block 13
call   26 never executed
    $$$$$:   98-block 14
    $$$$$:   98-block 15
call   27 never executed
    #####:   99:    EXPECT_TRUE(tree.contains_node(25));
call    0 never executed
branch  1 never executed (fallthrough)
branch  2 never executed (throw)
    %%%%%:   99-block  0
call    3 never executed
call    4 never executed
branch  5 never executed (fallthrough)
branch  6 never executed
    %%%%%:   99-block  1
call    7 never executed
branch  8 never executed (fallthrough)
branch  9 never executed (throw)
    %%%%%:   99-block  2
call   10 never executed
branch 11 never executed (fallthrough)
branch 12 never executed (throw)
    %%%%%:   99-block  3
call   13 never executed
call   14 never executed
branch 15 never executed (fallthrough)
branch 16 never executed (throw)
    %%%%%:   99-block  4
call   17 never executed
branch 18 never executed (fallthrough)
branch 19 never executed (throw)
    %%%%%:   99-block  5
call   20 never executed
call   21 never executed
call   22 never executed
    %%%%%:   99-block  6
call   23 never executed
    $$$$$:   99-block  7
    $$$$$:   99-block  8
    $$$$$:   99-block  9
call   24 never executed
    $$$$$:   99-block 10
call   25 never executed
    $$$$$:   99-block 11
    $$$$$:   99-block 12
    $$$$$:   99-block 13
call   26 never executed
    $$$$$:   99-block 14
    $$$$$:   99-block 15
call   27 never executed
    #####:  100:    EXPECT_TRUE(tree.contains_node(75));
call    0 never executed
branch  1 never executed (fallthrough)
branch  2 never executed (throw)
    %%%%%:  100-block  0
call    3 never executed
call    4 never executed
branch  5 never executed (fallthrough)
branch  6 never executed
    %%%%%:  100-block  1
call    7 never executed
branch  8 never executed (fallthrough)
branch  9 never executed (throw)
    %%%%%:  100-block  2
call   10 never executed
branch 11 never executed (fallthrough)
branch 12 never executed (throw)
    %%%%%:  100-block  3
call   13 never executed
call   14 never executed
branch 15 never executed (fallthrough)
branch 16 never executed (throw)
    %%%%%:  100-block  4
call   17 never executed
branch 18 never executed (fallthrough)
branch 19 never executed (throw)
    %%%%%:  100-block  5
call   20 never executed
call   21 never executed
call   22 never executed
    %%%%%:  100-block  6
call   23 never executed
    $$$$$:  100-block  7
    $$$$$:  100-block  8
    $$$$$:  100-block  9
call   24 never executed
    $$$$$:  100-block 10
call   25 never executed
    $$$$$:  100-block 11
    $$$$$:  100-block 12
    $$$$$:  100-block 13
call   26 never executed
    $$$$$:  100-block 14
    $$$$$:  100-block 15
call   27 never executed
    #####:  101:    EXPECT_TRUE(tree.contains_node(10));
call    0 never executed
branch  1 never executed (fallthrough)
branch  2 never executed (throw)
    %%%%%:  101-block  0
call    3 never executed
call    4 never executed
branch  5 never executed (fallthrough)
branch  6 never executed
    %%%%%:  101-block  1
call    7 never executed
branch  8 never executed (fallthrough)
branch  9 never executed (throw)
    %%%%%:  101-block  2
call   10 never executed
branch 11 never executed (fallthrough)
branch 12 never executed (throw)
    %%%%%:  101-block  3
call   13 never executed
call   14 never executed
branch 15 never executed (fallthrough)
branch 16 never executed (throw)
    %%%%%:  101-block  4
call   17 never executed
branch 18 never executed (fallthrough)
branch 19 never executed (throw)
    %%%%%:  101-block  5
call   20 never executed
call   21 never executed
call   22 never executed
    %%%%%:  101-block  6
call   23 never executed
    $$$$$:  101-block  7
    $$$$$:  101-block  8
    $$$$$:  101-block  9
call   24 never executed
    $$$$$:  101-block 10
call   25 never executed
    $$$$$:  101-block 11
    $$$$$:  101-block 12
    $$$$$:  101-block 13
call   26 never executed
    $$$$$:  101-block 14
    $$$$$:  101-block 15
call   27 never executed
    #####:  102:    EXPECT_TRUE(tree.contains_node(30));
call    0 never executed
branch  1 never executed (fallthrough)
branch  2 never executed (throw)
    %%%%%:  102-block  0
call    3 never executed
call    4 never executed
branch  5 never executed (fallthrough)
branch  6 never executed
    %%%%%:  102-block  1
call    7 never executed
branch  8 never executed (fallthrough)
branch  9 never executed (throw)
    %%%%%:  102-block  2
call   10 never executed
branch 11 never executed (fallthrough)
branch 12 never executed (throw)
    %%%%%:  102-block  3
call   13 never executed
call   14 never executed
branch 15 never executed (fallthrough)
branch 16 never executed (throw)
    %%%%%:  102-block  4
call   17 never executed
branch 18 never executed (fallthrough)
branch 19 never executed (throw)
    %%%%%:  102-block  5
call   20 never executed
call   21 never executed
call   22 never executed
    %%%%%:  102-block  6
call   23 never executed
    $$$$$:  102-block  7
    $$$$$:  102-block  8
    $$$$$:  102-block  9
call   24 never executed
    $$$$$:  102-block 10
call   25 never executed
    $$$$$:  102-block 11
    $$$$$:  102-block 12
    $$$$$:  102-block 13
call   26 never executed
    $$$$$:  102-block 14
    $$$$$:  102-block 15
call   27 never executed
    #####:  103:}
call    0 never executed
    $$$$$:  103-block  0
call    1 never executed
------------------
        -:  104:
    #####:  105:TEST_F(BinaryTreeTest, DeleteExistingElement) {
    #####:  106:    EXPECT_TRUE(tree1.delete_helper(3));
    #####:  107:    EXPECT_FALSE(tree1.contains_node(3));
    #####:  108:    EXPECT_EQ(tree1.get_size(), 2);
    #####:  109:}
------------------
_ZN41BinaryTreeTest_DeleteExistingElement_TestC1Ev:
function _ZN41BinaryTreeTest_DeleteExistingElement_TestC1Ev called 0 returned 0% blocks executed 0%
    #####:  105:TEST_F(BinaryTreeTest, DeleteExistingElement) {
    %%%%%:  105-block  0
call    0 never executed
------------------
_ZN41BinaryTreeTest_DeleteExistingElement_TestD0Ev:
function _ZN41BinaryTreeTest_DeleteExistingElement_TestD0Ev called 0 returned 0% blocks executed 0%
    #####:  105:TEST_F(BinaryTreeTest, DeleteExistingElement) {
    %%%%%:  105-block  0
call    0 never executed
call    1 never executed
------------------
_ZN41BinaryTreeTest_DeleteExistingElement_TestD1Ev:
function _ZN41BinaryTreeTest_DeleteExistingElement_TestD1Ev called 0 returned 0% blocks executed 0%
    #####:  105:TEST_F(BinaryTreeTest, DeleteExistingElement) {
    %%%%%:  105-block  0
call    0 never executed
------------------
_ZN41BinaryTreeTest_DeleteExistingElement_Test8TestBodyEv:
function _ZN41BinaryTreeTest_DeleteExistingElement_Test8TestBodyEv called 0 returned 0% blocks executed 0%
    #####:  105:TEST_F(BinaryTreeTest, DeleteExistingElement) {
    #####:  106:    EXPECT_TRUE(tree1.delete_helper(3));
    %%%%%:  106-block  0
call    0 never executed
branch  1 never executed (fallthrough)
branch  2 never executed (throw)
    %%%%%:  106-block  1
call    3 never executed
call    4 never executed
branch  5 never executed (fallthrough)
branch  6 never executed
    %%%%%:  106-block  2
call    7 never executed
branch  8 never executed (fallthrough)
branch  9 never executed (throw)
    %%%%%:  106-block  3
call   10 never executed
branch 11 never executed (fallthrough)
branch 12 never executed (throw)
    %%%%%:  106-block  4
call   13 never executed
call   14 never executed
branch 15 never executed (fallthrough)
branch 16 never executed (throw)
    %%%%%:  106-block  5
call   17 never executed
branch 18 never executed (fallthrough)
branch 19 never executed (throw)
    %%%%%:  106-block  6
call   20 never executed
call   21 never executed
call   22 never executed
    %%%%%:  106-block  7
call   23 never executed
    $$$$$:  106-block  8
    $$$$$:  106-block  9
    $$$$$:  106-block 10
call   24 never executed
    $$$$$:  106-block 11
call   25 never executed
    $$$$$:  106-block 12
    $$$$$:  106-block 13
    $$$$$:  106-block 14
call   26 never executed
    $$$$$:  106-block 15
    $$$$$:  106-block 16
call   27 never executed
    #####:  107:    EXPECT_FALSE(tree1.contains_node(3));
call    0 never executed
branch  1 never executed (fallthrough)
branch  2 never executed (throw)
    %%%%%:  107-block  0
call    3 never executed
call    4 never executed
branch  5 never executed (fallthrough)
branch  6 never executed
    %%%%%:  107-block  1
call    7 never executed
branch  8 never executed (fallthrough)
branch  9 never executed (throw)
    %%%%%:  107-block  2
call   10 never executed
branch 11 never executed (fallthrough)
branch 12 never executed (throw)
    %%%%%:  107-block  3
call   13 never executed
call   14 never executed
branch 15 never executed (fallthrough)
branch 16 never executed (throw)
    %%%%%:  107-block  4
call   17 never executed
branch 18 never executed (fallthrough)
branch 19 never executed (throw)
    %%%%%:  107-block  5
call   20 never executed
call   21 never executed
call   22 never executed
    %%%%%:  107-block  6
call   23 never executed
    $$$$$:  107-block  7
    $$$$$:  107-block  8
    $$$$$:  107-block  9
call   24 never executed
    $$$$$:  107-block 10
call   25 never executed
    $$$$$:  107-block 11
    $$$$$:  107-block 12
    $$$$$:  107-block 13
call   26 never executed
    $$$$$:  107-block 14
    $$$$$:  107-block 15
call   27 never executed
    #####:  108:    EXPECT_EQ(tree1.get_size(), 2);
call    0 never executed
branch  1 never executed (fallthrough)
branch  2 never executed (throw)
    %%%%%:  108-block  0
call    3 never executed
branch  4 never executed (fallthrough)
branch  5 never executed (throw)
    %%%%%:  108-block  1
call    6 never executed
branch  7 never executed (fallthrough)
branch  8 never executed
    %%%%%:  108-block  2
call    9 never executed
branch 10 never executed (fallthrough)
branch 11 never executed (throw)
    %%%%%:  108-block  3
call   12 never executed
call   13 never executed
branch 14 never executed (fallthrough)
branch 15 never executed (throw)
    %%%%%:  108-block  4
call   16 never executed
branch 17 never executed (fallthrough)
branch 18 never executed (throw)
    %%%%%:  108-block  5
call   19 never executed
call   20 never executed
    %%%%%:  108-block  6
call   21 never executed
    $$$$$:  108-block  7
    $$$$$:  108-block  8
    $$$$$:  108-block  9
call   22 never executed
    $$$$$:  108-block 10
    $$$$$:  108-block 11
call   23 never executed
    $$$$$:  108-block 12
    $$$$$:  108-block 13
call   24 never executed
    #####:  109:}
------------------
        -:  110:
    #####:  111:TEST_F(BinaryTreeTest, DeleteNonExistingElement) {
    #####:  112:    EXPECT_FALSE(tree1.delete_helper(999));
    #####:  113:    EXPECT_EQ(tree1.get_size(), 3);
    #####:  114:}
------------------
_ZN44BinaryTreeTest_DeleteNonExistingElement_TestC1Ev:
function _ZN44BinaryTreeTest_DeleteNonExistingElement_TestC1Ev called 0 returned 0% blocks executed 0%
    #####:  111:TEST_F(BinaryTreeTest, DeleteNonExistingElement) {
    %%%%%:  111-block  0
call    0 never executed
------------------
_ZN44BinaryTreeTest_DeleteNonExistingElement_TestD0Ev:
function _ZN44BinaryTreeTest_DeleteNonExistingElement_TestD0Ev called 0 returned 0% blocks executed 0%
    #####:  111:TEST_F(BinaryTreeTest, DeleteNonExistingElement) {
    %%%%%:  111-block  0
call    0 never executed
call    1 never executed
------------------
_ZN44BinaryTreeTest_DeleteNonExistingElement_TestD1Ev:
function _ZN44BinaryTreeTest_DeleteNonExistingElement_TestD1Ev called 0 returned 0% blocks executed 0%
    #####:  111:TEST_F(BinaryTreeTest, DeleteNonExistingElement) {
    %%%%%:  111-block  0
call    0 never executed
------------------
_ZN44BinaryTreeTest_DeleteNonExistingElement_Test8TestBodyEv:
function _ZN44BinaryTreeTest_DeleteNonExistingElement_Test8TestBodyEv called 0 returned 0% blocks executed 0%
    #####:  111:TEST_F(BinaryTreeTest, DeleteNonExistingElement) {
    #####:  112:    EXPECT_FALSE(tree1.delete_helper(999));
    %%%%%:  112-block  0
call    0 never executed
branch  1 never executed (fallthrough)
branch  2 never executed (throw)
    %%%%%:  112-block  1
call    3 never executed
call    4 never executed
branch  5 never executed (fallthrough)
branch  6 never executed
    %%%%%:  112-block  2
call    7 never executed
branch  8 never executed (fallthrough)
branch  9 never executed (throw)
    %%%%%:  112-block  3
call   10 never executed
branch 11 never executed (fallthrough)
branch 12 never executed (throw)
    %%%%%:  112-block  4
call   13 never executed
call   14 never executed
branch 15 never executed (fallthrough)
branch 16 never executed (throw)
    %%%%%:  112-block  5
call   17 never executed
branch 18 never executed (fallthrough)
branch 19 never executed (throw)
    %%%%%:  112-block  6
call   20 never executed
call   21 never executed
call   22 never executed
    %%%%%:  112-block  7
call   23 never executed
    $$$$$:  112-block  8
    $$$$$:  112-block  9
    $$$$$:  112-block 10
call   24 never executed
    $$$$$:  112-block 11
call   25 never executed
    $$$$$:  112-block 12
    $$$$$:  112-block 13
    $$$$$:  112-block 14
call   26 never executed
    $$$$$:  112-block 15
    $$$$$:  112-block 16
call   27 never executed
    #####:  113:    EXPECT_EQ(tree1.get_size(), 3);
call    0 never executed
branch  1 never executed (fallthrough)
branch  2 never executed (throw)
    %%%%%:  113-block  0
call    3 never executed
branch  4 never executed (fallthrough)
branch  5 never executed (throw)
    %%%%%:  113-block  1
call    6 never executed
branch  7 never executed (fallthrough)
branch  8 never executed
    %%%%%:  113-block  2
call    9 never executed
branch 10 never executed (fallthrough)
branch 11 never executed (throw)
    %%%%%:  113-block  3
call   12 never executed
call   13 never executed
branch 14 never executed (fallthrough)
branch 15 never executed (throw)
    %%%%%:  113-block  4
call   16 never executed
branch 17 never executed (fallthrough)
branch 18 never executed (throw)
    %%%%%:  113-block  5
call   19 never executed
call   20 never executed
    %%%%%:  113-block  6
call   21 never executed
    $$$$$:  113-block  7
    $$$$$:  113-block  8
    $$$$$:  113-block  9
call   22 never executed
    $$$$$:  113-block 10
    $$$$$:  113-block 11
call   23 never executed
    $$$$$:  113-block 12
    $$$$$:  113-block 13
call   24 never executed
    #####:  114:}
------------------
        -:  115:
    #####:  116:TEST_F(BinaryTreeTest, DeleteRootElement) {
    #####:  117:    EXPECT_TRUE(tree1.delete_helper(5));
    #####:  118:    EXPECT_FALSE(tree1.contains_node(5));
    #####:  119:    EXPECT_EQ(tree1.get_size(), 2);
    #####:  120:}
------------------
_ZN37BinaryTreeTest_DeleteRootElement_TestC1Ev:
function _ZN37BinaryTreeTest_DeleteRootElement_TestC1Ev called 0 returned 0% blocks executed 0%
    #####:  116:TEST_F(BinaryTreeTest, DeleteRootElement) {
    %%%%%:  116-block  0
call    0 never executed
------------------
_ZN37BinaryTreeTest_DeleteRootElement_TestD0Ev:
function _ZN37BinaryTreeTest_DeleteRootElement_TestD0Ev called 0 returned 0% blocks executed 0%
    #####:  116:TEST_F(BinaryTreeTest, DeleteRootElement) {
    %%%%%:  116-block  0
call    0 never executed
call    1 never executed
------------------
_ZN37BinaryTreeTest_DeleteRootElement_TestD1Ev:
function _ZN37BinaryTreeTest_DeleteRootElement_TestD1Ev called 0 returned 0% blocks executed 0%
    #####:  116:TEST_F(BinaryTreeTest, DeleteRootElement) {
    %%%%%:  116-block  0
call    0 never executed
------------------
_ZN37BinaryTreeTest_DeleteRootElement_Test8TestBodyEv:
function _ZN37BinaryTreeTest_DeleteRootElement_Test8TestBodyEv called 0 returned 0% blocks executed 0%
    #####:  116:TEST_F(BinaryTreeTest, DeleteRootElement) {
    #####:  117:    EXPECT_TRUE(tree1.delete_helper(5));
    %%%%%:  117-block  0
call    0 never executed
branch  1 never executed (fallthrough)
branch  2 never executed (throw)
    %%%%%:  117-block  1
call    3 never executed
call    4 never executed
branch  5 never executed (fallthrough)
branch  6 never executed
    %%%%%:  117-block  2
call    7 never executed
branch  8 never executed (fallthrough)
branch  9 never executed (throw)
    %%%%%:  117-block  3
call   10 never executed
branch 11 never executed (fallthrough)
branch 12 never executed (throw)
    %%%%%:  117-block  4
call   13 never executed
call   14 never executed
branch 15 never executed (fallthrough)
branch 16 never executed (throw)
    %%%%%:  117-block  5
call   17 never executed
branch 18 never executed (fallthrough)
branch 19 never executed (throw)
    %%%%%:  117-block  6
call   20 never executed
call   21 never executed
call   22 never executed
    %%%%%:  117-block  7
call   23 never executed
    $$$$$:  117-block  8
    $$$$$:  117-block  9
    $$$$$:  117-block 10
call   24 never executed
    $$$$$:  117-block 11
call   25 never executed
    $$$$$:  117-block 12
    $$$$$:  117-block 13
    $$$$$:  117-block 14
call   26 never executed
    $$$$$:  117-block 15
    $$$$$:  117-block 16
call   27 never executed
    #####:  118:    EXPECT_FALSE(tree1.contains_node(5));
call    0 never executed
branch  1 never executed (fallthrough)
branch  2 never executed (throw)
    %%%%%:  118-block  0
call    3 never executed
call    4 never executed
branch  5 never executed (fallthrough)
branch  6 never executed
    %%%%%:  118-block  1
call    7 never executed
branch  8 never executed (fallthrough)
branch  9 never executed (throw)
    %%%%%:  118-block  2
call   10 never executed
branch 11 never executed (fallthrough)
branch 12 never executed (throw)
    %%%%%:  118-block  3
call   13 never executed
call   14 never executed
branch 15 never executed (fallthrough)
branch 16 never executed (throw)
    %%%%%:  118-block  4
call   17 never executed
branch 18 never executed (fallthrough)
branch 19 never executed (throw)
    %%%%%:  118-block  5
call   20 never executed
call   21 never executed
call   22 never executed
    %%%%%:  118-block  6
call   23 never executed
    $$$$$:  118-block  7
    $$$$$:  118-block  8
    $$$$$:  118-block  9
call   24 never executed
    $$$$$:  118-block 10
call   25 never executed
    $$$$$:  118-block 11
    $$$$$:  118-block 12
    $$$$$:  118-block 13
call   26 never executed
    $$$$$:  118-block 14
    $$$$$:  118-block 15
call   27 never executed
    #####:  119:    EXPECT_EQ(tree1.get_size(), 2);
call    0 never executed
branch  1 never executed (fallthrough)
branch  2 never executed (throw)
    %%%%%:  119-block  0
call    3 never executed
branch  4 never executed (fallthrough)
branch  5 never executed (throw)
    %%%%%:  119-block  1
call    6 never executed
branch  7 never executed (fallthrough)
branch  8 never executed
    %%%%%:  119-block  2
call    9 never executed
branch 10 never executed (fallthrough)
branch 11 never executed (throw)
    %%%%%:  119-block  3
call   12 never executed
call   13 never executed
branch 14 never executed (fallthrough)
branch 15 never executed (throw)
    %%%%%:  119-block  4
call   16 never executed
branch 17 never executed (fallthrough)
branch 18 never executed (throw)
    %%%%%:  119-block  5
call   19 never executed
call   20 never executed
    %%%%%:  119-block  6
call   21 never executed
    $$$$$:  119-block  7
    $$$$$:  119-block  8
    $$$$$:  119-block  9
call   22 never executed
    $$$$$:  119-block 10
    $$$$$:  119-block 11
call   23 never executed
    $$$$$:  119-block 12
    $$$$$:  119-block 13
call   24 never executed
    #####:  120:}
------------------
        -:  121:
    #####:  122:TEST_F(BinaryTreeTest, DeleteAllElements) {
    #####:  123:    EXPECT_TRUE(tree1.delete_helper(3));
    #####:  124:    EXPECT_TRUE(tree1.delete_helper(7));
    #####:  125:    EXPECT_TRUE(tree1.delete_helper(5));
        -:  126:
    #####:  127:    EXPECT_TRUE(tree1.empty_tree());
    #####:  128:    EXPECT_EQ(tree1.get_size(), 0);
    #####:  129:}
------------------
_ZN37BinaryTreeTest_DeleteAllElements_TestC1Ev:
function _ZN37BinaryTreeTest_DeleteAllElements_TestC1Ev called 0 returned 0% blocks executed 0%
    #####:  122:TEST_F(BinaryTreeTest, DeleteAllElements) {
    %%%%%:  122-block  0
call    0 never executed
------------------
_ZN37BinaryTreeTest_DeleteAllElements_TestD0Ev:
function _ZN37BinaryTreeTest_DeleteAllElements_TestD0Ev called 0 returned 0% blocks executed 0%
    #####:  122:TEST_F(BinaryTreeTest, DeleteAllElements) {
    %%%%%:  122-block  0
call    0 never executed
call    1 never executed
------------------
_ZN37BinaryTreeTest_DeleteAllElements_TestD1Ev:
function _ZN37BinaryTreeTest_DeleteAllElements_TestD1Ev called 0 returned 0% blocks executed 0%
    #####:  122:TEST_F(BinaryTreeTest, DeleteAllElements) {
    %%%%%:  122-block  0
call    0 never executed
------------------
_ZN37BinaryTreeTest_DeleteAllElements_Test8TestBodyEv:
function _ZN37BinaryTreeTest_DeleteAllElements_Test8TestBodyEv called 0 returned 0% blocks executed 0%
    #####:  122:TEST_F(BinaryTreeTest, DeleteAllElements) {
    #####:  123:    EXPECT_TRUE(tree1.delete_helper(3));
    %%%%%:  123-block  0
call    0 never executed
branch  1 never executed (fallthrough)
branch  2 never executed (throw)
    %%%%%:  123-block  1
call    3 never executed
call    4 never executed
branch  5 never executed (fallthrough)
branch  6 never executed
    %%%%%:  123-block  2
call    7 never executed
branch  8 never executed (fallthrough)
branch  9 never executed (throw)
    %%%%%:  123-block  3
call   10 never executed
branch 11 never executed (fallthrough)
branch 12 never executed (throw)
    %%%%%:  123-block  4
call   13 never executed
call   14 never executed
branch 15 never executed (fallthrough)
branch 16 never executed (throw)
    %%%%%:  123-block  5
call   17 never executed
branch 18 never executed (fallthrough)
branch 19 never executed (throw)
    %%%%%:  123-block  6
call   20 never executed
call   21 never executed
call   22 never executed
    %%%%%:  123-block  7
call   23 never executed
    $$$$$:  123-block  8
    $$$$$:  123-block  9
    $$$$$:  123-block 10
call   24 never executed
    $$$$$:  123-block 11
call   25 never executed
    $$$$$:  123-block 12
    $$$$$:  123-block 13
    $$$$$:  123-block 14
call   26 never executed
[...]
    %%%%%:  312-block  0
call    0 never executed
branch  1 never executed (fallthrough)
branch  2 never executed (throw)
    %%%%%:  312-block  1
call    3 never executed
branch  4 never executed (fallthrough)
branch  5 never executed (throw)
    %%%%%:  312-block  2
call    6 never executed
call    7 never executed
call    8 never executed
branch  9 never executed (fallthrough)
branch 10 never executed
    %%%%%:  312-block  3
call   11 never executed
branch 12 never executed (fallthrough)
branch 13 never executed (throw)
    %%%%%:  312-block  4
call   14 never executed
branch 15 never executed (fallthrough)
branch 16 never executed (throw)
    %%%%%:  312-block  5
call   17 never executed
call   18 never executed
branch 19 never executed (fallthrough)
branch 20 never executed (throw)
    %%%%%:  312-block  6
call   21 never executed
branch 22 never executed (fallthrough)
branch 23 never executed (throw)
    %%%%%:  312-block  7
call   24 never executed
call   25 never executed
call   26 never executed
    %%%%%:  312-block  8
call   27 never executed
    $$$$$:  312-block  9
call   28 never executed
    $$$$$:  312-block 10
    $$$$$:  312-block 11
    $$$$$:  312-block 12
    $$$$$:  312-block 13
call   29 never executed
    $$$$$:  312-block 14
call   30 never executed
    $$$$$:  312-block 15
    $$$$$:  312-block 16
    $$$$$:  312-block 17
call   31 never executed
    $$$$$:  312-block 18
    $$$$$:  312-block 19
call   32 never executed
    #####:  313:}
call    0 never executed
    $$$$$:  313-block  0
call    1 never executed
------------------
        -:  314:
    #####:  315:TEST(BinaryTreeDifferentTypesTest, DoubleKey) {
    #####:  316:    binary_tree<double, string> tree;
        -:  317:
    #####:  318:    EXPECT_TRUE(tree.insert_helper(1.5, "one_point_five"));
    #####:  319:    EXPECT_TRUE(tree.insert_helper(2.7, "two_point_seven"));
    #####:  320:    EXPECT_TRUE(tree.insert_helper(0.3, "zero_point_three"));
        -:  321:
    #####:  322:    EXPECT_EQ(tree.get_size(), 3);
    #####:  323:    EXPECT_TRUE(tree.contains_node(1.5));
        -:  324:
    #####:  325:    vector<double> keys;
    #####:  326:    auto collect_function = [&keys](double key, const string& value) {
    #####:  327:        keys.push_back(key);
    %%%%%:  327-block  0
call    0 never executed
    #####:  328:    };
        -:  329:
    #####:  330:    tree.inorder_traverse(collect_function);
    #####:  331:    EXPECT_TRUE(is_sorted(keys.begin(), keys.end()));
    #####:  332:}
------------------
_ZN43BinaryTreeDifferentTypesTest_DoubleKey_TestC1Ev:
function _ZN43BinaryTreeDifferentTypesTest_DoubleKey_TestC1Ev called 0 returned 0% blocks executed 0%
    #####:  315:TEST(BinaryTreeDifferentTypesTest, DoubleKey) {
    %%%%%:  315-block  0
call    0 never executed
------------------
_ZN43BinaryTreeDifferentTypesTest_DoubleKey_TestD0Ev:
function _ZN43BinaryTreeDifferentTypesTest_DoubleKey_TestD0Ev called 0 returned 0% blocks executed 0%
    #####:  315:TEST(BinaryTreeDifferentTypesTest, DoubleKey) {
    %%%%%:  315-block  0
call    0 never executed
call    1 never executed
------------------
_ZN43BinaryTreeDifferentTypesTest_DoubleKey_TestD1Ev:
function _ZN43BinaryTreeDifferentTypesTest_DoubleKey_TestD1Ev called 0 returned 0% blocks executed 0%
    #####:  315:TEST(BinaryTreeDifferentTypesTest, DoubleKey) {
    %%%%%:  315-block  0
call    0 never executed
------------------
_ZN43BinaryTreeDifferentTypesTest_DoubleKey_Test8TestBodyEv:
function _ZN43BinaryTreeDifferentTypesTest_DoubleKey_Test8TestBodyEv called 0 returned 0% blocks executed 0%
    #####:  315:TEST(BinaryTreeDifferentTypesTest, DoubleKey) {
    #####:  316:    binary_tree<double, string> tree;
    %%%%%:  316-block  0
call    0 never executed
        -:  317:
    #####:  318:    EXPECT_TRUE(tree.insert_helper(1.5, "one_point_five"));
    %%%%%:  318-block  0
call    0 never executed
branch  1 never executed (fallthrough)
branch  2 never executed (throw)
    %%%%%:  318-block  1
call    3 never executed
branch  4 never executed (fallthrough)
branch  5 never executed (throw)
    %%%%%:  318-block  2
call    6 never executed
call    7 never executed
call    8 never executed
branch  9 never executed (fallthrough)
branch 10 never executed
    %%%%%:  318-block  3
call   11 never executed
branch 12 never executed (fallthrough)
branch 13 never executed (throw)
    %%%%%:  318-block  4
call   14 never executed
branch 15 never executed (fallthrough)
branch 16 never executed (throw)
    %%%%%:  318-block  5
call   17 never executed
call   18 never executed
branch 19 never executed (fallthrough)
branch 20 never executed (throw)
    %%%%%:  318-block  6
call   21 never executed
branch 22 never executed (fallthrough)
branch 23 never executed (throw)
    %%%%%:  318-block  7
call   24 never executed
call   25 never executed
call   26 never executed
    %%%%%:  318-block  8
call   27 never executed
    $$$$$:  318-block  9
    $$$$$:  318-block 10
call   28 never executed
    $$$$$:  318-block 11
    $$$$$:  318-block 12
    $$$$$:  318-block 13
    $$$$$:  318-block 14
call   29 never executed
    $$$$$:  318-block 15
call   30 never executed
    $$$$$:  318-block 16
    $$$$$:  318-block 17
    $$$$$:  318-block 18
call   31 never executed
    $$$$$:  318-block 19
    $$$$$:  318-block 20
call   32 never executed
    #####:  319:    EXPECT_TRUE(tree.insert_helper(2.7, "two_point_seven"));
    %%%%%:  319-block  0
call    0 never executed
branch  1 never executed (fallthrough)
branch  2 never executed (throw)
    %%%%%:  319-block  1
call    3 never executed
branch  4 never executed (fallthrough)
branch  5 never executed (throw)
    %%%%%:  319-block  2
call    6 never executed
call    7 never executed
call    8 never executed
branch  9 never executed (fallthrough)
branch 10 never executed
    %%%%%:  319-block  3
call   11 never executed
branch 12 never executed (fallthrough)
branch 13 never executed (throw)
    %%%%%:  319-block  4
call   14 never executed
branch 15 never executed (fallthrough)
branch 16 never executed (throw)
    %%%%%:  319-block  5
call   17 never executed
call   18 never executed
branch 19 never executed (fallthrough)
branch 20 never executed (throw)
    %%%%%:  319-block  6
call   21 never executed
branch 22 never executed (fallthrough)
branch 23 never executed (throw)
    %%%%%:  319-block  7
call   24 never executed
call   25 never executed
call   26 never executed
    %%%%%:  319-block  8
call   27 never executed
    $$$$$:  319-block  9
    $$$$$:  319-block 10
call   28 never executed
    $$$$$:  319-block 11
    $$$$$:  319-block 12
    $$$$$:  319-block 13
    $$$$$:  319-block 14
call   29 never executed
    $$$$$:  319-block 15
call   30 never executed
    $$$$$:  319-block 16
    $$$$$:  319-block 17
    $$$$$:  319-block 18
call   31 never executed
    $$$$$:  319-block 19
    $$$$$:  319-block 20
call   32 never executed
    #####:  320:    EXPECT_TRUE(tree.insert_helper(0.3, "zero_point_three"));
    %%%%%:  320-block  0
call    0 never executed
branch  1 never executed (fallthrough)
branch  2 never executed (throw)
    %%%%%:  320-block  1
call    3 never executed
branch  4 never executed (fallthrough)
branch  5 never executed (throw)
    %%%%%:  320-block  2
call    6 never executed
call    7 never executed
call    8 never executed
branch  9 never executed (fallthrough)
branch 10 never executed
    %%%%%:  320-block  3
call   11 never executed
branch 12 never executed (fallthrough)
branch 13 never executed (throw)
    %%%%%:  320-block  4
call   14 never executed
branch 15 never executed (fallthrough)
branch 16 never executed (throw)
    %%%%%:  320-block  5
call   17 never executed
call   18 never executed
branch 19 never executed (fallthrough)
branch 20 never executed (throw)
    %%%%%:  320-block  6
call   21 never executed
branch 22 never executed (fallthrough)
branch 23 never executed (throw)
    %%%%%:  320-block  7
call   24 never executed
call   25 never executed
call   26 never executed
    %%%%%:  320-block  8
call   27 never executed
    $$$$$:  320-block  9
    $$$$$:  320-block 10
call   28 never executed
    $$$$$:  320-block 11
    $$$$$:  320-block 12
    $$$$$:  320-block 13
    $$$$$:  320-block 14
call   29 never executed
    $$$$$:  320-block 15
call   30 never executed
    $$$$$:  320-block 16
    $$$$$:  320-block 17
    $$$$$:  320-block 18
call   31 never executed
    $$$$$:  320-block 19
    $$$$$:  320-block 20
call   32 never executed
        -:  321:
    #####:  322:    EXPECT_EQ(tree.get_size(), 3);
call    0 never executed
branch  1 never executed (fallthrough)
branch  2 never executed (throw)
    %%%%%:  322-block  0
call    3 never executed
branch  4 never executed (fallthrough)
branch  5 never executed (throw)
    %%%%%:  322-block  1
call    6 never executed
branch  7 never executed (fallthrough)
branch  8 never executed
    %%%%%:  322-block  2
call    9 never executed
branch 10 never executed (fallthrough)
branch 11 never executed (throw)
    %%%%%:  322-block  3
call   12 never executed
call   13 never executed
branch 14 never executed (fallthrough)
branch 15 never executed (throw)
    %%%%%:  322-block  4
call   16 never executed
branch 17 never executed (fallthrough)
branch 18 never executed (throw)
    %%%%%:  322-block  5
call   19 never executed
call   20 never executed
    %%%%%:  322-block  6
call   21 never executed
    $$$$$:  322-block  7
    $$$$$:  322-block  8
    $$$$$:  322-block  9
call   22 never executed
    $$$$$:  322-block 10
    $$$$$:  322-block 11
call   23 never executed
    $$$$$:  322-block 12
    $$$$$:  322-block 13
call   24 never executed
    #####:  323:    EXPECT_TRUE(tree.contains_node(1.5));
call    0 never executed
branch  1 never executed (fallthrough)
branch  2 never executed (throw)
    %%%%%:  323-block  0
call    3 never executed
call    4 never executed
branch  5 never executed (fallthrough)
branch  6 never executed
    %%%%%:  323-block  1
call    7 never executed
branch  8 never executed (fallthrough)
branch  9 never executed (throw)
    %%%%%:  323-block  2
call   10 never executed
branch 11 never executed (fallthrough)
branch 12 never executed (throw)
    %%%%%:  323-block  3
call   13 never executed
call   14 never executed
branch 15 never executed (fallthrough)
branch 16 never executed (throw)
    %%%%%:  323-block  4
call   17 never executed
branch 18 never executed (fallthrough)
branch 19 never executed (throw)
    %%%%%:  323-block  5
call   20 never executed
call   21 never executed
call   22 never executed
    %%%%%:  323-block  6
call   23 never executed
    $$$$$:  323-block  7
    $$$$$:  323-block  8
    $$$$$:  323-block  9
call   24 never executed
    $$$$$:  323-block 10
call   25 never executed
    $$$$$:  323-block 11
    $$$$$:  323-block 12
    $$$$$:  323-block 13
call   26 never executed
    $$$$$:  323-block 14
    $$$$$:  323-block 15
call   27 never executed
        -:  324:
    #####:  325:    vector<double> keys;
call    0 never executed
call    1 never executed
    $$$$$:  325-block  0
call    2 never executed
        -:  326:    auto collect_function = [&keys](double key, const string& value) {
        -:  327:        keys.push_back(key);
    #####:  328:    };
        -:  329:
    #####:  330:    tree.inorder_traverse(collect_function);
call    0 never executed
branch  1 never executed (fallthrough)
branch  2 never executed (throw)
    #####:  331:    EXPECT_TRUE(is_sorted(keys.begin(), keys.end()));
    %%%%%:  331-block  0
call    0 never executed
call    1 never executed
call    2 never executed
branch  3 never executed (fallthrough)
branch  4 never executed (throw)
    %%%%%:  331-block  1
call    5 never executed
call    6 never executed
branch  7 never executed (fallthrough)
branch  8 never executed
    %%%%%:  331-block  2
call    9 never executed
branch 10 never executed (fallthrough)
branch 11 never executed (throw)
    %%%%%:  331-block  3
call   12 never executed
branch 13 never executed (fallthrough)
branch 14 never executed (throw)
    %%%%%:  331-block  4
call   15 never executed
call   16 never executed
branch 17 never executed (fallthrough)
branch 18 never executed (throw)
    %%%%%:  331-block  5
call   19 never executed
branch 20 never executed (fallthrough)
branch 21 never executed (throw)
    %%%%%:  331-block  6
call   22 never executed
call   23 never executed
call   24 never executed
    %%%%%:  331-block  7
call   25 never executed
    $$$$$:  331-block  8
    $$$$$:  331-block  9
call   26 never executed
    $$$$$:  331-block 10
call   27 never executed
    $$$$$:  331-block 11
    $$$$$:  331-block 12
    $$$$$:  331-block 13
call   28 never executed
    $$$$$:  331-block 14
    $$$$$:  331-block 15
call   29 never executed
    #####:  332:}
call    0 never executed
    $$$$$:  332-block  0
call    1 never executed
------------------
        -:  333:
    #####:  334:TEST_F(BinaryTreeTest, EmptyTreeOperations) {
    #####:  335:    EXPECT_THROW(empty_tree.get_value(1), std::out_of_range);
    #####:  336:    EXPECT_FALSE(empty_tree.delete_helper(1));
    #####:  337:    EXPECT_FALSE(empty_tree.contains_node(1));
    #####:  338:}
------------------
_ZN39BinaryTreeTest_EmptyTreeOperations_TestC1Ev:
function _ZN39BinaryTreeTest_EmptyTreeOperations_TestC1Ev called 0 returned 0% blocks executed 0%
    #####:  334:TEST_F(BinaryTreeTest, EmptyTreeOperations) {
    %%%%%:  334-block  0
call    0 never executed
------------------
_ZN39BinaryTreeTest_EmptyTreeOperations_TestD0Ev:
function _ZN39BinaryTreeTest_EmptyTreeOperations_TestD0Ev called 0 returned 0% blocks executed 0%
    #####:  334:TEST_F(BinaryTreeTest, EmptyTreeOperations) {
    %%%%%:  334-block  0
call    0 never executed
call    1 never executed
------------------
_ZN39BinaryTreeTest_EmptyTreeOperations_TestD1Ev:
function _ZN39BinaryTreeTest_EmptyTreeOperations_TestD1Ev called 0 returned 0% blocks executed 0%
    #####:  334:TEST_F(BinaryTreeTest, EmptyTreeOperations) {
    %%%%%:  334-block  0
call    0 never executed
------------------
_ZN39BinaryTreeTest_EmptyTreeOperations_Test8TestBodyEv:
function _ZN39BinaryTreeTest_EmptyTreeOperations_Test8TestBodyEv called 0 returned 0% blocks executed 0%
    #####:  334:TEST_F(BinaryTreeTest, EmptyTreeOperations) {
    #####:  335:    EXPECT_THROW(empty_tree.get_value(1), std::out_of_range);
    %%%%%:  335-block  0
call    0 never executed
call    1 never executed
branch  2 never executed (fallthrough)
branch  3 never executed
    %%%%%:  335-block  1
call    4 never executed
branch  5 never executed (fallthrough)
branch  6 never executed (throw)
    %%%%%:  335-block  2
branch  7 never executed (fallthrough)
branch  8 never executed
    %%%%%:  335-block  3
call    9 never executed
branch 10 never executed (fallthrough)
branch 11 never executed (throw)
    %%%%%:  335-block  4
    %%%%%:  335-block  5
branch 12 never executed (fallthrough)
branch 13 never executed
    %%%%%:  335-block  6
call   14 never executed
branch 15 never executed (fallthrough)
branch 16 never executed (throw)
    %%%%%:  335-block  7
    %%%%%:  335-block  8
call   17 never executed
branch 18 never executed (fallthrough)
branch 19 never executed (throw)
    %%%%%:  335-block  9
call   20 never executed
call   21 never executed
branch 22 never executed (fallthrough)
branch 23 never executed (throw)
    %%%%%:  335-block 10
call   24 never executed
branch 25 never executed (fallthrough)
branch 26 never executed (throw)
    %%%%%:  335-block 11
call   27 never executed
call   28 never executed
    %%%%%:  335-block 12
call   29 never executed
    $$$$$:  335-block 13
    $$$$$:  335-block 14
branch 30 never executed
branch 31 never executed
branch 32 never executed
    $$$$$:  335-block 15
call   33 never executed
call   34 never executed
    $$$$$:  335-block 16
call   35 never executed
call   36 never executed
branch 37 never executed (fallthrough)
branch 38 never executed (throw)
    $$$$$:  335-block 17
call   39 never executed
branch 40 never executed (fallthrough)
branch 41 never executed (throw)
    $$$$$:  335-block 18
call   42 never executed
branch 43 never executed (fallthrough)
branch 44 never executed (throw)
    $$$$$:  335-block 19
call   45 never executed
call   46 never executed
branch 47 never executed (fallthrough)
branch 48 never executed (throw)
    $$$$$:  335-block 20
call   49 never executed
call   50 never executed
branch 51 never executed (fallthrough)
branch 52 never executed (throw)
    $$$$$:  335-block 21
call   53 never executed
branch 54 never executed (fallthrough)
branch 55 never executed (throw)
    $$$$$:  335-block 22
    $$$$$:  335-block 23
call   56 never executed
    $$$$$:  335-block 24
call   57 never executed
call   58 never executed
branch 59 never executed (fallthrough)
branch 60 never executed (throw)
    $$$$$:  335-block 25
    $$$$$:  335-block 26
call   61 never executed
branch 62 never executed (fallthrough)
branch 63 never executed (throw)
    $$$$$:  335-block 27
call   64 never executed
    $$$$$:  335-block 28
    $$$$$:  335-block 29
call   65 never executed
    $$$$$:  335-block 30
call   66 never executed
    $$$$$:  335-block 31
call   67 never executed
    $$$$$:  335-block 32
    $$$$$:  335-block 33
call   68 never executed
    $$$$$:  335-block 34
    $$$$$:  335-block 35
call   69 never executed
    #####:  336:    EXPECT_FALSE(empty_tree.delete_helper(1));
call    0 never executed
branch  1 never executed (fallthrough)
branch  2 never executed (throw)
    %%%%%:  336-block  0
call    3 never executed
call    4 never executed
branch  5 never executed (fallthrough)
branch  6 never executed
    %%%%%:  336-block  1
call    7 never executed
branch  8 never executed (fallthrough)
branch  9 never executed (throw)
    %%%%%:  336-block  2
call   10 never executed
branch 11 never executed (fallthrough)
branch 12 never executed (throw)
    %%%%%:  336-block  3
call   13 never executed
call   14 never executed
branch 15 never executed (fallthrough)
branch 16 never executed (throw)
    %%%%%:  336-block  4
call   17 never executed
branch 18 never executed (fallthrough)
branch 19 never executed (throw)
    %%%%%:  336-block  5
call   20 never executed
call   21 never executed
call   22 never executed
    %%%%%:  336-block  6
call   23 never executed
    $$$$$:  336-block  7
    $$$$$:  336-block  8
    $$$$$:  336-block  9
call   24 never executed
    $$$$$:  336-block 10
call   25 never executed
    $$$$$:  336-block 11
    $$$$$:  336-block 12
    $$$$$:  336-block 13
call   26 never executed
    $$$$$:  336-block 14
    $$$$$:  336-block 15
call   27 never executed
    #####:  337:    EXPECT_FALSE(empty_tree.contains_node(1));
call    0 never executed
branch  1 never executed (fallthrough)
branch  2 never executed (throw)
    %%%%%:  337-block  0
call    3 never executed
call    4 never executed
branch  5 never executed (fallthrough)
branch  6 never executed
    %%%%%:  337-block  1
call    7 never executed
branch  8 never executed (fallthrough)
branch  9 never executed (throw)
    %%%%%:  337-block  2
call   10 never executed
branch 11 never executed (fallthrough)
branch 12 never executed (throw)
    %%%%%:  337-block  3
call   13 never executed
call   14 never executed
branch 15 never executed (fallthrough)
branch 16 never executed (throw)
    %%%%%:  337-block  4
call   17 never executed
branch 18 never executed (fallthrough)
branch 19 never executed (throw)
    %%%%%:  337-block  5
call   20 never executed
call   21 never executed
call   22 never executed
    %%%%%:  337-block  6
call   23 never executed
    $$$$$:  337-block  7
    $$$$$:  337-block  8
    $$$$$:  337-block  9
call   24 never executed
    $$$$$:  337-block 10
call   25 never executed
    $$$$$:  337-block 11
    $$$$$:  337-block 12
    $$$$$:  337-block 13
call   26 never executed
    $$$$$:  337-block 14
    $$$$$:  337-block 15
call   27 never executed
    #####:  338:}
------------------
