        -:    0:Source:C:/Users/aleks/CLionProjects/sem3_l1_ppois/Tests/String_validator_test.cpp
        -:    0:Graph:C:\Users\aleks\CLionProjects\sem3_l1_ppois\cmake-build-debug\Tests\CMakeFiles\Tests.dir\String_validator_test.cpp.gcno
        -:    0:Data:C:\Users\aleks\CLionProjects\sem3_l1_ppois\cmake-build-debug\Tests\CMakeFiles\Tests.dir\String_validator_test.cpp.gcda
        -:    0:Runs:1
        -:    1:#include <gtest/gtest.h>
        -:    2:#include <string>
        -:    3:#include <stdexcept>
        -:    4:#include "String_validator.h"
        -:    5:
        -:    6:using namespace std;
        -:    7:
        -:    8:class StringValidatorTest : public ::testing::Test {
        -:    9:protected:
function _ZN19StringValidatorTest5SetUpEv called 0 returned 0% blocks executed 0%
    #####:   10:    void SetUp() override {
        -:   11:
    #####:   12:        validEnglishWord = "hello";
    %%%%%:   12-block  0
call    0 never executed
    #####:   13:        validEnglishWordWithApostrophe = "don't";
call    0 never executed
    #####:   14:        validEnglishWordWithHyphen = "state-of-the-art";
call    0 never executed
    #####:   15:        invalidEnglishWordWithNumber = "hello123";
call    0 never executed
    #####:   16:        invalidEnglishWordWithSpecialChar = "hello@world";
call    0 never executed
        -:   17:
    #####:   18:        validRussianWord = "привет";
call    0 never executed
    #####:   19:        validRussianWordYo = "ёлка";
call    0 never executed
    #####:   20:        validRussianWordWithApostrophe = "кто-то";
call    0 never executed
    #####:   21:        validRussianWordWithHyphen = "северо-запад";
call    0 never executed
    #####:   22:        invalidRussianWordWithLatin = "приветhello";
call    0 never executed
    #####:   23:        invalidRussianWordWithNumber = "привет123";
call    0 never executed
        -:   24:
    #####:   25:        shortWord = "a";
call    0 never executed
    #####:   26:        longWord = "supercalifragilisticexpialidocioussuperlongword";
call    0 never executed
    #####:   27:        normalWord = "normal";
call    0 never executed
        -:   28:
    #####:   29:        stringWithSpaces = "   hello world  ";
call    0 never executed
    #####:   30:        stringWithTabs = "\t\ttest\t\t";
call    0 never executed
    #####:   31:        stringWithNewlines = "\n\nstring\n\n";
call    0 never executed
    #####:   32:        stringOnlySpaces = "     ";
call    0 never executed
    #####:   33:        emptyString = "";
call    0 never executed
    #####:   34:    }
        -:   35:
function _ZN19StringValidatorTest8TearDownEv called 0 returned 0% blocks executed 0%
    #####:   36:    void TearDown() override {
        -:   37:        // Очистка при необходимости
    #####:   38:    }
        -:   39:
        -:   40:    string validEnglishWord;
        -:   41:    string validEnglishWordWithApostrophe;
        -:   42:    string validEnglishWordWithHyphen;
        -:   43:    string invalidEnglishWordWithNumber;
        -:   44:    string invalidEnglishWordWithSpecialChar;
        -:   45:
        -:   46:    string validRussianWord;
        -:   47:    string validRussianWordYo;
        -:   48:    string validRussianWordWithApostrophe;
        -:   49:    string validRussianWordWithHyphen;
        -:   50:    string invalidRussianWordWithLatin;
        -:   51:    string invalidRussianWordWithNumber;
        -:   52:
        -:   53:    string shortWord;
        -:   54:    string longWord;
        -:   55:    string normalWord;
        -:   56:
        -:   57:    string stringWithSpaces;
        -:   58:    string stringWithTabs;
        -:   59:    string stringWithNewlines;
        -:   60:    string stringOnlySpaces;
        -:   61:    string emptyString;
        -:   62:};
        -:   63:
    #####:   64:TEST_F(StringValidatorTest, ValidEnglishWord_ValidWords) {
    #####:   65:    EXPECT_TRUE(string_validator::valid_english_word(validEnglishWord));
    #####:   66:    EXPECT_TRUE(string_validator::valid_english_word(validEnglishWordWithApostrophe));
    #####:   67:    EXPECT_TRUE(string_validator::valid_english_word(validEnglishWordWithHyphen));
    #####:   68:    EXPECT_TRUE(string_validator::valid_english_word("TEST"));
    #####:   69:    EXPECT_TRUE(string_validator::valid_english_word("McDonald's"));
    #####:   70:}
------------------
_ZN52StringValidatorTest_ValidEnglishWord_ValidWords_TestC1Ev:
function _ZN52StringValidatorTest_ValidEnglishWord_ValidWords_TestC1Ev called 0 returned 0% blocks executed 0%
    #####:   64:TEST_F(StringValidatorTest, ValidEnglishWord_ValidWords) {
    %%%%%:   64-block  0
call    0 never executed
------------------
_ZN52StringValidatorTest_ValidEnglishWord_ValidWords_TestD0Ev:
function _ZN52StringValidatorTest_ValidEnglishWord_ValidWords_TestD0Ev called 0 returned 0% blocks executed 0%
    #####:   64:TEST_F(StringValidatorTest, ValidEnglishWord_ValidWords) {
    %%%%%:   64-block  0
call    0 never executed
call    1 never executed
------------------
_ZN52StringValidatorTest_ValidEnglishWord_ValidWords_TestD1Ev:
function _ZN52StringValidatorTest_ValidEnglishWord_ValidWords_TestD1Ev called 0 returned 0% blocks executed 0%
    #####:   64:TEST_F(StringValidatorTest, ValidEnglishWord_ValidWords) {
    %%%%%:   64-block  0
call    0 never executed
------------------
_ZN52StringValidatorTest_ValidEnglishWord_ValidWords_Test8TestBodyEv:
function _ZN52StringValidatorTest_ValidEnglishWord_ValidWords_Test8TestBodyEv called 0 returned 0% blocks executed 0%
    #####:   64:TEST_F(StringValidatorTest, ValidEnglishWord_ValidWords) {
    #####:   65:    EXPECT_TRUE(string_validator::valid_english_word(validEnglishWord));
    %%%%%:   65-block  0
call    0 never executed
branch  1 never executed (fallthrough)
branch  2 never executed (throw)
    %%%%%:   65-block  1
call    3 never executed
call    4 never executed
branch  5 never executed (fallthrough)
branch  6 never executed
    %%%%%:   65-block  2
call    7 never executed
branch  8 never executed (fallthrough)
branch  9 never executed (throw)
    %%%%%:   65-block  3
call   10 never executed
branch 11 never executed (fallthrough)
branch 12 never executed (throw)
    %%%%%:   65-block  4
call   13 never executed
call   14 never executed
branch 15 never executed (fallthrough)
branch 16 never executed (throw)
    %%%%%:   65-block  5
call   17 never executed
branch 18 never executed (fallthrough)
branch 19 never executed (throw)
    %%%%%:   65-block  6
call   20 never executed
call   21 never executed
call   22 never executed
    %%%%%:   65-block  7
call   23 never executed
    $$$$$:   65-block  8
    $$$$$:   65-block  9
call   24 never executed
    $$$$$:   65-block 10
call   25 never executed
    $$$$$:   65-block 11
    $$$$$:   65-block 12
    $$$$$:   65-block 13
call   26 never executed
    $$$$$:   65-block 14
    $$$$$:   65-block 15
call   27 never executed
    #####:   66:    EXPECT_TRUE(string_validator::valid_english_word(validEnglishWordWithApostrophe));
call    0 never executed
branch  1 never executed (fallthrough)
branch  2 never executed (throw)
    %%%%%:   66-block  0
call    3 never executed
call    4 never executed
branch  5 never executed (fallthrough)
branch  6 never executed
    %%%%%:   66-block  1
call    7 never executed
branch  8 never executed (fallthrough)
branch  9 never executed (throw)
    %%%%%:   66-block  2
call   10 never executed
branch 11 never executed (fallthrough)
branch 12 never executed (throw)
    %%%%%:   66-block  3
call   13 never executed
call   14 never executed
branch 15 never executed (fallthrough)
branch 16 never executed (throw)
    %%%%%:   66-block  4
call   17 never executed
branch 18 never executed (fallthrough)
branch 19 never executed (throw)
    %%%%%:   66-block  5
call   20 never executed
call   21 never executed
call   22 never executed
    %%%%%:   66-block  6
call   23 never executed
    $$$$$:   66-block  7
    $$$$$:   66-block  8
call   24 never executed
    $$$$$:   66-block  9
call   25 never executed
    $$$$$:   66-block 10
    $$$$$:   66-block 11
    $$$$$:   66-block 12
call   26 never executed
    $$$$$:   66-block 13
    $$$$$:   66-block 14
call   27 never executed
    #####:   67:    EXPECT_TRUE(string_validator::valid_english_word(validEnglishWordWithHyphen));
call    0 never executed
branch  1 never executed (fallthrough)
branch  2 never executed (throw)
    %%%%%:   67-block  0
call    3 never executed
call    4 never executed
branch  5 never executed (fallthrough)
branch  6 never executed
    %%%%%:   67-block  1
call    7 never executed
branch  8 never executed (fallthrough)
branch  9 never executed (throw)
    %%%%%:   67-block  2
call   10 never executed
branch 11 never executed (fallthrough)
branch 12 never executed (throw)
    %%%%%:   67-block  3
call   13 never executed
call   14 never executed
branch 15 never executed (fallthrough)
branch 16 never executed (throw)
    %%%%%:   67-block  4
call   17 never executed
branch 18 never executed (fallthrough)
branch 19 never executed (throw)
    %%%%%:   67-block  5
call   20 never executed
call   21 never executed
call   22 never executed
    %%%%%:   67-block  6
call   23 never executed
    $$$$$:   67-block  7
    $$$$$:   67-block  8
call   24 never executed
    $$$$$:   67-block  9
call   25 never executed
    $$$$$:   67-block 10
    $$$$$:   67-block 11
    $$$$$:   67-block 12
call   26 never executed
    $$$$$:   67-block 13
    $$$$$:   67-block 14
call   27 never executed
    #####:   68:    EXPECT_TRUE(string_validator::valid_english_word("TEST"));
    %%%%%:   68-block  0
call    0 never executed
branch  1 never executed (fallthrough)
branch  2 never executed (throw)
    %%%%%:   68-block  1
call    3 never executed
branch  4 never executed (fallthrough)
branch  5 never executed (throw)
    %%%%%:   68-block  2
call    6 never executed
call    7 never executed
call    8 never executed
branch  9 never executed (fallthrough)
branch 10 never executed
    %%%%%:   68-block  3
call   11 never executed
branch 12 never executed (fallthrough)
branch 13 never executed (throw)
    %%%%%:   68-block  4
call   14 never executed
branch 15 never executed (fallthrough)
branch 16 never executed (throw)
    %%%%%:   68-block  5
call   17 never executed
call   18 never executed
branch 19 never executed (fallthrough)
branch 20 never executed (throw)
    %%%%%:   68-block  6
call   21 never executed
branch 22 never executed (fallthrough)
branch 23 never executed (throw)
    %%%%%:   68-block  7
call   24 never executed
call   25 never executed
call   26 never executed
    %%%%%:   68-block  8
call   27 never executed
    $$$$$:   68-block  9
call   28 never executed
    $$$$$:   68-block 10
    $$$$$:   68-block 11
    $$$$$:   68-block 12
    $$$$$:   68-block 13
call   29 never executed
    $$$$$:   68-block 14
call   30 never executed
    $$$$$:   68-block 15
    $$$$$:   68-block 16
    $$$$$:   68-block 17
call   31 never executed
    $$$$$:   68-block 18
    $$$$$:   68-block 19
call   32 never executed
    #####:   69:    EXPECT_TRUE(string_validator::valid_english_word("McDonald's"));
    %%%%%:   69-block  0
call    0 never executed
branch  1 never executed (fallthrough)
branch  2 never executed (throw)
    %%%%%:   69-block  1
call    3 never executed
branch  4 never executed (fallthrough)
branch  5 never executed (throw)
    %%%%%:   69-block  2
call    6 never executed
call    7 never executed
call    8 never executed
branch  9 never executed (fallthrough)
branch 10 never executed
    %%%%%:   69-block  3
call   11 never executed
branch 12 never executed (fallthrough)
branch 13 never executed (throw)
    %%%%%:   69-block  4
call   14 never executed
branch 15 never executed (fallthrough)
branch 16 never executed (throw)
    %%%%%:   69-block  5
call   17 never executed
call   18 never executed
branch 19 never executed (fallthrough)
branch 20 never executed (throw)
    %%%%%:   69-block  6
call   21 never executed
branch 22 never executed (fallthrough)
branch 23 never executed (throw)
    %%%%%:   69-block  7
call   24 never executed
call   25 never executed
call   26 never executed
    %%%%%:   69-block  8
call   27 never executed
    $$$$$:   69-block  9
call   28 never executed
    $$$$$:   69-block 10
    $$$$$:   69-block 11
    $$$$$:   69-block 12
    $$$$$:   69-block 13
call   29 never executed
    $$$$$:   69-block 14
call   30 never executed
    $$$$$:   69-block 15
    $$$$$:   69-block 16
    $$$$$:   69-block 17
call   31 never executed
    $$$$$:   69-block 18
    $$$$$:   69-block 19
call   32 never executed
    #####:   70:}
------------------
        -:   71:
    #####:   72:TEST_F(StringValidatorTest, ValidEnglishWord_InvalidCharacters) {
    #####:   73:    EXPECT_FALSE(string_validator::valid_english_word(invalidEnglishWordWithNumber));
    #####:   74:    EXPECT_FALSE(string_validator::valid_english_word(invalidEnglishWordWithSpecialChar));
    #####:   75:    EXPECT_FALSE(string_validator::valid_english_word("hello!"));
    #####:   76:    EXPECT_FALSE(string_validator::valid_english_word("hello.world"));
    #####:   77:    EXPECT_FALSE(string_validator::valid_english_word("hello world"));
    #####:   78:}
------------------
_ZN59StringValidatorTest_ValidEnglishWord_InvalidCharacters_TestC1Ev:
function _ZN59StringValidatorTest_ValidEnglishWord_InvalidCharacters_TestC1Ev called 0 returned 0% blocks executed 0%
    #####:   72:TEST_F(StringValidatorTest, ValidEnglishWord_InvalidCharacters) {
    %%%%%:   72-block  0
call    0 never executed
------------------
_ZN59StringValidatorTest_ValidEnglishWord_InvalidCharacters_TestD0Ev:
function _ZN59StringValidatorTest_ValidEnglishWord_InvalidCharacters_TestD0Ev called 0 returned 0% blocks executed 0%
    #####:   72:TEST_F(StringValidatorTest, ValidEnglishWord_InvalidCharacters) {
    %%%%%:   72-block  0
call    0 never executed
call    1 never executed
------------------
_ZN59StringValidatorTest_ValidEnglishWord_InvalidCharacters_TestD1Ev:
function _ZN59StringValidatorTest_ValidEnglishWord_InvalidCharacters_TestD1Ev called 0 returned 0% blocks executed 0%
    #####:   72:TEST_F(StringValidatorTest, ValidEnglishWord_InvalidCharacters) {
    %%%%%:   72-block  0
call    0 never executed
------------------
_ZN59StringValidatorTest_ValidEnglishWord_InvalidCharacters_Test8TestBodyEv:
function _ZN59StringValidatorTest_ValidEnglishWord_InvalidCharacters_Test8TestBodyEv called 0 returned 0% blocks executed 0%
    #####:   72:TEST_F(StringValidatorTest, ValidEnglishWord_InvalidCharacters) {
    #####:   73:    EXPECT_FALSE(string_validator::valid_english_word(invalidEnglishWordWithNumber));
    %%%%%:   73-block  0
call    0 never executed
branch  1 never executed (fallthrough)
branch  2 never executed (throw)
    %%%%%:   73-block  1
call    3 never executed
call    4 never executed
branch  5 never executed (fallthrough)
branch  6 never executed
    %%%%%:   73-block  2
call    7 never executed
branch  8 never executed (fallthrough)
branch  9 never executed (throw)
    %%%%%:   73-block  3
call   10 never executed
branch 11 never executed (fallthrough)
branch 12 never executed (throw)
    %%%%%:   73-block  4
call   13 never executed
call   14 never executed
branch 15 never executed (fallthrough)
branch 16 never executed (throw)
    %%%%%:   73-block  5
call   17 never executed
branch 18 never executed (fallthrough)
branch 19 never executed (throw)
    %%%%%:   73-block  6
call   20 never executed
call   21 never executed
call   22 never executed
    %%%%%:   73-block  7
call   23 never executed
    $$$$$:   73-block  8
    $$$$$:   73-block  9
call   24 never executed
    $$$$$:   73-block 10
call   25 never executed
    $$$$$:   73-block 11
    $$$$$:   73-block 12
    $$$$$:   73-block 13
call   26 never executed
    $$$$$:   73-block 14
    $$$$$:   73-block 15
call   27 never executed
    #####:   74:    EXPECT_FALSE(string_validator::valid_english_word(invalidEnglishWordWithSpecialChar));
call    0 never executed
branch  1 never executed (fallthrough)
branch  2 never executed (throw)
    %%%%%:   74-block  0
call    3 never executed
call    4 never executed
branch  5 never executed (fallthrough)
branch  6 never executed
    %%%%%:   74-block  1
call    7 never executed
branch  8 never executed (fallthrough)
branch  9 never executed (throw)
    %%%%%:   74-block  2
call   10 never executed
branch 11 never executed (fallthrough)
branch 12 never executed (throw)
    %%%%%:   74-block  3
call   13 never executed
call   14 never executed
branch 15 never executed (fallthrough)
branch 16 never executed (throw)
    %%%%%:   74-block  4
call   17 never executed
branch 18 never executed (fallthrough)
branch 19 never executed (throw)
    %%%%%:   74-block  5
call   20 never executed
call   21 never executed
call   22 never executed
    %%%%%:   74-block  6
call   23 never executed
    $$$$$:   74-block  7
    $$$$$:   74-block  8
call   24 never executed
    $$$$$:   74-block  9
call   25 never executed
    $$$$$:   74-block 10
    $$$$$:   74-block 11
    $$$$$:   74-block 12
call   26 never executed
    $$$$$:   74-block 13
    $$$$$:   74-block 14
call   27 never executed
    #####:   75:    EXPECT_FALSE(string_validator::valid_english_word("hello!"));
    %%%%%:   75-block  0
call    0 never executed
branch  1 never executed (fallthrough)
branch  2 never executed (throw)
    %%%%%:   75-block  1
call    3 never executed
branch  4 never executed (fallthrough)
branch  5 never executed (throw)
    %%%%%:   75-block  2
call    6 never executed
call    7 never executed
call    8 never executed
branch  9 never executed (fallthrough)
branch 10 never executed
    %%%%%:   75-block  3
call   11 never executed
branch 12 never executed (fallthrough)
branch 13 never executed (throw)
    %%%%%:   75-block  4
call   14 never executed
branch 15 never executed (fallthrough)
branch 16 never executed (throw)
    %%%%%:   75-block  5
call   17 never executed
call   18 never executed
branch 19 never executed (fallthrough)
branch 20 never executed (throw)
    %%%%%:   75-block  6
call   21 never executed
branch 22 never executed (fallthrough)
branch 23 never executed (throw)
    %%%%%:   75-block  7
call   24 never executed
call   25 never executed
call   26 never executed
    %%%%%:   75-block  8
call   27 never executed
    $$$$$:   75-block  9
call   28 never executed
    $$$$$:   75-block 10
    $$$$$:   75-block 11
    $$$$$:   75-block 12
    $$$$$:   75-block 13
call   29 never executed
    $$$$$:   75-block 14
call   30 never executed
    $$$$$:   75-block 15
    $$$$$:   75-block 16
    $$$$$:   75-block 17
call   31 never executed
    $$$$$:   75-block 18
    $$$$$:   75-block 19
call   32 never executed
    #####:   76:    EXPECT_FALSE(string_validator::valid_english_word("hello.world"));
    %%%%%:   76-block  0
call    0 never executed
branch  1 never executed (fallthrough)
branch  2 never executed (throw)
    %%%%%:   76-block  1
call    3 never executed
branch  4 never executed (fallthrough)
branch  5 never executed (throw)
    %%%%%:   76-block  2
call    6 never executed
call    7 never executed
call    8 never executed
branch  9 never executed (fallthrough)
branch 10 never executed
    %%%%%:   76-block  3
call   11 never executed
branch 12 never executed (fallthrough)
branch 13 never executed (throw)
    %%%%%:   76-block  4
call   14 never executed
branch 15 never executed (fallthrough)
branch 16 never executed (throw)
    %%%%%:   76-block  5
call   17 never executed
call   18 never executed
branch 19 never executed (fallthrough)
branch 20 never executed (throw)
    %%%%%:   76-block  6
call   21 never executed
branch 22 never executed (fallthrough)
branch 23 never executed (throw)
    %%%%%:   76-block  7
call   24 never executed
call   25 never executed
call   26 never executed
    %%%%%:   76-block  8
call   27 never executed
    $$$$$:   76-block  9
call   28 never executed
    $$$$$:   76-block 10
    $$$$$:   76-block 11
    $$$$$:   76-block 12
    $$$$$:   76-block 13
call   29 never executed
    $$$$$:   76-block 14
call   30 never executed
    $$$$$:   76-block 15
    $$$$$:   76-block 16
    $$$$$:   76-block 17
call   31 never executed
    $$$$$:   76-block 18
    $$$$$:   76-block 19
call   32 never executed
    #####:   77:    EXPECT_FALSE(string_validator::valid_english_word("hello world"));
    %%%%%:   77-block  0
call    0 never executed
branch  1 never executed (fallthrough)
branch  2 never executed (throw)
    %%%%%:   77-block  1
call    3 never executed
branch  4 never executed (fallthrough)
branch  5 never executed (throw)
    %%%%%:   77-block  2
call    6 never executed
call    7 never executed
call    8 never executed
branch  9 never executed (fallthrough)
branch 10 never executed
    %%%%%:   77-block  3
call   11 never executed
branch 12 never executed (fallthrough)
branch 13 never executed (throw)
    %%%%%:   77-block  4
call   14 never executed
branch 15 never executed (fallthrough)
branch 16 never executed (throw)
    %%%%%:   77-block  5
call   17 never executed
call   18 never executed
branch 19 never executed (fallthrough)
branch 20 never executed (throw)
    %%%%%:   77-block  6
call   21 never executed
branch 22 never executed (fallthrough)
branch 23 never executed (throw)
    %%%%%:   77-block  7
call   24 never executed
call   25 never executed
call   26 never executed
    %%%%%:   77-block  8
call   27 never executed
    $$$$$:   77-block  9
call   28 never executed
    $$$$$:   77-block 10
    $$$$$:   77-block 11
    $$$$$:   77-block 12
    $$$$$:   77-block 13
call   29 never executed
    $$$$$:   77-block 14
call   30 never executed
    $$$$$:   77-block 15
    $$$$$:   77-block 16
    $$$$$:   77-block 17
call   31 never executed
    $$$$$:   77-block 18
    $$$$$:   77-block 19
call   32 never executed
    #####:   78:}
------------------
        -:   79:
    #####:   80:TEST_F(StringValidatorTest, ValidEnglishWord_BoundaryLength) {
    #####:   81:    EXPECT_TRUE(string_validator::valid_english_word(shortWord));
    #####:   82:    EXPECT_TRUE(string_validator::valid_english_word(normalWord));
        -:   83:
    #####:   84:    string maxLengthWord(50, 'a');
    #####:   85:    EXPECT_TRUE(string_validator::valid_english_word(maxLengthWord));
        -:   86:
    #####:   87:    string tooLongWord(51, 'a');
    #####:   88:    EXPECT_FALSE(string_validator::valid_english_word(tooLongWord));
    #####:   89:}
------------------
_ZN56StringValidatorTest_ValidEnglishWord_BoundaryLength_TestC1Ev:
function _ZN56StringValidatorTest_ValidEnglishWord_BoundaryLength_TestC1Ev called 0 returned 0% blocks executed 0%
    #####:   80:TEST_F(StringValidatorTest, ValidEnglishWord_BoundaryLength) {
    %%%%%:   80-block  0
call    0 never executed
------------------
_ZN56StringValidatorTest_ValidEnglishWord_BoundaryLength_TestD0Ev:
function _ZN56StringValidatorTest_ValidEnglishWord_BoundaryLength_TestD0Ev called 0 returned 0% blocks executed 0%
    #####:   80:TEST_F(StringValidatorTest, ValidEnglishWord_BoundaryLength) {
    %%%%%:   80-block  0
call    0 never executed
call    1 never executed
------------------
_ZN56StringValidatorTest_ValidEnglishWord_BoundaryLength_TestD1Ev:
function _ZN56StringValidatorTest_ValidEnglishWord_BoundaryLength_TestD1Ev called 0 returned 0% blocks executed 0%
    #####:   80:TEST_F(StringValidatorTest, ValidEnglishWord_BoundaryLength) {
    %%%%%:   80-block  0
call    0 never executed
------------------
_ZN56StringValidatorTest_ValidEnglishWord_BoundaryLength_Test8TestBodyEv:
function _ZN56StringValidatorTest_ValidEnglishWord_BoundaryLength_Test8TestBodyEv called 0 returned 0% blocks executed 0%
    #####:   80:TEST_F(StringValidatorTest, ValidEnglishWord_BoundaryLength) {
    #####:   81:    EXPECT_TRUE(string_validator::valid_english_word(shortWord));
    %%%%%:   81-block  0
call    0 never executed
branch  1 never executed (fallthrough)
branch  2 never executed (throw)
    %%%%%:   81-block  1
call    3 never executed
call    4 never executed
branch  5 never executed (fallthrough)
branch  6 never executed
    %%%%%:   81-block  2
call    7 never executed
branch  8 never executed (fallthrough)
branch  9 never executed (throw)
    %%%%%:   81-block  3
call   10 never executed
branch 11 never executed (fallthrough)
branch 12 never executed (throw)
    %%%%%:   81-block  4
call   13 never executed
call   14 never executed
branch 15 never executed (fallthrough)
branch 16 never executed (throw)
    %%%%%:   81-block  5
call   17 never executed
branch 18 never executed (fallthrough)
branch 19 never executed (throw)
    %%%%%:   81-block  6
call   20 never executed
call   21 never executed
call   22 never executed
    %%%%%:   81-block  7
call   23 never executed
    $$$$$:   81-block  8
    $$$$$:   81-block  9
call   24 never executed
    $$$$$:   81-block 10
call   25 never executed
    $$$$$:   81-block 11
    $$$$$:   81-block 12
    $$$$$:   81-block 13
call   26 never executed
    $$$$$:   81-block 14
    $$$$$:   81-block 15
call   27 never executed
    #####:   82:    EXPECT_TRUE(string_validator::valid_english_word(normalWord));
call    0 never executed
branch  1 never executed (fallthrough)
branch  2 never executed (throw)
    %%%%%:   82-block  0
call    3 never executed
call    4 never executed
branch  5 never executed (fallthrough)
branch  6 never executed
    %%%%%:   82-block  1
call    7 never executed
branch  8 never executed (fallthrough)
branch  9 never executed (throw)
    %%%%%:   82-block  2
call   10 never executed
branch 11 never executed (fallthrough)
branch 12 never executed (throw)
    %%%%%:   82-block  3
call   13 never executed
call   14 never executed
branch 15 never executed (fallthrough)
branch 16 never executed (throw)
    %%%%%:   82-block  4
call   17 never executed
branch 18 never executed (fallthrough)
branch 19 never executed (throw)
    %%%%%:   82-block  5
call   20 never executed
call   21 never executed
call   22 never executed
    %%%%%:   82-block  6
call   23 never executed
    $$$$$:   82-block  7
    $$$$$:   82-block  8
call   24 never executed
    $$$$$:   82-block  9
call   25 never executed
    $$$$$:   82-block 10
    $$$$$:   82-block 11
    $$$$$:   82-block 12
call   26 never executed
    $$$$$:   82-block 13
    $$$$$:   82-block 14
call   27 never executed
        -:   83:
    #####:   84:    string maxLengthWord(50, 'a');
    %%%%%:   84-block  0
call    0 never executed
branch  1 never executed (fallthrough)
branch  2 never executed (throw)
call    3 never executed
    $$$$$:   84-block  1
    $$$$$:   84-block  2
call    4 never executed
    #####:   85:    EXPECT_TRUE(string_validator::valid_english_word(maxLengthWord));
call    0 never executed
branch  1 never executed (fallthrough)
branch  2 never executed (throw)
    %%%%%:   85-block  0
call    3 never executed
call    4 never executed
branch  5 never executed (fallthrough)
branch  6 never executed
    %%%%%:   85-block  1
call    7 never executed
branch  8 never executed (fallthrough)
branch  9 never executed (throw)
    %%%%%:   85-block  2
call   10 never executed
branch 11 never executed (fallthrough)
branch 12 never executed (throw)
    %%%%%:   85-block  3
call   13 never executed
call   14 never executed
branch 15 never executed (fallthrough)
branch 16 never executed (throw)
    %%%%%:   85-block  4
call   17 never executed
branch 18 never executed (fallthrough)
branch 19 never executed (throw)
    %%%%%:   85-block  5
call   20 never executed
call   21 never executed
call   22 never executed
    %%%%%:   85-block  6
call   23 never executed
    $$$$$:   85-block  7
    $$$$$:   85-block  8
call   24 never executed
    $$$$$:   85-block  9
call   25 never executed
    $$$$$:   85-block 10
    $$$$$:   85-block 11
    $$$$$:   85-block 12
call   26 never executed
    $$$$$:   85-block 13
    $$$$$:   85-block 14
call   27 never executed
        -:   86:
    #####:   87:    string tooLongWord(51, 'a');
    %%%%%:   87-block  0
call    0 never executed
branch  1 never executed (fallthrough)
branch  2 never executed (throw)
call    3 never executed
    $$$$$:   87-block  1
    $$$$$:   87-block  2
call    4 never executed
    #####:   88:    EXPECT_FALSE(string_validator::valid_english_word(tooLongWord));
call    0 never executed
branch  1 never executed (fallthrough)
branch  2 never executed (throw)
    %%%%%:   88-block  0
call    3 never executed
call    4 never executed
branch  5 never executed (fallthrough)
branch  6 never executed
    %%%%%:   88-block  1
call    7 never executed
branch  8 never executed (fallthrough)
branch  9 never executed (throw)
    %%%%%:   88-block  2
call   10 never executed
branch 11 never executed (fallthrough)
branch 12 never executed (throw)
    %%%%%:   88-block  3
call   13 never executed
call   14 never executed
branch 15 never executed (fallthrough)
branch 16 never executed (throw)
    %%%%%:   88-block  4
call   17 never executed
branch 18 never executed (fallthrough)
branch 19 never executed (throw)
    %%%%%:   88-block  5
call   20 never executed
call   21 never executed
call   22 never executed
    %%%%%:   88-block  6
call   23 never executed
    $$$$$:   88-block  7
    $$$$$:   88-block  8
call   24 never executed
    $$$$$:   88-block  9
call   25 never executed
    $$$$$:   88-block 10
    $$$$$:   88-block 11
    $$$$$:   88-block 12
call   26 never executed
    $$$$$:   88-block 13
    $$$$$:   88-block 14
call   27 never executed
    #####:   89:}
------------------
        -:   90:
    #####:   91:TEST_F(StringValidatorTest, ValidEnglishWord_EmptyString) {
    #####:   92:    EXPECT_FALSE(string_validator::valid_english_word(emptyString));
    #####:   93:}
------------------
_ZN53StringValidatorTest_ValidEnglishWord_EmptyString_TestC1Ev:
function _ZN53StringValidatorTest_ValidEnglishWord_EmptyString_TestC1Ev called 0 returned 0% blocks executed 0%
    #####:   91:TEST_F(StringValidatorTest, ValidEnglishWord_EmptyString) {
    %%%%%:   91-block  0
call    0 never executed
------------------
_ZN53StringValidatorTest_ValidEnglishWord_EmptyString_TestD0Ev:
function _ZN53StringValidatorTest_ValidEnglishWord_EmptyString_TestD0Ev called 0 returned 0% blocks executed 0%
    #####:   91:TEST_F(StringValidatorTest, ValidEnglishWord_EmptyString) {
    %%%%%:   91-block  0
call    0 never executed
call    1 never executed
------------------
_ZN53StringValidatorTest_ValidEnglishWord_EmptyString_TestD1Ev:
function _ZN53StringValidatorTest_ValidEnglishWord_EmptyString_TestD1Ev called 0 returned 0% blocks executed 0%
    #####:   91:TEST_F(StringValidatorTest, ValidEnglishWord_EmptyString) {
    %%%%%:   91-block  0
call    0 never executed
------------------
_ZN53StringValidatorTest_ValidEnglishWord_EmptyString_Test8TestBodyEv:
function _ZN53StringValidatorTest_ValidEnglishWord_EmptyString_Test8TestBodyEv called 0 returned 0% blocks executed 0%
    #####:   91:TEST_F(StringValidatorTest, ValidEnglishWord_EmptyString) {
    #####:   92:    EXPECT_FALSE(string_validator::valid_english_word(emptyString));
    %%%%%:   92-block  0
call    0 never executed
branch  1 never executed (fallthrough)
branch  2 never executed (throw)
    %%%%%:   92-block  1
call    3 never executed
call    4 never executed
branch  5 never executed (fallthrough)
branch  6 never executed
    %%%%%:   92-block  2
call    7 never executed
branch  8 never executed (fallthrough)
branch  9 never executed (throw)
    %%%%%:   92-block  3
call   10 never executed
branch 11 never executed (fallthrough)
branch 12 never executed (throw)
    %%%%%:   92-block  4
call   13 never executed
call   14 never executed
branch 15 never executed (fallthrough)
branch 16 never executed (throw)
    %%%%%:   92-block  5
call   17 never executed
branch 18 never executed (fallthrough)
branch 19 never executed (throw)
    %%%%%:   92-block  6
call   20 never executed
call   21 never executed
call   22 never executed
    %%%%%:   92-block  7
call   23 never executed
    $$$$$:   92-block  8
    $$$$$:   92-block  9
call   24 never executed
    $$$$$:   92-block 10
call   25 never executed
    $$$$$:   92-block 11
    $$$$$:   92-block 12
    $$$$$:   92-block 13
call   26 never executed
    $$$$$:   92-block 14
    $$$$$:   92-block 15
call   27 never executed
    #####:   93:}
------------------
        -:   94:
    #####:   95:TEST_F(StringValidatorTest, ValidRussianWord_ValidWords) {
    #####:   96:    EXPECT_TRUE(string_validator::valid_russian_word(validRussianWord));
    #####:   97:    EXPECT_TRUE(string_validator::valid_russian_word(validRussianWordYo));
    #####:   98:    EXPECT_TRUE(string_validator::valid_russian_word(validRussianWordWithApostrophe));
    #####:   99:    EXPECT_TRUE(string_validator::valid_russian_word(validRussianWordWithHyphen));
    #####:  100:    EXPECT_TRUE(string_validator::valid_russian_word("ПРИВЕТ"));
    #####:  101:    EXPECT_TRUE(string_validator::valid_russian_word("привет"));
    #####:  102:    EXPECT_TRUE(string_validator::valid_russian_word("Привет"));
    #####:  103:}
------------------
_ZN52StringValidatorTest_ValidRussianWord_ValidWords_TestC1Ev:
function _ZN52StringValidatorTest_ValidRussianWord_ValidWords_TestC1Ev called 0 returned 0% blocks executed 0%
    #####:   95:TEST_F(StringValidatorTest, ValidRussianWord_ValidWords) {
    %%%%%:   95-block  0
call    0 never executed
------------------
_ZN52StringValidatorTest_ValidRussianWord_ValidWords_TestD0Ev:
function _ZN52StringValidatorTest_ValidRussianWord_ValidWords_TestD0Ev called 0 returned 0% blocks executed 0%
    #####:   95:TEST_F(StringValidatorTest, ValidRussianWord_ValidWords) {
    %%%%%:   95-block  0
call    0 never executed
call    1 never executed
------------------
_ZN52StringValidatorTest_ValidRussianWord_ValidWords_TestD1Ev:
function _ZN52StringValidatorTest_ValidRussianWord_ValidWords_TestD1Ev called 0 returned 0% blocks executed 0%
    #####:   95:TEST_F(StringValidatorTest, ValidRussianWord_ValidWords) {
    %%%%%:   95-block  0
call    0 never executed
------------------
_ZN52StringValidatorTest_ValidRussianWord_ValidWords_Test8TestBodyEv:
function _ZN52StringValidatorTest_ValidRussianWord_ValidWords_Test8TestBodyEv called 0 returned 0% blocks executed 0%
    #####:   95:TEST_F(StringValidatorTest, ValidRussianWord_ValidWords) {
    #####:   96:    EXPECT_TRUE(string_validator::valid_russian_word(validRussianWord));
    %%%%%:   96-block  0
call    0 never executed
branch  1 never executed (fallthrough)
branch  2 never executed (throw)
    %%%%%:   96-block  1
call    3 never executed
call    4 never executed
branch  5 never executed (fallthrough)
branch  6 never executed
    %%%%%:   96-block  2
call    7 never executed
branch  8 never executed (fallthrough)
branch  9 never executed (throw)
    %%%%%:   96-block  3
call   10 never executed
branch 11 never executed (fallthrough)
branch 12 never executed (throw)
    %%%%%:   96-block  4
call   13 never executed
call   14 never executed
branch 15 never executed (fallthrough)
branch 16 never executed (throw)
    %%%%%:   96-block  5
call   17 never executed
branch 18 never executed (fallthrough)
branch 19 never executed (throw)
    %%%%%:   96-block  6
call   20 never executed
call   21 never executed
call   22 never executed
    %%%%%:   96-block  7
call   23 never executed
    $$$$$:   96-block  8
    $$$$$:   96-block  9
call   24 never executed
    $$$$$:   96-block 10
call   25 never executed
    $$$$$:   96-block 11
    $$$$$:   96-block 12
    $$$$$:   96-block 13
call   26 never executed
    $$$$$:   96-block 14
    $$$$$:   96-block 15
call   27 never executed
    #####:   97:    EXPECT_TRUE(string_validator::valid_russian_word(validRussianWordYo));
call    0 never executed
branch  1 never executed (fallthrough)
branch  2 never executed (throw)
    %%%%%:   97-block  0
call    3 never executed
call    4 never executed
branch  5 never executed (fallthrough)
branch  6 never executed
    %%%%%:   97-block  1
call    7 never executed
branch  8 never executed (fallthrough)
branch  9 never executed (throw)
    %%%%%:   97-block  2
call   10 never executed
branch 11 never executed (fallthrough)
branch 12 never executed (throw)
    %%%%%:   97-block  3
call   13 never executed
call   14 never executed
branch 15 never executed (fallthrough)
branch 16 never executed (throw)
    %%%%%:   97-block  4
call   17 never executed
branch 18 never executed (fallthrough)
branch 19 never executed (throw)
    %%%%%:   97-block  5
call   20 never executed
call   21 never executed
call   22 never executed
    %%%%%:   97-block  6
call   23 never executed
    $$$$$:   97-block  7
    $$$$$:   97-block  8
call   24 never executed
    $$$$$:   97-block  9
call   25 never executed
    $$$$$:   97-block 10
    $$$$$:   97-block 11
    $$$$$:   97-block 12
call   26 never executed
    $$$$$:   97-block 13
    $$$$$:   97-block 14
call   27 never executed
    #####:   98:    EXPECT_TRUE(string_validator::valid_russian_word(validRussianWordWithApostrophe));
call    0 never executed
branch  1 never executed (fallthrough)
branch  2 never executed (throw)
    %%%%%:   98-block  0
call    3 never executed
call    4 never executed
branch  5 never executed (fallthrough)
branch  6 never executed
    %%%%%:   98-block  1
call    7 never executed
branch  8 never executed (fallthrough)
branch  9 never executed (throw)
    %%%%%:   98-block  2
call   10 never executed
branch 11 never executed (fallthrough)
branch 12 never executed (throw)
    %%%%%:   98-block  3
call   13 never executed
call   14 never executed
branch 15 never executed (fallthrough)
branch 16 never executed (throw)
    %%%%%:   98-block  4
call   17 never executed
branch 18 never executed (fallthrough)
branch 19 never executed (throw)
    %%%%%:   98-block  5
call   20 never executed
call   21 never executed
call   22 never executed
    %%%%%:   98-block  6
call   23 never executed
    $$$$$:   98-block  7
    $$$$$:   98-block  8
call   24 never executed
    $$$$$:   98-block  9
call   25 never executed
    $$$$$:   98-block 10
    $$$$$:   98-block 11
    $$$$$:   98-block 12
call   26 never executed
    $$$$$:   98-block 13
    $$$$$:   98-block 14
call   27 never executed
    #####:   99:    EXPECT_TRUE(string_validator::valid_russian_word(validRussianWordWithHyphen));
call    0 never executed
branch  1 never executed (fallthrough)
branch  2 never executed (throw)
    %%%%%:   99-block  0
call    3 never executed
call    4 never executed
branch  5 never executed (fallthrough)
branch  6 never executed
    %%%%%:   99-block  1
call    7 never executed
branch  8 never executed (fallthrough)
branch  9 never executed (throw)
    %%%%%:   99-block  2
call   10 never executed
branch 11 never executed (fallthrough)
branch 12 never executed (throw)
    %%%%%:   99-block  3
call   13 never executed
call   14 never executed
branch 15 never executed (fallthrough)
branch 16 never executed (throw)
    %%%%%:   99-block  4
call   17 never executed
branch 18 never executed (fallthrough)
branch 19 never executed (throw)
    %%%%%:   99-block  5
call   20 never executed
call   21 never executed
call   22 never executed
    %%%%%:   99-block  6
call   23 never executed
    $$$$$:   99-block  7
    $$$$$:   99-block  8
call   24 never executed
    $$$$$:   99-block  9
call   25 never executed
    $$$$$:   99-block 10
    $$$$$:   99-block 11
    $$$$$:   99-block 12
call   26 never executed
    $$$$$:   99-block 13
    $$$$$:   99-block 14
call   27 never executed
    #####:  100:    EXPECT_TRUE(string_validator::valid_russian_word("ПРИВЕТ"));
    %%%%%:  100-block  0
call    0 never executed
branch  1 never executed (fallthrough)
branch  2 never executed (throw)
    %%%%%:  100-block  1
call    3 never executed
branch  4 never executed (fallthrough)
branch  5 never executed (throw)
    %%%%%:  100-block  2
call    6 never executed
call    7 never executed
call    8 never executed
branch  9 never executed (fallthrough)
branch 10 never executed
    %%%%%:  100-block  3
call   11 never executed
branch 12 never executed (fallthrough)
branch 13 never executed (throw)
    %%%%%:  100-block  4
call   14 never executed
branch 15 never executed (fallthrough)
branch 16 never executed (throw)
    %%%%%:  100-block  5
call   17 never executed
call   18 never executed
branch 19 never executed (fallthrough)
branch 20 never executed (throw)
    %%%%%:  100-block  6
call   21 never executed
branch 22 never executed (fallthrough)
branch 23 never executed (throw)
    %%%%%:  100-block  7
call   24 never executed
call   25 never executed
call   26 never executed
    %%%%%:  100-block  8
call   27 never executed
    $$$$$:  100-block  9
call   28 never executed
    $$$$$:  100-block 10
    $$$$$:  100-block 11
    $$$$$:  100-block 12
    $$$$$:  100-block 13
call   29 never executed
    $$$$$:  100-block 14
call   30 never executed
    $$$$$:  100-block 15
    $$$$$:  100-block 16
    $$$$$:  100-block 17
call   31 never executed
    $$$$$:  100-block 18
    $$$$$:  100-block 19
call   32 never executed
    #####:  101:    EXPECT_TRUE(string_validator::valid_russian_word("привет"));
    %%%%%:  101-block  0
call    0 never executed
branch  1 never executed (fallthrough)
branch  2 never executed (throw)
    %%%%%:  101-block  1
call    3 never executed
branch  4 never executed (fallthrough)
branch  5 never executed (throw)
    %%%%%:  101-block  2
call    6 never executed
call    7 never executed
call    8 never executed
branch  9 never executed (fallthrough)
branch 10 never executed
    %%%%%:  101-block  3
call   11 never executed
branch 12 never executed (fallthrough)
branch 13 never executed (throw)
    %%%%%:  101-block  4
call   14 never executed
branch 15 never executed (fallthrough)
branch 16 never executed (throw)
    %%%%%:  101-block  5
call   17 never executed
call   18 never executed
branch 19 never executed (fallthrough)
branch 20 never executed (throw)
    %%%%%:  101-block  6
call   21 never executed
branch 22 never executed (fallthrough)
branch 23 never executed (throw)
    %%%%%:  101-block  7
call   24 never executed
call   25 never executed
call   26 never executed
    %%%%%:  101-block  8
call   27 never executed
    $$$$$:  101-block  9
call   28 never executed
    $$$$$:  101-block 10
    $$$$$:  101-block 11
    $$$$$:  101-block 12
    $$$$$:  101-block 13
call   29 never executed
    $$$$$:  101-block 14
call   30 never executed
    $$$$$:  101-block 15
    $$$$$:  101-block 16
    $$$$$:  101-block 17
call   31 never executed
    $$$$$:  101-block 18
    $$$$$:  101-block 19
call   32 never executed
    #####:  102:    EXPECT_TRUE(string_validator::valid_russian_word("Привет"));
    %%%%%:  102-block  0
call    0 never executed
branch  1 never executed (fallthrough)
branch  2 never executed (throw)
    %%%%%:  102-block  1
call    3 never executed
branch  4 never executed (fallthrough)
branch  5 never executed (throw)
    %%%%%:  102-block  2
call    6 never executed
call    7 never executed
call    8 never executed
branch  9 never executed (fallthrough)
branch 10 never executed
    %%%%%:  102-block  3
call   11 never executed
branch 12 never executed (fallthrough)
branch 13 never executed (throw)
    %%%%%:  102-block  4
call   14 never executed
branch 15 never executed (fallthrough)
branch 16 never executed (throw)
    %%%%%:  102-block  5
call   17 never executed
call   18 never executed
branch 19 never executed (fallthrough)
branch 20 never executed (throw)
    %%%%%:  102-block  6
call   21 never executed
branch 22 never executed (fallthrough)
branch 23 never executed (throw)
    %%%%%:  102-block  7
call   24 never executed
call   25 never executed
call   26 never executed
    %%%%%:  102-block  8
call   27 never executed
    $$$$$:  102-block  9
call   28 never executed
    $$$$$:  102-block 10
    $$$$$:  102-block 11
    $$$$$:  102-block 12
    $$$$$:  102-block 13
call   29 never executed
    $$$$$:  102-block 14
call   30 never executed
    $$$$$:  102-block 15
    $$$$$:  102-block 16
    $$$$$:  102-block 17
call   31 never executed
    $$$$$:  102-block 18
    $$$$$:  102-block 19
call   32 never executed
    #####:  103:}
------------------
        -:  104:
    #####:  105:TEST_F(StringValidatorTest, ValidRussianWord_InvalidCharacters) {
    #####:  106:    EXPECT_FALSE(string_validator::valid_russian_word(invalidRussianWordWithLatin));
    #####:  107:    EXPECT_FALSE(string_validator::valid_russian_word(invalidRussianWordWithNumber));
    #####:  108:    EXPECT_FALSE(string_validator::valid_russian_word("привет!"));
    #####:  109:    EXPECT_FALSE(string_validator::valid_russian_word("привет.мир"));
    #####:  110:    EXPECT_FALSE(string_validator::valid_russian_word("привет мир"));
    #####:  111:}
------------------
_ZN59StringValidatorTest_ValidRussianWord_InvalidCharacters_TestC1Ev:
function _ZN59StringValidatorTest_ValidRussianWord_InvalidCharacters_TestC1Ev called 0 returned 0% blocks executed 0%
    #####:  105:TEST_F(StringValidatorTest, ValidRussianWord_InvalidCharacters) {
    %%%%%:  105-block  0
call    0 never executed
------------------
_ZN59StringValidatorTest_ValidRussianWord_InvalidCharacters_TestD0Ev:
function _ZN59StringValidatorTest_ValidRussianWord_InvalidCharacters_TestD0Ev called 0 returned 0% blocks executed 0%
    #####:  105:TEST_F(StringValidatorTest, ValidRussianWord_InvalidCharacters) {
    %%%%%:  105-block  0
call    0 never executed
call    1 never executed
------------------
_ZN59StringValidatorTest_ValidRussianWord_InvalidCharacters_TestD1Ev:
function _ZN59StringValidatorTest_ValidRussianWord_InvalidCharacters_TestD1Ev called 0 returned 0% blocks executed 0%
    #####:  105:TEST_F(StringValidatorTest, ValidRussianWord_InvalidCharacters) {
    %%%%%:  105-block  0
call    0 never executed
------------------
_ZN59StringValidatorTest_ValidRussianWord_InvalidCharacters_Test8TestBodyEv:
function _ZN59StringValidatorTest_ValidRussianWord_InvalidCharacters_Test8TestBodyEv called 0 returned 0% blocks executed 0%
    #####:  105:TEST_F(StringValidatorTest, ValidRussianWord_InvalidCharacters) {
    #####:  106:    EXPECT_FALSE(string_validator::valid_russian_word(invalidRussianWordWithLatin));
    %%%%%:  106-block  0
call    0 never executed
branch  1 never executed (fallthrough)
branch  2 never executed (throw)
    %%%%%:  106-block  1
call    3 never executed
call    4 never executed
branch  5 never executed (fallthrough)
branch  6 never executed
    %%%%%:  106-block  2
call    7 never executed
branch  8 never executed (fallthrough)
branch  9 never executed (throw)
    %%%%%:  106-block  3
call   10 never executed
branch 11 never executed (fallthrough)
branch 12 never executed (throw)
    %%%%%:  106-block  4
call   13 never executed
call   14 never executed
branch 15 never executed (fallthrough)
branch 16 never executed (throw)
    %%%%%:  106-block  5
call   17 never executed
branch 18 never executed (fallthrough)
branch 19 never executed (throw)
    %%%%%:  106-block  6
call   20 never executed
call   21 never executed
call   22 never executed
    %%%%%:  106-block  7
call   23 never executed
    $$$$$:  106-block  8
    $$$$$:  106-block  9
call   24 never executed
    $$$$$:  106-block 10
call   25 never executed
    $$$$$:  106-block 11
    $$$$$:  106-block 12
    $$$$$:  106-block 13
call   26 never executed
    $$$$$:  106-block 14
    $$$$$:  106-block 15
call   27 never executed
    #####:  107:    EXPECT_FALSE(string_validator::valid_russian_word(invalidRussianWordWithNumber));
call    0 never executed
branch  1 never executed (fallthrough)
branch  2 never executed (throw)
    %%%%%:  107-block  0
call    3 never executed
call    4 never executed
branch  5 never executed (fallthrough)
branch  6 never executed
    %%%%%:  107-block  1
call    7 never executed
branch  8 never executed (fallthrough)
branch  9 never executed (throw)
    %%%%%:  107-block  2
call   10 never executed
branch 11 never executed (fallthrough)
branch 12 never executed (throw)
    %%%%%:  107-block  3
call   13 never executed
call   14 never executed
branch 15 never executed (fallthrough)
branch 16 never executed (throw)
    %%%%%:  107-block  4
call   17 never executed
branch 18 never executed (fallthrough)
branch 19 never executed (throw)
    %%%%%:  107-block  5
call   20 never executed
call   21 never executed
call   22 never executed
    %%%%%:  107-block  6
call   23 never executed
    $$$$$:  107-block  7
    $$$$$:  107-block  8
call   24 never executed
    $$$$$:  107-block  9
call   25 never executed
    $$$$$:  107-block 10
    $$$$$:  107-block 11
    $$$$$:  107-block 12
call   26 never executed
    $$$$$:  107-block 13
    $$$$$:  107-block 14
call   27 never executed
    #####:  108:    EXPECT_FALSE(string_validator::valid_russian_word("привет!"));
    %%%%%:  108-block  0
call    0 never executed
branch  1 never executed (fallthrough)
branch  2 never executed (throw)
    %%%%%:  108-block  1
call    3 never executed
branch  4 never executed (fallthrough)
branch  5 never executed (throw)
    %%%%%:  108-block  2
call    6 never executed
call    7 never executed
call    8 never executed
branch  9 never executed (fallthrough)
branch 10 never executed
    %%%%%:  108-block  3
call   11 never executed
branch 12 never executed (fallthrough)
branch 13 never executed (throw)
    %%%%%:  108-block  4
call   14 never executed
branch 15 never executed (fallthrough)
branch 16 never executed (throw)
    %%%%%:  108-block  5
call   17 never executed
call   18 never executed
branch 19 never executed (fallthrough)
branch 20 never executed (throw)
    %%%%%:  108-block  6
call   21 never executed
branch 22 never executed (fallthrough)
branch 23 never executed (throw)
    %%%%%:  108-block  7
call   24 never executed
call   25 never executed
call   26 never executed
    %%%%%:  108-block  8
call   27 never executed
    $$$$$:  108-block  9
call   28 never executed
    $$$$$:  108-block 10
    $$$$$:  108-block 11
    $$$$$:  108-block 12
    $$$$$:  108-block 13
call   29 never executed
    $$$$$:  108-block 14
call   30 never executed
    $$$$$:  108-block 15
    $$$$$:  108-block 16
    $$$$$:  108-block 17
call   31 never executed
    $$$$$:  108-block 18
    $$$$$:  108-block 19
call   32 never executed
    #####:  109:    EXPECT_FALSE(string_validator::valid_russian_word("привет.мир"));
    %%%%%:  109-block  0
call    0 never executed
branch  1 never executed (fallthrough)
branch  2 never executed (throw)
    %%%%%:  109-block  1
call    3 never executed
branch  4 never executed (fallthrough)
branch  5 never executed (throw)
    %%%%%:  109-block  2
call    6 never executed
call    7 never executed
call    8 never executed
branch  9 never executed (fallthrough)
branch 10 never executed
    %%%%%:  109-block  3
call   11 never executed
branch 12 never executed (fallthrough)
branch 13 never executed (throw)
    %%%%%:  109-block  4
call   14 never executed
branch 15 never executed (fallthrough)
branch 16 never executed (throw)
    %%%%%:  109-block  5
call   17 never executed
call   18 never executed
branch 19 never executed (fallthrough)
branch 20 never executed (throw)
    %%%%%:  109-block  6
call   21 never executed
branch 22 never executed (fallthrough)
branch 23 never executed (throw)
    %%%%%:  109-block  7
call   24 never executed
call   25 never executed
call   26 never executed
    %%%%%:  109-block  8
call   27 never executed
    $$$$$:  109-block  9
call   28 never executed
    $$$$$:  109-block 10
    $$$$$:  109-block 11
    $$$$$:  109-block 12
    $$$$$:  109-block 13
call   29 never executed
    $$$$$:  109-block 14
call   30 never executed
    $$$$$:  109-block 15
    $$$$$:  109-block 16
    $$$$$:  109-block 17
call   31 never executed
    $$$$$:  109-block 18
    $$$$$:  109-block 19
call   32 never executed
    #####:  110:    EXPECT_FALSE(string_validator::valid_russian_word("привет мир"));
    %%%%%:  110-block  0
call    0 never executed
branch  1 never executed (fallthrough)
branch  2 never executed (throw)
    %%%%%:  110-block  1
call    3 never executed
branch  4 never executed (fallthrough)
branch  5 never executed (throw)
    %%%%%:  110-block  2
call    6 never executed
call    7 never executed
call    8 never executed
branch  9 never executed (fallthrough)
branch 10 never executed
    %%%%%:  110-block  3
call   11 never executed
branch 12 never executed (fallthrough)
branch 13 never executed (throw)
    %%%%%:  110-block  4
call   14 never executed
branch 15 never executed (fallthrough)
branch 16 never executed (throw)
    %%%%%:  110-block  5
call   17 never executed
call   18 never executed
branch 19 never executed (fallthrough)
branch 20 never executed (throw)
    %%%%%:  110-block  6
call   21 never executed
branch 22 never executed (fallthrough)
branch 23 never executed (throw)
    %%%%%:  110-block  7
call   24 never executed
call   25 never executed
call   26 never executed
    %%%%%:  110-block  8
call   27 never executed
    $$$$$:  110-block  9
call   28 never executed
    $$$$$:  110-block 10
    $$$$$:  110-block 11
    $$$$$:  110-block 12
    $$$$$:  110-block 13
call   29 never executed
    $$$$$:  110-block 14
call   30 never executed
    $$$$$:  110-block 15
    $$$$$:  110-block 16
    $$$$$:  110-block 17
call   31 never executed
    $$$$$:  110-block 18
    $$$$$:  110-block 19
call   32 never executed
    #####:  111:}
------------------
        -:  112:
    #####:  113:TEST_F(StringValidatorTest, ValidRussianWord_BoundaryLength) {
    #####:  114:    EXPECT_TRUE(string_validator::valid_russian_word("я"));
    #####:  115:    EXPECT_TRUE(string_validator::valid_russian_word(validRussianWord));
        -:  116:
    #####:  117:    string maxLengthWord;
    #####:  118:    for (int i = 0; i < 50; ++i) {
    #####:  119:        maxLengthWord += "а";
        -:  120:    }
    #####:  121:    EXPECT_TRUE(string_validator::valid_russian_word(maxLengthWord));
        -:  122:
    #####:  123:    string tooLongWord;
    #####:  124:    for (int i = 0; i < 51; ++i) {
    #####:  125:        tooLongWord += "а";
        -:  126:    }
    #####:  127:    EXPECT_FALSE(string_validator::valid_russian_word(tooLongWord));
    #####:  128:}
------------------
_ZN56StringValidatorTest_ValidRussianWord_BoundaryLength_TestC1Ev:
function _ZN56StringValidatorTest_ValidRussianWord_BoundaryLength_TestC1Ev called 0 returned 0% blocks executed 0%
    #####:  113:TEST_F(StringValidatorTest, ValidRussianWord_BoundaryLength) {
    %%%%%:  113-block  0
call    0 never executed
------------------
_ZN56StringValidatorTest_ValidRussianWord_BoundaryLength_TestD0Ev:
function _ZN56StringValidatorTest_ValidRussianWord_BoundaryLength_TestD0Ev called 0 returned 0% blocks executed 0%
    #####:  113:TEST_F(StringValidatorTest, ValidRussianWord_BoundaryLength) {
    %%%%%:  113-block  0
call    0 never executed
call    1 never executed
------------------
_ZN56StringValidatorTest_ValidRussianWord_BoundaryLength_TestD1Ev:
function _ZN56StringValidatorTest_ValidRussianWord_BoundaryLength_TestD1Ev called 0 returned 0% blocks executed 0%
    #####:  113:TEST_F(StringValidatorTest, ValidRussianWord_BoundaryLength) {
    %%%%%:  113-block  0
call    0 never executed
------------------
_ZN56StringValidatorTest_ValidRussianWord_BoundaryLength_Test8TestBodyEv:
function _ZN56StringValidatorTest_ValidRussianWord_BoundaryLength_Test8TestBodyEv called 0 returned 0% blocks executed 0%
    #####:  113:TEST_F(StringValidatorTest, ValidRussianWord_BoundaryLength) {
    %%%%%:  113-block  0
    #####:  114:    EXPECT_TRUE(string_validator::valid_russian_word("я"));
    %%%%%:  114-block  0
call    0 never executed
branch  1 never executed (fallthrough)
branch  2 never executed (throw)
    %%%%%:  114-block  1
call    3 never executed
branch  4 never executed (fallthrough)
branch  5 never executed (throw)
    %%%%%:  114-block  2
call    6 never executed
call    7 never executed
call    8 never executed
branch  9 never executed (fallthrough)
branch 10 never executed
    %%%%%:  114-block  3
call   11 never executed
branch 12 never executed (fallthrough)
branch 13 never executed (throw)
    %%%%%:  114-block  4
call   14 never executed
branch 15 never executed (fallthrough)
branch 16 never executed (throw)
    %%%%%:  114-block  5
call   17 never executed
call   18 never executed
branch 19 never executed (fallthrough)
branch 20 never executed (throw)
    %%%%%:  114-block  6
call   21 never executed
branch 22 never executed (fallthrough)
branch 23 never executed (throw)
    %%%%%:  114-block  7
call   24 never executed
call   25 never executed
call   26 never executed
    %%%%%:  114-block  8
call   27 never executed
    $$$$$:  114-block  9
call   28 never executed
    $$$$$:  114-block 10
    $$$$$:  114-block 11
    $$$$$:  114-block 12
    $$$$$:  114-block 13
call   29 never executed
    $$$$$:  114-block 14
call   30 never executed
    $$$$$:  114-block 15
    $$$$$:  114-block 16
    $$$$$:  114-block 17
call   31 never executed
    $$$$$:  114-block 18
    $$$$$:  114-block 19
call   32 never executed
    #####:  115:    EXPECT_TRUE(string_validator::valid_russian_word(validRussianWord));
call    0 never executed
branch  1 never executed (fallthrough)
branch  2 never executed (throw)
    %%%%%:  115-block  0
call    3 never executed
call    4 never executed
branch  5 never executed (fallthrough)
branch  6 never executed
    %%%%%:  115-block  1
call    7 never executed
branch  8 never executed (fallthrough)
branch  9 never executed (throw)
    %%%%%:  115-block  2
call   10 never executed
branch 11 never executed (fallthrough)
branch 12 never executed (throw)
    %%%%%:  115-block  3
call   13 never executed
call   14 never executed
branch 15 never executed (fallthrough)
branch 16 never executed (throw)
    %%%%%:  115-block  4
call   17 never executed
branch 18 never executed (fallthrough)
branch 19 never executed (throw)
    %%%%%:  115-block  5
call   20 never executed
call   21 never executed
call   22 never executed
    %%%%%:  115-block  6
call   23 never executed
    $$$$$:  115-block  7
    $$$$$:  115-block  8
call   24 never executed
    $$$$$:  115-block  9
call   25 never executed
    $$$$$:  115-block 10
    $$$$$:  115-block 11
    $$$$$:  115-block 12
call   26 never executed
    $$$$$:  115-block 13
    $$$$$:  115-block 14
call   27 never executed
        -:  116:
    #####:  117:    string maxLengthWord;
call    0 never executed
call    1 never executed
    $$$$$:  117-block  0
call    2 never executed
    #####:  118:    for (int i = 0; i < 50; ++i) {
    %%%%%:  118-block  0
    %%%%%:  118-block  1
branch  0 never executed
branch  1 never executed (fallthrough)
    #####:  119:        maxLengthWord += "а";
    %%%%%:  119-block  0
call    0 never executed
branch  1 never executed (fallthrough)
branch  2 never executed (throw)
        -:  120:    }
    #####:  121:    EXPECT_TRUE(string_validator::valid_russian_word(maxLengthWord));
    %%%%%:  121-block  0
call    0 never executed
branch  1 never executed (fallthrough)
branch  2 never executed (throw)
    %%%%%:  121-block  1
call    3 never executed
call    4 never executed
branch  5 never executed (fallthrough)
branch  6 never executed
    %%%%%:  121-block  2
call    7 never executed
branch  8 never executed (fallthrough)
branch  9 never executed (throw)
    %%%%%:  121-block  3
call   10 never executed
branch 11 never executed (fallthrough)
branch 12 never executed (throw)
    %%%%%:  121-block  4
call   13 never executed
call   14 never executed
branch 15 never executed (fallthrough)
branch 16 never executed (throw)
    %%%%%:  121-block  5
call   17 never executed
branch 18 never executed (fallthrough)
branch 19 never executed (throw)
    %%%%%:  121-block  6
call   20 never executed
call   21 never executed
call   22 never executed
    %%%%%:  121-block  7
call   23 never executed
    $$$$$:  121-block  8
    $$$$$:  121-block  9
call   24 never executed
    $$$$$:  121-block 10
call   25 never executed
    $$$$$:  121-block 11
    $$$$$:  121-block 12
    $$$$$:  121-block 13
call   26 never executed
    $$$$$:  121-block 14
    $$$$$:  121-block 15
call   27 never executed
        -:  122:
    #####:  123:    string tooLongWord;
call    0 never executed
call    1 never executed
    $$$$$:  123-block  0
call    2 never executed
    #####:  124:    for (int i = 0; i < 51; ++i) {
    %%%%%:  124-block  0
    %%%%%:  124-block  1
branch  0 never executed
branch  1 never executed (fallthrough)
    #####:  125:        tooLongWord += "а";
    %%%%%:  125-block  0
call    0 never executed
branch  1 never executed (fallthrough)
branch  2 never executed (throw)
        -:  126:    }
    #####:  127:    EXPECT_FALSE(string_validator::valid_russian_word(tooLongWord));
    %%%%%:  127-block  0
call    0 never executed
branch  1 never executed (fallthrough)
branch  2 never executed (throw)
    %%%%%:  127-block  1
call    3 never executed
call    4 never executed
branch  5 never executed (fallthrough)
branch  6 never executed
    %%%%%:  127-block  2
call    7 never executed
branch  8 never executed (fallthrough)
branch  9 never executed (throw)
    %%%%%:  127-block  3
call   10 never executed
branch 11 never executed (fallthrough)
branch 12 never executed (throw)
    %%%%%:  127-block  4
call   13 never executed
call   14 never executed
branch 15 never executed (fallthrough)
branch 16 never executed (throw)
    %%%%%:  127-block  5
call   17 never executed
branch 18 never executed (fallthrough)
branch 19 never executed (throw)
    %%%%%:  127-block  6
call   20 never executed
call   21 never executed
call   22 never executed
    %%%%%:  127-block  7
call   23 never executed
    $$$$$:  127-block  8
    $$$$$:  127-block  9
call   24 never executed
    $$$$$:  127-block 10
call   25 never executed
    $$$$$:  127-block 11
    $$$$$:  127-block 12
    $$$$$:  127-block 13
call   26 never executed
    $$$$$:  127-block 14
    $$$$$:  127-block 15
call   27 never executed
    #####:  128:}
------------------
        -:  129:
    #####:  130:TEST_F(StringValidatorTest, ValidRussianWord_EmptyString) {
    #####:  131:    EXPECT_FALSE(string_validator::valid_russian_word(emptyString));
    #####:  132:}
------------------
_ZN53StringValidatorTest_ValidRussianWord_EmptyString_TestC1Ev:
function _ZN53StringValidatorTest_ValidRussianWord_EmptyString_TestC1Ev called 0 returned 0% blocks executed 0%
    #####:  130:TEST_F(StringValidatorTest, ValidRussianWord_EmptyString) {
    %%%%%:  130-block  0
call    0 never executed
------------------
_ZN53StringValidatorTest_ValidRussianWord_EmptyString_TestD0Ev:
function _ZN53StringValidatorTest_ValidRussianWord_EmptyString_TestD0Ev called 0 returned 0% blocks executed 0%
    #####:  130:TEST_F(StringValidatorTest, ValidRussianWord_EmptyString) {
    %%%%%:  130-block  0
call    0 never executed
call    1 never executed
------------------
_ZN53StringValidatorTest_ValidRussianWord_EmptyString_TestD1Ev:
function _ZN53StringValidatorTest_ValidRussianWord_EmptyString_TestD1Ev called 0 returned 0% blocks executed 0%
    #####:  130:TEST_F(StringValidatorTest, ValidRussianWord_EmptyString) {
    %%%%%:  130-block  0
call    0 never executed
------------------
_ZN53StringValidatorTest_ValidRussianWord_EmptyString_Test8TestBodyEv:
function _ZN53StringValidatorTest_ValidRussianWord_EmptyString_Test8TestBodyEv called 0 returned 0% blocks executed 0%
    #####:  130:TEST_F(StringValidatorTest, ValidRussianWord_EmptyString) {
    #####:  131:    EXPECT_FALSE(string_validator::valid_russian_word(emptyString));
    %%%%%:  131-block  0
call    0 never executed
branch  1 never executed (fallthrough)
branch  2 never executed (throw)
    %%%%%:  131-block  1
call    3 never executed
call    4 never executed
branch  5 never executed (fallthrough)
branch  6 never executed
    %%%%%:  131-block  2
call    7 never executed
branch  8 never executed (fallthrough)
branch  9 never executed (throw)
    %%%%%:  131-block  3
call   10 never executed
branch 11 never executed (fallthrough)
branch 12 never executed (throw)
    %%%%%:  131-block  4
call   13 never executed
call   14 never executed
branch 15 never executed (fallthrough)
branch 16 never executed (throw)
    %%%%%:  131-block  5
call   17 never executed
branch 18 never executed (fallthrough)
branch 19 never executed (throw)
    %%%%%:  131-block  6
call   20 never executed
call   21 never executed
call   22 never executed
    %%%%%:  131-block  7
call   23 never executed
    $$$$$:  131-block  8
    $$$$$:  131-block  9
call   24 never executed
    $$$$$:  131-block 10
call   25 never executed
    $$$$$:  131-block 11
    $$$$$:  131-block 12
    $$$$$:  131-block 13
call   26 never executed
    $$$$$:  131-block 14
    $$$$$:  131-block 15
call   27 never executed
    #####:  132:}
------------------
        -:  133:
    #####:  134:TEST_F(StringValidatorTest, IsCorrectLength_ValidLengths) {
    #####:  135:    EXPECT_TRUE(string_validator::is_correct_length(shortWord));
    #####:  136:    EXPECT_TRUE(string_validator::is_correct_length(normalWord));
        -:  137:
    #####:  138:    string boundaryWord(50, 'a');
    #####:  139:    EXPECT_TRUE(string_validator::is_correct_length(boundaryWord));
    #####:  140:}
------------------
_ZN53StringValidatorTest_IsCorrectLength_ValidLengths_TestC1Ev:
function _ZN53StringValidatorTest_IsCorrectLength_ValidLengths_TestC1Ev called 0 returned 0% blocks executed 0%
    #####:  134:TEST_F(StringValidatorTest, IsCorrectLength_ValidLengths) {
    %%%%%:  134-block  0
call    0 never executed
------------------
_ZN53StringValidatorTest_IsCorrectLength_ValidLengths_TestD0Ev:
function _ZN53StringValidatorTest_IsCorrectLength_ValidLengths_TestD0Ev called 0 returned 0% blocks executed 0%
    #####:  134:TEST_F(StringValidatorTest, IsCorrectLength_ValidLengths) {
    %%%%%:  134-block  0
call    0 never executed
call    1 never executed
------------------
_ZN53StringValidatorTest_IsCorrectLength_ValidLengths_TestD1Ev:
function _ZN53StringValidatorTest_IsCorrectLength_ValidLengths_TestD1Ev called 0 returned 0% blocks executed 0%
    #####:  134:TEST_F(StringValidatorTest, IsCorrectLength_ValidLengths) {
    %%%%%:  134-block  0
call    0 never executed
------------------
_ZN53StringValidatorTest_IsCorrectLength_ValidLengths_Test8TestBodyEv:
function _ZN53StringValidatorTest_IsCorrectLength_ValidLengths_Test8TestBodyEv called 0 returned 0% blocks executed 0%
    #####:  134:TEST_F(StringValidatorTest, IsCorrectLength_ValidLengths) {
    #####:  135:    EXPECT_TRUE(string_validator::is_correct_length(shortWord));
    %%%%%:  135-block  0
call    0 never executed
branch  1 never executed (fallthrough)
branch  2 never executed (throw)
    %%%%%:  135-block  1
call    3 never executed
call    4 never executed
branch  5 never executed (fallthrough)
branch  6 never executed
    %%%%%:  135-block  2
call    7 never executed
branch  8 never executed (fallthrough)
branch  9 never executed (throw)
    %%%%%:  135-block  3
call   10 never executed
branch 11 never executed (fallthrough)
branch 12 never executed (throw)
    %%%%%:  135-block  4
call   13 never executed
call   14 never executed
branch 15 never executed (fallthrough)
branch 16 never executed (throw)
    %%%%%:  135-block  5
call   17 never executed
branch 18 never executed (fallthrough)
branch 19 never executed (throw)
    %%%%%:  135-block  6
call   20 never executed
call   21 never executed
call   22 never executed
    %%%%%:  135-block  7
call   23 never executed
    $$$$$:  135-block  8
    $$$$$:  135-block  9
call   24 never executed
    $$$$$:  135-block 10
call   25 never executed
    $$$$$:  135-block 11
    $$$$$:  135-block 12
    $$$$$:  135-block 13
call   26 never executed
    $$$$$:  135-block 14
    $$$$$:  135-block 15
call   27 never executed
    #####:  136:    EXPECT_TRUE(string_validator::is_correct_length(normalWord));
call    0 never executed
branch  1 never executed (fallthrough)
branch  2 never executed (throw)
    %%%%%:  136-block  0
call    3 never executed
call    4 never executed
branch  5 never executed (fallthrough)
branch  6 never executed
    %%%%%:  136-block  1
call    7 never executed
branch  8 never executed (fallthrough)
branch  9 never executed (throw)
    %%%%%:  136-block  2
call   10 never executed
branch 11 never executed (fallthrough)
branch 12 never executed (throw)
    %%%%%:  136-block  3
call   13 never executed
call   14 never executed
branch 15 never executed (fallthrough)
branch 16 never executed (throw)
    %%%%%:  136-block  4
call   17 never executed
branch 18 never executed (fallthrough)
branch 19 never executed (throw)
    %%%%%:  136-block  5
call   20 never executed
call   21 never executed
call   22 never executed
    %%%%%:  136-block  6
call   23 never executed
    $$$$$:  136-block  7
    $$$$$:  136-block  8
call   24 never executed
    $$$$$:  136-block  9
call   25 never executed
    $$$$$:  136-block 10
    $$$$$:  136-block 11
    $$$$$:  136-block 12
call   26 never executed
    $$$$$:  136-block 13
    $$$$$:  136-block 14
call   27 never executed
        -:  137:
    #####:  138:    string boundaryWord(50, 'a');
    %%%%%:  138-block  0
call    0 never executed
branch  1 never executed (fallthrough)
branch  2 never executed (throw)
call    3 never executed
    $$$$$:  138-block  1
    $$$$$:  138-block  2
call    4 never executed
    #####:  139:    EXPECT_TRUE(string_validator::is_correct_length(boundaryWord));
call    0 never executed
branch  1 never executed (fallthrough)
branch  2 never executed (throw)
    %%%%%:  139-block  0
call    3 never executed
call    4 never executed
branch  5 never executed (fallthrough)
branch  6 never executed
    %%%%%:  139-block  1
call    7 never executed
branch  8 never executed (fallthrough)
branch  9 never executed (throw)
    %%%%%:  139-block  2
call   10 never executed
branch 11 never executed (fallthrough)
branch 12 never executed (throw)
    %%%%%:  139-block  3
call   13 never executed
call   14 never executed
branch 15 never executed (fallthrough)
branch 16 never executed (throw)
    %%%%%:  139-block  4
call   17 never executed
branch 18 never executed (fallthrough)
branch 19 never executed (throw)
    %%%%%:  139-block  5
call   20 never executed
call   21 never executed
call   22 never executed
    %%%%%:  139-block  6
call   23 never executed
    $$$$$:  139-block  7
    $$$$$:  139-block  8
call   24 never executed
    $$$$$:  139-block  9
call   25 never executed
    $$$$$:  139-block 10
    $$$$$:  139-block 11
    $$$$$:  139-block 12
call   26 never executed
    $$$$$:  139-block 13
    $$$$$:  139-block 14
call   27 never executed
    #####:  140:}
------------------
        -:  141:
    #####:  142:TEST_F(StringValidatorTest, IsCorrectLength_InvalidLengths) {
    #####:  143:    EXPECT_FALSE(string_validator::is_correct_length(emptyString));
    #####:  144:    EXPECT_TRUE(string_validator::is_correct_length(longWord));
        -:  145:
    #####:  146:    string tooLongWord(51, 'a');
    #####:  147:    EXPECT_FALSE(string_validator::is_correct_length(tooLongWord));
    #####:  148:}
------------------
_ZN55StringValidatorTest_IsCorrectLength_InvalidLengths_TestC1Ev:
function _ZN55StringValidatorTest_IsCorrectLength_InvalidLengths_TestC1Ev called 0 returned 0% blocks executed 0%
    #####:  142:TEST_F(StringValidatorTest, IsCorrectLength_InvalidLengths) {
    %%%%%:  142-block  0
call    0 never executed
------------------
_ZN55StringValidatorTest_IsCorrectLength_InvalidLengths_TestD0Ev:
function _ZN55StringValidatorTest_IsCorrectLength_InvalidLengths_TestD0Ev called 0 returned 0% blocks executed 0%
    #####:  142:TEST_F(StringValidatorTest, IsCorrectLength_InvalidLengths) {
    %%%%%:  142-block  0
call    0 never executed
call    1 never executed
------------------
_ZN55StringValidatorTest_IsCorrectLength_InvalidLengths_TestD1Ev:
function _ZN55StringValidatorTest_IsCorrectLength_InvalidLengths_TestD1Ev called 0 returned 0% blocks executed 0%
    #####:  142:TEST_F(StringValidatorTest, IsCorrectLength_InvalidLengths) {
    %%%%%:  142-block  0
call    0 never executed
------------------
_ZN55StringValidatorTest_IsCorrectLength_InvalidLengths_Test8TestBodyEv:
function _ZN55StringValidatorTest_IsCorrectLength_InvalidLengths_Test8TestBodyEv called 0 returned 0% blocks executed 0%
    #####:  142:TEST_F(StringValidatorTest, IsCorrectLength_InvalidLengths) {
    #####:  143:    EXPECT_FALSE(string_validator::is_correct_length(emptyString));
    %%%%%:  143-block  0
call    0 never executed
branch  1 never executed (fallthrough)
branch  2 never executed (throw)
    %%%%%:  143-block  1
call    3 never executed
call    4 never executed
branch  5 never executed (fallthrough)
branch  6 never executed
    %%%%%:  143-block  2
call    7 never executed
branch  8 never executed (fallthrough)
branch  9 never executed (throw)
    %%%%%:  143-block  3
call   10 never executed
branch 11 never executed (fallthrough)
branch 12 never executed (throw)
    %%%%%:  143-block  4
call   13 never executed
call   14 never executed
branch 15 never executed (fallthrough)
branch 16 never executed (throw)
    %%%%%:  143-block  5
call   17 never executed
branch 18 never executed (fallthrough)
branch 19 never executed (throw)
    %%%%%:  143-block  6
call   20 never executed
call   21 never executed
call   22 never executed
    %%%%%:  143-block  7
call   23 never executed
    $$$$$:  143-block  8
    $$$$$:  143-block  9
call   24 never executed
    $$$$$:  143-block 10
call   25 never executed
    $$$$$:  143-block 11
    $$$$$:  143-block 12
    $$$$$:  143-block 13
call   26 never executed
    $$$$$:  143-block 14
    $$$$$:  143-block 15
call   27 never executed
    #####:  144:    EXPECT_TRUE(string_validator::is_correct_length(longWord));
call    0 never executed
branch  1 never executed (fallthrough)
branch  2 never executed (throw)
    %%%%%:  144-block  0
call    3 never executed
call    4 never executed
branch  5 never executed (fallthrough)
branch  6 never executed
    %%%%%:  144-block  1
call    7 never executed
branch  8 never executed (fallthrough)
branch  9 never executed (throw)
    %%%%%:  144-block  2
call   10 never executed
branch 11 never executed (fallthrough)
branch 12 never executed (throw)
    %%%%%:  144-block  3
call   13 never executed
call   14 never executed
branch 15 never executed (fallthrough)
branch 16 never executed (throw)
    %%%%%:  144-block  4
call   17 never executed
branch 18 never executed (fallthrough)
branch 19 never executed (throw)
    %%%%%:  144-block  5
call   20 never executed
call   21 never executed
call   22 never executed
    %%%%%:  144-block  6
call   23 never executed
    $$$$$:  144-block  7
    $$$$$:  144-block  8
call   24 never executed
    $$$$$:  144-block  9
call   25 never executed
    $$$$$:  144-block 10
    $$$$$:  144-block 11
    $$$$$:  144-block 12
call   26 never executed
    $$$$$:  144-block 13
    $$$$$:  144-block 14
call   27 never executed
        -:  145:
    #####:  146:    string tooLongWord(51, 'a');
    %%%%%:  146-block  0
call    0 never executed
branch  1 never executed (fallthrough)
branch  2 never executed (throw)
call    3 never executed
    $$$$$:  146-block  1
    $$$$$:  146-block  2
call    4 never executed
    #####:  147:    EXPECT_FALSE(string_validator::is_correct_length(tooLongWord));
call    0 never executed
branch  1 never executed (fallthrough)
branch  2 never executed (throw)
    %%%%%:  147-block  0
call    3 never executed
call    4 never executed
branch  5 never executed (fallthrough)
branch  6 never executed
    %%%%%:  147-block  1
call    7 never executed
branch  8 never executed (fallthrough)
branch  9 never executed (throw)
    %%%%%:  147-block  2
call   10 never executed
branch 11 never executed (fallthrough)
branch 12 never executed (throw)
    %%%%%:  147-block  3
call   13 never executed
call   14 never executed
branch 15 never executed (fallthrough)
branch 16 never executed (throw)
    %%%%%:  147-block  4
call   17 never executed
branch 18 never executed (fallthrough)
branch 19 never executed (throw)
    %%%%%:  147-block  5
call   20 never executed
call   21 never executed
call   22 never executed
    %%%%%:  147-block  6
call   23 never executed
    $$$$$:  147-block  7
    $$$$$:  147-block  8
call   24 never executed
    $$$$$:  147-block  9
call   25 never executed
    $$$$$:  147-block 10
    $$$$$:  147-block 11
    $$$$$:  147-block 12
call   26 never executed
    $$$$$:  147-block 13
    $$$$$:  147-block 14
call   27 never executed
    #####:  148:}
------------------
        -:  149:
        -:  150:
    #####:  151:TEST_F(StringValidatorTest, ToLower_BasicFunctionality) {
    #####:  152:    EXPECT_EQ(string_validator::to_lower("HELLO"), "hello");
    #####:  153:    EXPECT_EQ(string_validator::to_lower("Hello"), "hello");
    #####:  154:    EXPECT_EQ(string_validator::to_lower("hElLo"), "hello");
    #####:  155:    EXPECT_EQ(string_validator::to_lower("hello"), "hello");
    #####:  156:}
------------------
_ZN51StringValidatorTest_ToLower_BasicFunctionality_TestC1Ev:
function _ZN51StringValidatorTest_ToLower_BasicFunctionality_TestC1Ev called 0 returned 0% blocks executed 0%
    #####:  151:TEST_F(StringValidatorTest, ToLower_BasicFunctionality) {
    %%%%%:  151-block  0
call    0 never executed
------------------
_ZN51StringValidatorTest_ToLower_BasicFunctionality_TestD0Ev:
function _ZN51StringValidatorTest_ToLower_BasicFunctionality_TestD0Ev called 0 returned 0% blocks executed 0%
    #####:  151:TEST_F(StringValidatorTest, ToLower_BasicFunctionality) {
    %%%%%:  151-block  0
call    0 never executed
call    1 never executed
------------------
_ZN51StringValidatorTest_ToLower_BasicFunctionality_TestD1Ev:
function _ZN51StringValidatorTest_ToLower_BasicFunctionality_TestD1Ev called 0 returned 0% blocks executed 0%
    #####:  151:TEST_F(StringValidatorTest, ToLower_BasicFunctionality) {
    %%%%%:  151-block  0
call    0 never executed
------------------
_ZN51StringValidatorTest_ToLower_BasicFunctionality_Test8TestBodyEv:
function _ZN51StringValidatorTest_ToLower_BasicFunctionality_Test8TestBodyEv called 0 returned 0% blocks executed 0%
    #####:  151:TEST_F(StringValidatorTest, ToLower_BasicFunctionality) {
    %%%%%:  151-block  0
    #####:  152:    EXPECT_EQ(string_validator::to_lower("HELLO"), "hello");
    %%%%%:  152-block  0
call    0 never executed
branch  1 never executed (fallthrough)
branch  2 never executed (throw)
    %%%%%:  152-block  1
call    3 never executed
branch  4 never executed (fallthrough)
branch  5 never executed (throw)
    %%%%%:  152-block  2
call    6 never executed
branch  7 never executed (fallthrough)
branch  8 never executed (throw)
    %%%%%:  152-block  3
call    9 never executed
call   10 never executed
call   11 never executed
branch 12 never executed (fallthrough)
branch 13 never executed
    %%%%%:  152-block  4
call   14 never executed
branch 15 never executed (fallthrough)
branch 16 never executed (throw)
    %%%%%:  152-block  5
call   17 never executed
call   18 never executed
branch 19 never executed (fallthrough)
branch 20 never executed (throw)
    %%%%%:  152-block  6
call   21 never executed
branch 22 never executed (fallthrough)
branch 23 never executed (throw)
    %%%%%:  152-block  7
call   24 never executed
call   25 never executed
    %%%%%:  152-block  8
call   26 never executed
    $$$$$:  152-block  9
call   27 never executed
    $$$$$:  152-block 10
call   28 never executed
    $$$$$:  152-block 11
    $$$$$:  152-block 12
    $$$$$:  152-block 13
    $$$$$:  152-block 14
call   29 never executed
    $$$$$:  152-block 15
[...]
branch  8 never executed (fallthrough)
branch  9 never executed (throw)
    %%%%%:  337-block  2
call   10 never executed
branch 11 never executed (fallthrough)
branch 12 never executed (throw)
    %%%%%:  337-block  3
call   13 never executed
call   14 never executed
branch 15 never executed (fallthrough)
branch 16 never executed (throw)
    %%%%%:  337-block  4
call   17 never executed
branch 18 never executed (fallthrough)
branch 19 never executed (throw)
    %%%%%:  337-block  5
call   20 never executed
call   21 never executed
call   22 never executed
    %%%%%:  337-block  6
call   23 never executed
    $$$$$:  337-block  7
    $$$$$:  337-block  8
call   24 never executed
    $$$$$:  337-block  9
call   25 never executed
    $$$$$:  337-block 10
    $$$$$:  337-block 11
    $$$$$:  337-block 12
call   26 never executed
    $$$$$:  337-block 13
    $$$$$:  337-block 14
call   27 never executed
    #####:  338:}
call    0 never executed
call    1 never executed
    $$$$$:  338-block  0
call    2 never executed
    $$$$$:  338-block  1
call    3 never executed
------------------
        -:  339:
    #####:  340:TEST_F(StringValidatorTest, Performance_LargeInput) {
    #####:  341:    string largeEnglish(1000, 'a');
    #####:  342:    string largeRussian;
    #####:  343:    for (int i = 0; i < 1000; ++i) {
    #####:  344:        largeRussian += "б";
        -:  345:    }
    #####:  346:    string input = largeEnglish + " " + largeRussian;
        -:  347:
    #####:  348:    EXPECT_THROW(string_validator::word_pair_input(input), invalid_argument);
    #####:  349:}
------------------
_ZN47StringValidatorTest_Performance_LargeInput_TestC1Ev:
function _ZN47StringValidatorTest_Performance_LargeInput_TestC1Ev called 0 returned 0% blocks executed 0%
    #####:  340:TEST_F(StringValidatorTest, Performance_LargeInput) {
    %%%%%:  340-block  0
call    0 never executed
------------------
_ZN47StringValidatorTest_Performance_LargeInput_TestD0Ev:
function _ZN47StringValidatorTest_Performance_LargeInput_TestD0Ev called 0 returned 0% blocks executed 0%
    #####:  340:TEST_F(StringValidatorTest, Performance_LargeInput) {
    %%%%%:  340-block  0
call    0 never executed
call    1 never executed
------------------
_ZN47StringValidatorTest_Performance_LargeInput_TestD1Ev:
function _ZN47StringValidatorTest_Performance_LargeInput_TestD1Ev called 0 returned 0% blocks executed 0%
    #####:  340:TEST_F(StringValidatorTest, Performance_LargeInput) {
    %%%%%:  340-block  0
call    0 never executed
------------------
_ZN47StringValidatorTest_Performance_LargeInput_Test8TestBodyEv:
function _ZN47StringValidatorTest_Performance_LargeInput_Test8TestBodyEv called 0 returned 0% blocks executed 0%
    #####:  340:TEST_F(StringValidatorTest, Performance_LargeInput) {
    %%%%%:  340-block  0
    #####:  341:    string largeEnglish(1000, 'a');
    %%%%%:  341-block  0
call    0 never executed
branch  1 never executed (fallthrough)
branch  2 never executed (throw)
    $$$$$:  341-block  1
    #####:  342:    string largeRussian;
call    0 never executed
    #####:  343:    for (int i = 0; i < 1000; ++i) {
    %%%%%:  343-block  0
    %%%%%:  343-block  1
branch  0 never executed
branch  1 never executed (fallthrough)
    #####:  344:        largeRussian += "б";
    %%%%%:  344-block  0
call    0 never executed
branch  1 never executed (fallthrough)
branch  2 never executed (throw)
        -:  345:    }
    #####:  346:    string input = largeEnglish + " " + largeRussian;
    %%%%%:  346-block  0
call    0 never executed
branch  1 never executed (fallthrough)
branch  2 never executed (throw)
    %%%%%:  346-block  1
call    3 never executed
branch  4 never executed (fallthrough)
branch  5 never executed (throw)
    %%%%%:  346-block  2
call    6 never executed
    $$$$$:  346-block  3
call    7 never executed
    $$$$$:  346-block  4
        -:  347:
    #####:  348:    EXPECT_THROW(string_validator::word_pair_input(input), invalid_argument);
call    0 never executed
call    1 never executed
branch  2 never executed (fallthrough)
branch  3 never executed
    %%%%%:  348-block  0
call    4 never executed
branch  5 never executed (fallthrough)
branch  6 never executed (throw)
    %%%%%:  348-block  1
branch  7 never executed (fallthrough)
branch  8 never executed
    %%%%%:  348-block  2
call    9 never executed
branch 10 never executed (fallthrough)
branch 11 never executed (throw)
    %%%%%:  348-block  3
call   12 never executed
    %%%%%:  348-block  4
branch 13 never executed (fallthrough)
branch 14 never executed
    %%%%%:  348-block  5
call   15 never executed
branch 16 never executed (fallthrough)
branch 17 never executed (throw)
    %%%%%:  348-block  6
    %%%%%:  348-block  7
call   18 never executed
branch 19 never executed (fallthrough)
branch 20 never executed (throw)
    %%%%%:  348-block  8
call   21 never executed
call   22 never executed
branch 23 never executed (fallthrough)
branch 24 never executed (throw)
    %%%%%:  348-block  9
call   25 never executed
branch 26 never executed (fallthrough)
branch 27 never executed (throw)
    %%%%%:  348-block 10
call   28 never executed
call   29 never executed
    %%%%%:  348-block 11
call   30 never executed
    $$$$$:  348-block 12
    $$$$$:  348-block 13
branch 31 never executed
branch 32 never executed
branch 33 never executed
    $$$$$:  348-block 14
call   34 never executed
call   35 never executed
    $$$$$:  348-block 15
call   36 never executed
call   37 never executed
branch 38 never executed (fallthrough)
branch 39 never executed (throw)
    $$$$$:  348-block 16
call   40 never executed
branch 41 never executed (fallthrough)
branch 42 never executed (throw)
    $$$$$:  348-block 17
call   43 never executed
branch 44 never executed (fallthrough)
branch 45 never executed (throw)
    $$$$$:  348-block 18
call   46 never executed
call   47 never executed
branch 48 never executed (fallthrough)
branch 49 never executed (throw)
    $$$$$:  348-block 19
call   50 never executed
call   51 never executed
branch 52 never executed (fallthrough)
branch 53 never executed (throw)
    $$$$$:  348-block 20
call   54 never executed
branch 55 never executed (fallthrough)
branch 56 never executed (throw)
    $$$$$:  348-block 21
    $$$$$:  348-block 22
call   57 never executed
    $$$$$:  348-block 23
call   58 never executed
call   59 never executed
branch 60 never executed (fallthrough)
branch 61 never executed (throw)
    $$$$$:  348-block 24
    $$$$$:  348-block 25
call   62 never executed
branch 63 never executed (fallthrough)
branch 64 never executed (throw)
    $$$$$:  348-block 26
call   65 never executed
    $$$$$:  348-block 27
    $$$$$:  348-block 28
call   66 never executed
    $$$$$:  348-block 29
call   67 never executed
    $$$$$:  348-block 30
call   68 never executed
    $$$$$:  348-block 31
    $$$$$:  348-block 32
call   69 never executed
    $$$$$:  348-block 33
    $$$$$:  348-block 34
call   70 never executed
    #####:  349:}
call    0 never executed
call    1 never executed
call    2 never executed
    $$$$$:  349-block  0
call    3 never executed
    $$$$$:  349-block  1
call    4 never executed
    $$$$$:  349-block  2
call    5 never executed
------------------
        -:  350:
    #####:  351:TEST_F(StringValidatorTest, ToLower_RussianEdgeCases) {
    #####:  352:    EXPECT_EQ(string_validator::to_lower("Ё"), "ё");
    #####:  353:    EXPECT_EQ(string_validator::to_lower("Й"), "й");
    #####:  354:    EXPECT_EQ(string_validator::to_lower("Ъ"), "ъ");
        -:  355:
    #####:  356:    EXPECT_EQ(string_validator::to_lower("HelloПРИВЕТ"), "helloпривет");
    #####:  357:    EXPECT_EQ(string_validator::to_lower("TestТест"), "testтест");
    #####:  358:}
------------------
_ZN49StringValidatorTest_ToLower_RussianEdgeCases_TestC1Ev:
function _ZN49StringValidatorTest_ToLower_RussianEdgeCases_TestC1Ev called 0 returned 0% blocks executed 0%
    #####:  351:TEST_F(StringValidatorTest, ToLower_RussianEdgeCases) {
    %%%%%:  351-block  0
call    0 never executed
------------------
_ZN49StringValidatorTest_ToLower_RussianEdgeCases_TestD0Ev:
function _ZN49StringValidatorTest_ToLower_RussianEdgeCases_TestD0Ev called 0 returned 0% blocks executed 0%
    #####:  351:TEST_F(StringValidatorTest, ToLower_RussianEdgeCases) {
    %%%%%:  351-block  0
call    0 never executed
call    1 never executed
------------------
_ZN49StringValidatorTest_ToLower_RussianEdgeCases_TestD1Ev:
function _ZN49StringValidatorTest_ToLower_RussianEdgeCases_TestD1Ev called 0 returned 0% blocks executed 0%
    #####:  351:TEST_F(StringValidatorTest, ToLower_RussianEdgeCases) {
    %%%%%:  351-block  0
call    0 never executed
------------------
_ZN49StringValidatorTest_ToLower_RussianEdgeCases_Test8TestBodyEv:
function _ZN49StringValidatorTest_ToLower_RussianEdgeCases_Test8TestBodyEv called 0 returned 0% blocks executed 0%
    #####:  351:TEST_F(StringValidatorTest, ToLower_RussianEdgeCases) {
    %%%%%:  351-block  0
    #####:  352:    EXPECT_EQ(string_validator::to_lower("Ё"), "ё");
    %%%%%:  352-block  0
call    0 never executed
branch  1 never executed (fallthrough)
branch  2 never executed (throw)
    %%%%%:  352-block  1
call    3 never executed
branch  4 never executed (fallthrough)
branch  5 never executed (throw)
    %%%%%:  352-block  2
call    6 never executed
branch  7 never executed (fallthrough)
branch  8 never executed (throw)
    %%%%%:  352-block  3
call    9 never executed
call   10 never executed
call   11 never executed
branch 12 never executed (fallthrough)
branch 13 never executed
    %%%%%:  352-block  4
call   14 never executed
branch 15 never executed (fallthrough)
branch 16 never executed (throw)
    %%%%%:  352-block  5
call   17 never executed
call   18 never executed
branch 19 never executed (fallthrough)
branch 20 never executed (throw)
    %%%%%:  352-block  6
call   21 never executed
branch 22 never executed (fallthrough)
branch 23 never executed (throw)
    %%%%%:  352-block  7
call   24 never executed
call   25 never executed
    %%%%%:  352-block  8
call   26 never executed
    $$$$$:  352-block  9
call   27 never executed
    $$$$$:  352-block 10
call   28 never executed
    $$$$$:  352-block 11
    $$$$$:  352-block 12
    $$$$$:  352-block 13
    $$$$$:  352-block 14
call   29 never executed
    $$$$$:  352-block 15
    $$$$$:  352-block 16
call   30 never executed
    $$$$$:  352-block 17
    $$$$$:  352-block 18
call   31 never executed
    #####:  353:    EXPECT_EQ(string_validator::to_lower("Й"), "й");
    %%%%%:  353-block  0
call    0 never executed
branch  1 never executed (fallthrough)
branch  2 never executed (throw)
    %%%%%:  353-block  1
call    3 never executed
branch  4 never executed (fallthrough)
branch  5 never executed (throw)
    %%%%%:  353-block  2
call    6 never executed
branch  7 never executed (fallthrough)
branch  8 never executed (throw)
    %%%%%:  353-block  3
call    9 never executed
call   10 never executed
call   11 never executed
branch 12 never executed (fallthrough)
branch 13 never executed
    %%%%%:  353-block  4
call   14 never executed
branch 15 never executed (fallthrough)
branch 16 never executed (throw)
    %%%%%:  353-block  5
call   17 never executed
call   18 never executed
branch 19 never executed (fallthrough)
branch 20 never executed (throw)
    %%%%%:  353-block  6
call   21 never executed
branch 22 never executed (fallthrough)
branch 23 never executed (throw)
    %%%%%:  353-block  7
call   24 never executed
call   25 never executed
    %%%%%:  353-block  8
call   26 never executed
    $$$$$:  353-block  9
call   27 never executed
    $$$$$:  353-block 10
call   28 never executed
    $$$$$:  353-block 11
    $$$$$:  353-block 12
    $$$$$:  353-block 13
    $$$$$:  353-block 14
call   29 never executed
    $$$$$:  353-block 15
    $$$$$:  353-block 16
call   30 never executed
    $$$$$:  353-block 17
    $$$$$:  353-block 18
call   31 never executed
    #####:  354:    EXPECT_EQ(string_validator::to_lower("Ъ"), "ъ");
    %%%%%:  354-block  0
call    0 never executed
branch  1 never executed (fallthrough)
branch  2 never executed (throw)
    %%%%%:  354-block  1
call    3 never executed
branch  4 never executed (fallthrough)
branch  5 never executed (throw)
    %%%%%:  354-block  2
call    6 never executed
branch  7 never executed (fallthrough)
branch  8 never executed (throw)
    %%%%%:  354-block  3
call    9 never executed
call   10 never executed
call   11 never executed
branch 12 never executed (fallthrough)
branch 13 never executed
    %%%%%:  354-block  4
call   14 never executed
branch 15 never executed (fallthrough)
branch 16 never executed (throw)
    %%%%%:  354-block  5
call   17 never executed
call   18 never executed
branch 19 never executed (fallthrough)
branch 20 never executed (throw)
    %%%%%:  354-block  6
call   21 never executed
branch 22 never executed (fallthrough)
branch 23 never executed (throw)
    %%%%%:  354-block  7
call   24 never executed
call   25 never executed
    %%%%%:  354-block  8
call   26 never executed
    $$$$$:  354-block  9
call   27 never executed
    $$$$$:  354-block 10
call   28 never executed
    $$$$$:  354-block 11
    $$$$$:  354-block 12
    $$$$$:  354-block 13
    $$$$$:  354-block 14
call   29 never executed
    $$$$$:  354-block 15
    $$$$$:  354-block 16
call   30 never executed
    $$$$$:  354-block 17
    $$$$$:  354-block 18
call   31 never executed
        -:  355:
    #####:  356:    EXPECT_EQ(string_validator::to_lower("HelloПРИВЕТ"), "helloпривет");
    %%%%%:  356-block  0
call    0 never executed
branch  1 never executed (fallthrough)
branch  2 never executed (throw)
    %%%%%:  356-block  1
call    3 never executed
branch  4 never executed (fallthrough)
branch  5 never executed (throw)
    %%%%%:  356-block  2
call    6 never executed
branch  7 never executed (fallthrough)
branch  8 never executed (throw)
    %%%%%:  356-block  3
call    9 never executed
call   10 never executed
call   11 never executed
branch 12 never executed (fallthrough)
branch 13 never executed
    %%%%%:  356-block  4
call   14 never executed
branch 15 never executed (fallthrough)
branch 16 never executed (throw)
    %%%%%:  356-block  5
call   17 never executed
call   18 never executed
branch 19 never executed (fallthrough)
branch 20 never executed (throw)
    %%%%%:  356-block  6
call   21 never executed
branch 22 never executed (fallthrough)
branch 23 never executed (throw)
    %%%%%:  356-block  7
call   24 never executed
call   25 never executed
    %%%%%:  356-block  8
call   26 never executed
    $$$$$:  356-block  9
call   27 never executed
    $$$$$:  356-block 10
call   28 never executed
    $$$$$:  356-block 11
    $$$$$:  356-block 12
    $$$$$:  356-block 13
    $$$$$:  356-block 14
call   29 never executed
    $$$$$:  356-block 15
    $$$$$:  356-block 16
call   30 never executed
    $$$$$:  356-block 17
    $$$$$:  356-block 18
call   31 never executed
    #####:  357:    EXPECT_EQ(string_validator::to_lower("TestТест"), "testтест");
    %%%%%:  357-block  0
call    0 never executed
branch  1 never executed (fallthrough)
branch  2 never executed (throw)
    %%%%%:  357-block  1
call    3 never executed
branch  4 never executed (fallthrough)
branch  5 never executed (throw)
    %%%%%:  357-block  2
call    6 never executed
branch  7 never executed (fallthrough)
branch  8 never executed (throw)
    %%%%%:  357-block  3
call    9 never executed
call   10 never executed
call   11 never executed
branch 12 never executed (fallthrough)
branch 13 never executed
    %%%%%:  357-block  4
call   14 never executed
branch 15 never executed (fallthrough)
branch 16 never executed (throw)
    %%%%%:  357-block  5
call   17 never executed
call   18 never executed
branch 19 never executed (fallthrough)
branch 20 never executed (throw)
    %%%%%:  357-block  6
call   21 never executed
branch 22 never executed (fallthrough)
branch 23 never executed (throw)
    %%%%%:  357-block  7
call   24 never executed
call   25 never executed
    %%%%%:  357-block  8
call   26 never executed
    $$$$$:  357-block  9
call   27 never executed
    $$$$$:  357-block 10
call   28 never executed
    $$$$$:  357-block 11
    $$$$$:  357-block 12
    $$$$$:  357-block 13
    $$$$$:  357-block 14
call   29 never executed
    $$$$$:  357-block 15
    $$$$$:  357-block 16
call   30 never executed
    $$$$$:  357-block 17
    $$$$$:  357-block 18
call   31 never executed
    #####:  358:}
------------------
        -:  359:
    #####:  360:TEST_F(StringValidatorTest, ToLower_InvalidUTF8Sequences) {
    #####:  361:    std::string incomplete = "при";
    #####:  362:    incomplete.pop_back();
    #####:  363:    std::string result = string_validator::to_lower(incomplete);
    #####:  364:    EXPECT_FALSE(result.empty());
    #####:  365:}
------------------
_ZN53StringValidatorTest_ToLower_InvalidUTF8Sequences_TestC1Ev:
function _ZN53StringValidatorTest_ToLower_InvalidUTF8Sequences_TestC1Ev called 0 returned 0% blocks executed 0%
    #####:  360:TEST_F(StringValidatorTest, ToLower_InvalidUTF8Sequences) {
    %%%%%:  360-block  0
call    0 never executed
------------------
_ZN53StringValidatorTest_ToLower_InvalidUTF8Sequences_TestD0Ev:
function _ZN53StringValidatorTest_ToLower_InvalidUTF8Sequences_TestD0Ev called 0 returned 0% blocks executed 0%
    #####:  360:TEST_F(StringValidatorTest, ToLower_InvalidUTF8Sequences) {
    %%%%%:  360-block  0
call    0 never executed
call    1 never executed
------------------
_ZN53StringValidatorTest_ToLower_InvalidUTF8Sequences_TestD1Ev:
function _ZN53StringValidatorTest_ToLower_InvalidUTF8Sequences_TestD1Ev called 0 returned 0% blocks executed 0%
    #####:  360:TEST_F(StringValidatorTest, ToLower_InvalidUTF8Sequences) {
    %%%%%:  360-block  0
call    0 never executed
------------------
_ZN53StringValidatorTest_ToLower_InvalidUTF8Sequences_Test8TestBodyEv:
function _ZN53StringValidatorTest_ToLower_InvalidUTF8Sequences_Test8TestBodyEv called 0 returned 0% blocks executed 0%
    #####:  360:TEST_F(StringValidatorTest, ToLower_InvalidUTF8Sequences) {
    %%%%%:  360-block  0
    #####:  361:    std::string incomplete = "при";
    %%%%%:  361-block  0
call    0 never executed
branch  1 never executed (fallthrough)
branch  2 never executed (throw)
    $$$$$:  361-block  1
    #####:  362:    incomplete.pop_back();
call    0 never executed
    #####:  363:    std::string result = string_validator::to_lower(incomplete);
call    0 never executed
branch  1 never executed (fallthrough)
branch  2 never executed (throw)
    #####:  364:    EXPECT_FALSE(result.empty());
    %%%%%:  364-block  0
call    0 never executed
call    1 never executed
call    2 never executed
branch  3 never executed (fallthrough)
branch  4 never executed
    %%%%%:  364-block  1
call    5 never executed
branch  6 never executed (fallthrough)
branch  7 never executed (throw)
    %%%%%:  364-block  2
call    8 never executed
branch  9 never executed (fallthrough)
branch 10 never executed (throw)
    %%%%%:  364-block  3
call   11 never executed
call   12 never executed
branch 13 never executed (fallthrough)
branch 14 never executed (throw)
    %%%%%:  364-block  4
call   15 never executed
branch 16 never executed (fallthrough)
branch 17 never executed (throw)
    %%%%%:  364-block  5
call   18 never executed
call   19 never executed
call   20 never executed
    %%%%%:  364-block  6
call   21 never executed
    $$$$$:  364-block  7
call   22 never executed
    $$$$$:  364-block  8
call   23 never executed
    $$$$$:  364-block  9
    $$$$$:  364-block 10
    $$$$$:  364-block 11
call   24 never executed
    $$$$$:  364-block 12
    $$$$$:  364-block 13
call   25 never executed
    #####:  365:}
call    0 never executed
call    1 never executed
    $$$$$:  365-block  0
call    2 never executed
    $$$$$:  365-block  1
call    3 never executed
------------------
        -:  366:
